<?xml version="1.0" encoding="UTF-8"?>
<coverage generated="1574121274212" clover="3.2.0">
  <project timestamp="1574121274212" name="All files">
    <metrics statements="324" coveredstatements="146" conditionals="150" coveredconditionals="57" methods="79" coveredmethods="29" elements="553" coveredelements="232" complexity="0" loc="324" ncloc="324" packages="1" files="2" classes="2"/>
    <file name="REST_API.js" path="/Users/adamdixon/cpen321/testing/REST_API.js">
      <metrics statements="319" coveredstatements="141" conditionals="150" coveredconditionals="57" methods="78" coveredmethods="28"/>
      <line num="1" count="3" type="stmt"/>
      <line num="2" count="3" type="stmt"/>
      <line num="4" count="3" type="stmt"/>
      <line num="5" count="3" type="stmt"/>
      <line num="10" count="3" type="stmt"/>
      <line num="11" count="25" type="stmt"/>
      <line num="14" count="3" type="stmt"/>
      <line num="15" count="17" type="stmt"/>
      <line num="22" count="3" type="stmt"/>
      <line num="23" count="3" type="cond" truecount="1" falsecount="1"/>
      <line num="25" count="3" type="stmt"/>
      <line num="26" count="3" type="stmt"/>
      <line num="29" count="3" type="stmt"/>
      <line num="30" count="3" type="cond" truecount="1" falsecount="1"/>
      <line num="33" count="3" type="stmt"/>
      <line num="34" count="3" type="cond" truecount="1" falsecount="1"/>
      <line num="37" count="3" type="stmt"/>
      <line num="38" count="3" type="cond" truecount="1" falsecount="1"/>
      <line num="42" count="3" type="stmt"/>
      <line num="43" count="3" type="cond" truecount="1" falsecount="1"/>
      <line num="52" count="3" type="stmt"/>
      <line num="60" count="0" type="stmt"/>
      <line num="61" count="0" type="stmt"/>
      <line num="62" count="0" type="stmt"/>
      <line num="63" count="0" type="stmt"/>
      <line num="64" count="0" type="cond" truecount="0" falsecount="2"/>
      <line num="65" count="0" type="stmt"/>
      <line num="66" count="0" type="stmt"/>
      <line num="67" count="0" type="stmt"/>
      <line num="69" count="0" type="stmt"/>
      <line num="70" count="0" type="stmt"/>
      <line num="72" count="0" type="stmt"/>
      <line num="80" count="0" type="stmt"/>
      <line num="83" count="0" type="stmt"/>
      <line num="84" count="0" type="stmt"/>
      <line num="86" count="0" type="stmt"/>
      <line num="87" count="0" type="stmt"/>
      <line num="90" count="0" type="stmt"/>
      <line num="93" count="0" type="stmt"/>
      <line num="95" count="0" type="stmt"/>
      <line num="96" count="0" type="stmt"/>
      <line num="97" count="0" type="stmt"/>
      <line num="100" count="0" type="stmt"/>
      <line num="103" count="0" type="cond" truecount="0" falsecount="2"/>
      <line num="107" count="0" type="stmt"/>
      <line num="108" count="0" type="stmt"/>
      <line num="109" count="0" type="stmt"/>
      <line num="110" count="0" type="stmt"/>
      <line num="111" count="0" type="cond" truecount="0" falsecount="2"/>
      <line num="112" count="0" type="stmt"/>
      <line num="116" count="0" type="stmt"/>
      <line num="171" count="0" type="stmt"/>
      <line num="174" count="0" type="stmt"/>
      <line num="175" count="0" type="stmt"/>
      <line num="176" count="0" type="cond" truecount="0" falsecount="2"/>
      <line num="177" count="0" type="stmt"/>
      <line num="187" count="0" type="stmt"/>
      <line num="189" count="0" type="stmt"/>
      <line num="190" count="0" type="cond" truecount="0" falsecount="2"/>
      <line num="191" count="0" type="stmt"/>
      <line num="192" count="0" type="stmt"/>
      <line num="193" count="0" type="stmt"/>
      <line num="194" count="0" type="stmt"/>
      <line num="195" count="0" type="stmt"/>
      <line num="196" count="0" type="stmt"/>
      <line num="201" count="0" type="cond" truecount="0" falsecount="2"/>
      <line num="204" count="0" type="stmt"/>
      <line num="205" count="0" type="stmt"/>
      <line num="206" count="0" type="cond" truecount="0" falsecount="2"/>
      <line num="225" count="3" type="stmt"/>
      <line num="227" count="5" type="stmt"/>
      <line num="229" count="5" type="cond" truecount="2" falsecount="0"/>
      <line num="230" count="1" type="stmt"/>
      <line num="231" count="1" type="stmt"/>
      <line num="233" count="4" type="cond" truecount="2" falsecount="0"/>
      <line num="234" count="1" type="stmt"/>
      <line num="235" count="1" type="stmt"/>
      <line num="237" count="3" type="cond" truecount="4" falsecount="0"/>
      <line num="238" count="1" type="stmt"/>
      <line num="239" count="1" type="stmt"/>
      <line num="243" count="2" type="stmt"/>
      <line num="245" count="2" type="cond" truecount="2" falsecount="0"/>
      <line num="246" count="1" type="stmt"/>
      <line num="247" count="1" type="stmt"/>
      <line num="250" count="1" type="stmt"/>
      <line num="258" count="1" type="cond" truecount="1" falsecount="1"/>
      <line num="259" count="1" type="stmt"/>
      <line num="277" count="3" type="stmt"/>
      <line num="279" count="1" type="stmt"/>
      <line num="281" count="1" type="stmt"/>
      <line num="282" count="1" type="cond" truecount="1" falsecount="1"/>
      <line num="283" count="1" type="stmt"/>
      <line num="284" count="1" type="stmt"/>
      <line num="286" count="0" type="stmt"/>
      <line num="303" count="3" type="stmt"/>
      <line num="304" count="2" type="stmt"/>
      <line num="305" count="2" type="stmt"/>
      <line num="308" count="2" type="stmt"/>
      <line num="310" count="2" type="cond" truecount="2" falsecount="0"/>
      <line num="311" count="1" type="stmt"/>
      <line num="312" count="1" type="stmt"/>
      <line num="315" count="1" type="cond" truecount="1" falsecount="1"/>
      <line num="316" count="1" type="stmt"/>
      <line num="317" count="1" type="stmt"/>
      <line num="320" count="0" type="cond" truecount="0" falsecount="2"/>
      <line num="321" count="0" type="stmt"/>
      <line num="322" count="0" type="stmt"/>
      <line num="326" count="0" type="stmt"/>
      <line num="327" count="0" type="cond" truecount="0" falsecount="2"/>
      <line num="328" count="0" type="stmt"/>
      <line num="353" count="3" type="stmt"/>
      <line num="354" count="3" type="cond" truecount="2" falsecount="0"/>
      <line num="355" count="1" type="stmt"/>
      <line num="356" count="1" type="stmt"/>
      <line num="358" count="2" type="stmt"/>
      <line num="359" count="2" type="cond" truecount="2" falsecount="0"/>
      <line num="360" count="1" type="stmt"/>
      <line num="361" count="1" type="stmt"/>
      <line num="363" count="1" type="cond" truecount="1" falsecount="1"/>
      <line num="364" count="1" type="stmt"/>
      <line num="385" count="3" type="stmt"/>
      <line num="388" count="8" type="stmt"/>
      <line num="390" count="8" type="cond" truecount="2" falsecount="0"/>
      <line num="391" count="4" type="stmt"/>
      <line num="392" count="4" type="stmt"/>
      <line num="395" count="4" type="cond" truecount="4" falsecount="0"/>
      <line num="396" count="1" type="stmt"/>
      <line num="397" count="1" type="stmt"/>
      <line num="400" count="3" type="cond" truecount="1" falsecount="1"/>
      <line num="401" count="0" type="stmt"/>
      <line num="402" count="0" type="stmt"/>
      <line num="405" count="3" type="stmt"/>
      <line num="406" count="3" type="stmt"/>
      <line num="421" count="3" type="cond" truecount="1" falsecount="1"/>
      <line num="422" count="3" type="stmt"/>
      <line num="445" count="3" type="stmt"/>
      <line num="446" count="5" type="stmt"/>
      <line num="447" count="5" type="stmt"/>
      <line num="459" count="5" type="stmt"/>
      <line num="460" count="5" type="cond" truecount="2" falsecount="0"/>
      <line num="461" count="1" type="stmt"/>
      <line num="462" count="1" type="stmt"/>
      <line num="465" count="4" type="cond" truecount="2" falsecount="0"/>
      <line num="466" count="2" type="stmt"/>
      <line num="467" count="2" type="stmt"/>
      <line num="470" count="2" type="cond" truecount="4" falsecount="0"/>
      <line num="471" count="1" type="stmt"/>
      <line num="472" count="1" type="stmt"/>
      <line num="475" count="1" type="cond" truecount="1" falsecount="1"/>
      <line num="476" count="0" type="stmt"/>
      <line num="477" count="0" type="stmt"/>
      <line num="480" count="1" type="stmt"/>
      <line num="481" count="1" type="cond" truecount="1" falsecount="1"/>
      <line num="482" count="1" type="stmt"/>
      <line num="497" count="3" type="stmt"/>
      <line num="498" count="2" type="stmt"/>
      <line num="500" count="2" type="cond" truecount="2" falsecount="0"/>
      <line num="501" count="1" type="stmt"/>
      <line num="502" count="1" type="stmt"/>
      <line num="505" count="1" type="stmt"/>
      <line num="506" count="1" type="cond" truecount="1" falsecount="1"/>
      <line num="507" count="1" type="stmt"/>
      <line num="527" count="3" type="stmt"/>
      <line num="531" count="0" type="stmt"/>
      <line num="534" count="0" type="stmt"/>
      <line num="535" count="0" type="cond" truecount="0" falsecount="2"/>
      <line num="537" count="0" type="stmt"/>
      <line num="539" count="0" type="stmt"/>
      <line num="542" count="0" type="stmt"/>
      <line num="544" count="0" type="cond" truecount="0" falsecount="2"/>
      <line num="545" count="0" type="stmt"/>
      <line num="546" count="0" type="stmt"/>
      <line num="549" count="0" type="stmt"/>
      <line num="550" count="0" type="stmt"/>
      <line num="555" count="0" type="stmt"/>
      <line num="560" count="0" type="stmt"/>
      <line num="561" count="0" type="cond" truecount="0" falsecount="2"/>
      <line num="563" count="0" type="stmt"/>
      <line num="570" count="0" type="stmt"/>
      <line num="572" count="0" type="stmt"/>
      <line num="574" count="0" type="stmt"/>
      <line num="576" count="0" type="stmt"/>
      <line num="577" count="0" type="stmt"/>
      <line num="578" count="0" type="cond" truecount="0" falsecount="2"/>
      <line num="579" count="0" type="stmt"/>
      <line num="580" count="0" type="stmt"/>
      <line num="582" count="0" type="stmt"/>
      <line num="583" count="0" type="cond" truecount="0" falsecount="2"/>
      <line num="585" count="0" type="stmt"/>
      <line num="602" count="0" type="cond" truecount="0" falsecount="2"/>
      <line num="605" count="0" type="stmt"/>
      <line num="607" count="0" type="stmt"/>
      <line num="609" count="0" type="stmt"/>
      <line num="610" count="0" type="stmt"/>
      <line num="615" count="0" type="stmt"/>
      <line num="618" count="0" type="stmt"/>
      <line num="621" count="0" type="stmt"/>
      <line num="624" count="3" type="stmt"/>
      <line num="625" count="5" type="stmt"/>
      <line num="626" count="5" type="stmt"/>
      <line num="628" count="5" type="cond" truecount="2" falsecount="0"/>
      <line num="629" count="1" type="stmt"/>
      <line num="630" count="1" type="stmt"/>
      <line num="633" count="4" type="cond" truecount="4" falsecount="0"/>
      <line num="634" count="1" type="stmt"/>
      <line num="635" count="1" type="stmt"/>
      <line num="643" count="3" type="stmt"/>
      <line num="644" count="3" type="cond" truecount="1" falsecount="1"/>
      <line num="645" count="3" type="cond" truecount="1" falsecount="1"/>
      <line num="646" count="3" type="stmt"/>
      <line num="647" count="3" type="stmt"/>
      <line num="649" count="0" type="stmt"/>
      <line num="652" count="0" type="stmt"/>
      <line num="653" count="0" type="cond" truecount="0" falsecount="2"/>
      <line num="654" count="0" type="cond" truecount="0" falsecount="2"/>
      <line num="655" count="0" type="stmt"/>
      <line num="656" count="0" type="stmt"/>
      <line num="658" count="0" type="stmt"/>
      <line num="660" count="0" type="stmt"/>
      <line num="663" count="0" type="stmt"/>
      <line num="664" count="0" type="cond" truecount="0" falsecount="2"/>
      <line num="667" count="0" type="stmt"/>
      <line num="668" count="0" type="cond" truecount="0" falsecount="2"/>
      <line num="670" count="0" type="stmt"/>
      <line num="681" count="3" type="stmt"/>
      <line num="683" count="1" type="cond" truecount="1" falsecount="1"/>
      <line num="684" count="0" type="stmt"/>
      <line num="685" count="0" type="stmt"/>
      <line num="688" count="1" type="stmt"/>
      <line num="691" count="1" type="stmt"/>
      <line num="692" count="1" type="cond" truecount="1" falsecount="1"/>
      <line num="693" count="1" type="cond" truecount="1" falsecount="1"/>
      <line num="694" count="1" type="stmt"/>
      <line num="697" count="1" type="stmt"/>
      <line num="699" count="0" type="cond" truecount="0" falsecount="2"/>
      <line num="701" count="0" type="stmt"/>
      <line num="708" count="1" type="stmt"/>
      <line num="716" count="3" type="stmt"/>
      <line num="717" count="0" type="stmt"/>
      <line num="718" count="0" type="cond" truecount="0" falsecount="2"/>
      <line num="719" count="0" type="stmt"/>
      <line num="728" count="3" type="stmt"/>
      <line num="729" count="0" type="stmt"/>
      <line num="730" count="0" type="stmt"/>
      <line num="731" count="0" type="cond" truecount="0" falsecount="6"/>
      <line num="732" count="0" type="stmt"/>
      <line num="737" count="3" type="stmt"/>
      <line num="738" count="0" type="stmt"/>
      <line num="740" count="0" type="stmt"/>
      <line num="744" count="3" type="stmt"/>
      <line num="745" count="0" type="stmt"/>
      <line num="747" count="0" type="stmt"/>
      <line num="751" count="3" type="stmt"/>
      <line num="752" count="0" type="stmt"/>
      <line num="754" count="0" type="stmt"/>
      <line num="758" count="3" type="stmt"/>
      <line num="759" count="0" type="stmt"/>
      <line num="761" count="0" type="stmt"/>
      <line num="766" count="3" type="stmt"/>
      <line num="767" count="0" type="stmt"/>
      <line num="769" count="0" type="stmt"/>
      <line num="773" count="3" type="stmt"/>
      <line num="774" count="0" type="stmt"/>
      <line num="776" count="0" type="stmt"/>
      <line num="796" count="3" type="stmt"/>
      <line num="797" count="0" type="stmt"/>
      <line num="799" count="0" type="stmt"/>
      <line num="800" count="0" type="cond" truecount="0" falsecount="2"/>
      <line num="801" count="0" type="stmt"/>
      <line num="802" count="0" type="stmt"/>
      <line num="804" count="0" type="cond" truecount="0" falsecount="2"/>
      <line num="805" count="0" type="stmt"/>
      <line num="821" count="3" type="stmt"/>
      <line num="822" count="0" type="stmt"/>
      <line num="823" count="0" type="stmt"/>
      <line num="824" count="0" type="cond" truecount="0" falsecount="2"/>
      <line num="825" count="0" type="cond" truecount="0" falsecount="2"/>
      <line num="826" count="0" type="stmt"/>
      <line num="827" count="0" type="stmt"/>
      <line num="829" count="0" type="stmt"/>
      <line num="836" count="3" type="stmt"/>
      <line num="838" count="0" type="cond" truecount="0" falsecount="2"/>
      <line num="839" count="0" type="stmt"/>
      <line num="840" count="0" type="stmt"/>
      <line num="843" count="0" type="stmt"/>
      <line num="845" count="0" type="cond" truecount="0" falsecount="2"/>
      <line num="846" count="0" type="stmt"/>
      <line num="847" count="0" type="stmt"/>
      <line num="851" count="0" type="stmt"/>
      <line num="858" count="0" type="cond" truecount="0" falsecount="2"/>
      <line num="862" count="0" type="stmt"/>
      <line num="871" count="0" type="cond" truecount="0" falsecount="2"/>
      <line num="873" count="0" type="stmt"/>
      <line num="888" count="3" type="stmt"/>
      <line num="890" count="0" type="stmt"/>
      <line num="892" count="0" type="stmt"/>
      <line num="901" count="0" type="cond" truecount="0" falsecount="2"/>
      <line num="903" count="0" type="stmt"/>
      <line num="907" count="0" type="stmt"/>
      <line num="908" count="0" type="stmt"/>
      <line num="909" count="0" type="stmt"/>
      <line num="910" count="0" type="cond" truecount="0" falsecount="2"/>
      <line num="911" count="0" type="stmt"/>
      <line num="912" count="0" type="stmt"/>
      <line num="914" count="0" type="cond" truecount="0" falsecount="2"/>
      <line num="915" count="0" type="stmt"/>
      <line num="924" count="3" type="stmt"/>
      <line num="927" count="0" type="stmt"/>
      <line num="928" count="0" type="stmt"/>
      <line num="931" count="0" type="stmt"/>
      <line num="932" count="0" type="stmt"/>
      <line num="933" count="0" type="cond" truecount="0" falsecount="2"/>
      <line num="934" count="0" type="stmt"/>
      <line num="944" count="3" type="stmt"/>
      <line num="949" count="0" type="stmt"/>
      <line num="952" count="0" type="stmt"/>
      <line num="953" count="0" type="stmt"/>
      <line num="954" count="0" type="cond" truecount="0" falsecount="2"/>
      <line num="955" count="0" type="stmt"/>
    </file>
    <file name="server.js" path="/Users/adamdixon/cpen321/testing/server.js">
      <metrics statements="5" coveredstatements="5" conditionals="0" coveredconditionals="0" methods="1" coveredmethods="1"/>
      <line num="2" count="1" type="stmt"/>
      <line num="3" count="1" type="stmt"/>
      <line num="8" count="1" type="stmt"/>
      <line num="10" count="1" type="stmt"/>
      <line num="11" count="1" type="stmt"/>
    </file>
  </project>
</coverage>
