<?xml version="1.0" encoding="UTF-8"?>
<coverage generated="1574726392010" clover="3.2.0">
  <project timestamp="1574726392011" name="All files">
    <metrics statements="363" coveredstatements="289" conditionals="168" coveredconditionals="105" methods="86" coveredmethods="63" elements="617" coveredelements="457" complexity="0" loc="363" ncloc="363" packages="1" files="1" classes="1"/>
    <file name="REST_API.js" path="/Users/adamdixon/cpen321/testing/REST_API.js">
      <metrics statements="363" coveredstatements="289" conditionals="168" coveredconditionals="105" methods="86" coveredmethods="63"/>
      <line num="1" count="3" type="stmt"/>
      <line num="2" count="3" type="stmt"/>
      <line num="4" count="3" type="stmt"/>
      <line num="5" count="3" type="stmt"/>
      <line num="10" count="3" type="stmt"/>
      <line num="11" count="125" type="stmt"/>
      <line num="14" count="3" type="stmt"/>
      <line num="15" count="46" type="stmt"/>
      <line num="22" count="3" type="stmt"/>
      <line num="23" count="3" type="cond" truecount="1" falsecount="1"/>
      <line num="25" count="3" type="stmt"/>
      <line num="26" count="3" type="stmt"/>
      <line num="29" count="3" type="stmt"/>
      <line num="30" count="3" type="cond" truecount="1" falsecount="1"/>
      <line num="33" count="3" type="stmt"/>
      <line num="34" count="3" type="cond" truecount="1" falsecount="1"/>
      <line num="37" count="3" type="stmt"/>
      <line num="38" count="3" type="cond" truecount="1" falsecount="1"/>
      <line num="42" count="3" type="stmt"/>
      <line num="43" count="3" type="cond" truecount="1" falsecount="1"/>
      <line num="52" count="3" type="stmt"/>
      <line num="60" count="2" type="stmt"/>
      <line num="61" count="0" type="stmt"/>
      <line num="62" count="0" type="stmt"/>
      <line num="63" count="0" type="stmt"/>
      <line num="64" count="0" type="cond" truecount="0" falsecount="2"/>
      <line num="65" count="0" type="stmt"/>
      <line num="66" count="0" type="stmt"/>
      <line num="67" count="0" type="stmt"/>
      <line num="69" count="0" type="stmt"/>
      <line num="70" count="0" type="stmt"/>
      <line num="72" count="2" type="stmt"/>
      <line num="78" count="2" type="stmt"/>
      <line num="79" count="2" type="stmt"/>
      <line num="80" count="2" type="stmt"/>
      <line num="82" count="2" type="stmt"/>
      <line num="85" count="2" type="stmt"/>
      <line num="86" count="0" type="stmt"/>
      <line num="88" count="2" type="stmt"/>
      <line num="89" count="0" type="stmt"/>
      <line num="92" count="0" type="stmt"/>
      <line num="95" count="2" type="stmt"/>
      <line num="97" count="2" type="stmt"/>
      <line num="98" count="2" type="stmt"/>
      <line num="99" count="0" type="stmt"/>
      <line num="102" count="2" type="stmt"/>
      <line num="105" count="0" type="cond" truecount="0" falsecount="2"/>
      <line num="109" count="2" type="stmt"/>
      <line num="110" count="2" type="stmt"/>
      <line num="111" count="0" type="stmt"/>
      <line num="112" count="0" type="stmt"/>
      <line num="113" count="0" type="cond" truecount="0" falsecount="2"/>
      <line num="114" count="0" type="stmt"/>
      <line num="118" count="2" type="stmt"/>
      <line num="173" count="6" type="stmt"/>
      <line num="176" count="6" type="stmt"/>
      <line num="177" count="6" type="stmt"/>
      <line num="178" count="6" type="cond" truecount="1" falsecount="1"/>
      <line num="179" count="6" type="stmt"/>
      <line num="189" count="6" type="stmt"/>
      <line num="191" count="6" type="stmt"/>
      <line num="192" count="6" type="cond" truecount="1" falsecount="1"/>
      <line num="193" count="6" type="stmt"/>
      <line num="194" count="6" type="stmt"/>
      <line num="195" count="6" type="stmt"/>
      <line num="196" count="6" type="stmt"/>
      <line num="197" count="6" type="stmt"/>
      <line num="198" count="6" type="stmt"/>
      <line num="203" count="6" type="cond" truecount="1" falsecount="1"/>
      <line num="206" count="6" type="stmt"/>
      <line num="207" count="6" type="stmt"/>
      <line num="208" count="6" type="cond" truecount="1" falsecount="1"/>
      <line num="227" count="3" type="stmt"/>
      <line num="229" count="11" type="stmt"/>
      <line num="231" count="11" type="cond" truecount="1" falsecount="1"/>
      <line num="232" count="0" type="stmt"/>
      <line num="233" count="0" type="stmt"/>
      <line num="235" count="11" type="cond" truecount="2" falsecount="0"/>
      <line num="236" count="1" type="stmt"/>
      <line num="237" count="1" type="stmt"/>
      <line num="239" count="10" type="cond" truecount="4" falsecount="0"/>
      <line num="240" count="1" type="stmt"/>
      <line num="241" count="1" type="stmt"/>
      <line num="245" count="9" type="stmt"/>
      <line num="247" count="9" type="cond" truecount="2" falsecount="0"/>
      <line num="248" count="1" type="stmt"/>
      <line num="249" count="1" type="stmt"/>
      <line num="252" count="8" type="stmt"/>
      <line num="260" count="8" type="cond" truecount="1" falsecount="1"/>
      <line num="261" count="8" type="stmt"/>
      <line num="279" count="3" type="stmt"/>
      <line num="281" count="7" type="stmt"/>
      <line num="283" count="7" type="stmt"/>
      <line num="284" count="7" type="cond" truecount="2" falsecount="0"/>
      <line num="285" count="1" type="stmt"/>
      <line num="286" count="1" type="stmt"/>
      <line num="288" count="6" type="stmt"/>
      <line num="305" count="3" type="stmt"/>
      <line num="306" count="5" type="stmt"/>
      <line num="307" count="5" type="stmt"/>
      <line num="310" count="5" type="stmt"/>
      <line num="312" count="5" type="cond" truecount="2" falsecount="0"/>
      <line num="313" count="1" type="stmt"/>
      <line num="314" count="1" type="stmt"/>
      <line num="317" count="4" type="cond" truecount="2" falsecount="0"/>
      <line num="318" count="1" type="stmt"/>
      <line num="319" count="1" type="stmt"/>
      <line num="322" count="3" type="cond" truecount="2" falsecount="0"/>
      <line num="323" count="1" type="stmt"/>
      <line num="324" count="1" type="stmt"/>
      <line num="328" count="2" type="stmt"/>
      <line num="329" count="2" type="cond" truecount="1" falsecount="1"/>
      <line num="330" count="2" type="stmt"/>
      <line num="355" count="3" type="stmt"/>
      <line num="356" count="3" type="cond" truecount="2" falsecount="0"/>
      <line num="357" count="1" type="stmt"/>
      <line num="358" count="1" type="stmt"/>
      <line num="360" count="2" type="stmt"/>
      <line num="361" count="2" type="cond" truecount="2" falsecount="0"/>
      <line num="362" count="1" type="stmt"/>
      <line num="363" count="1" type="stmt"/>
      <line num="365" count="1" type="cond" truecount="1" falsecount="1"/>
      <line num="366" count="1" type="stmt"/>
      <line num="387" count="3" type="stmt"/>
      <line num="390" count="27" type="stmt"/>
      <line num="392" count="27" type="cond" truecount="2" falsecount="0"/>
      <line num="393" count="1" type="stmt"/>
      <line num="394" count="1" type="stmt"/>
      <line num="397" count="26" type="cond" truecount="4" falsecount="0"/>
      <line num="398" count="1" type="stmt"/>
      <line num="399" count="1" type="stmt"/>
      <line num="402" count="25" type="cond" truecount="1" falsecount="1"/>
      <line num="403" count="0" type="stmt"/>
      <line num="404" count="0" type="stmt"/>
      <line num="407" count="25" type="stmt"/>
      <line num="408" count="25" type="stmt"/>
      <line num="423" count="25" type="cond" truecount="1" falsecount="1"/>
      <line num="424" count="25" type="stmt"/>
      <line num="447" count="3" type="stmt"/>
      <line num="448" count="5" type="stmt"/>
      <line num="449" count="5" type="stmt"/>
      <line num="460" count="5" type="cond" truecount="2" falsecount="0"/>
      <line num="461" count="1" type="stmt"/>
      <line num="462" count="1" type="stmt"/>
      <line num="464" count="4" type="cond" truecount="1" falsecount="1"/>
      <line num="465" count="0" type="stmt"/>
      <line num="466" count="0" type="stmt"/>
      <line num="468" count="4" type="cond" truecount="2" falsecount="0"/>
      <line num="469" count="1" type="stmt"/>
      <line num="470" count="1" type="stmt"/>
      <line num="473" count="3" type="cond" truecount="4" falsecount="0"/>
      <line num="474" count="1" type="stmt"/>
      <line num="475" count="1" type="stmt"/>
      <line num="478" count="2" type="stmt"/>
      <line num="480" count="2" type="cond" truecount="2" falsecount="0"/>
      <line num="481" count="1" type="stmt"/>
      <line num="482" count="1" type="stmt"/>
      <line num="485" count="1" type="stmt"/>
      <line num="486" count="1" type="stmt"/>
      <line num="501" count="3" type="stmt"/>
      <line num="502" count="2" type="stmt"/>
      <line num="504" count="2" type="cond" truecount="2" falsecount="0"/>
      <line num="505" count="1" type="stmt"/>
      <line num="506" count="1" type="stmt"/>
      <line num="509" count="1" type="stmt"/>
      <line num="510" count="1" type="cond" truecount="1" falsecount="1"/>
      <line num="511" count="1" type="stmt"/>
      <line num="535" count="3" type="stmt"/>
      <line num="538" count="2" type="stmt"/>
      <line num="539" count="2" type="stmt"/>
      <line num="540" count="2" type="cond" truecount="1" falsecount="1"/>
      <line num="542" count="2" type="stmt"/>
      <line num="543" count="2" type="stmt"/>
      <line num="544" count="2" type="stmt"/>
      <line num="545" count="2" type="stmt"/>
      <line num="550" count="2" type="stmt"/>
      <line num="553" count="2" type="stmt"/>
      <line num="554" count="2" type="cond" truecount="1" falsecount="1"/>
      <line num="556" count="2" type="stmt"/>
      <line num="558" count="2" type="stmt"/>
      <line num="561" count="2" type="stmt"/>
      <line num="563" count="2" type="cond" truecount="1" falsecount="1"/>
      <line num="564" count="0" type="stmt"/>
      <line num="565" count="0" type="stmt"/>
      <line num="568" count="2" type="stmt"/>
      <line num="569" count="2" type="stmt"/>
      <line num="574" count="2" type="stmt"/>
      <line num="579" count="2" type="stmt"/>
      <line num="580" count="2" type="cond" truecount="1" falsecount="1"/>
      <line num="582" count="2" type="stmt"/>
      <line num="589" count="2" type="stmt"/>
      <line num="591" count="2" type="stmt"/>
      <line num="593" count="2" type="stmt"/>
      <line num="595" count="2" type="stmt"/>
      <line num="596" count="2" type="stmt"/>
      <line num="597" count="2" type="cond" truecount="1" falsecount="1"/>
      <line num="598" count="0" type="stmt"/>
      <line num="599" count="0" type="stmt"/>
      <line num="601" count="2" type="stmt"/>
      <line num="602" count="2" type="cond" truecount="1" falsecount="1"/>
      <line num="604" count="2" type="stmt"/>
      <line num="621" count="0" type="cond" truecount="0" falsecount="2"/>
      <line num="624" count="0" type="stmt"/>
      <line num="626" count="0" type="stmt"/>
      <line num="628" count="0" type="stmt"/>
      <line num="629" count="0" type="stmt"/>
      <line num="634" count="0" type="stmt"/>
      <line num="637" count="0" type="stmt"/>
      <line num="640" count="0" type="stmt"/>
      <line num="643" count="3" type="stmt"/>
      <line num="644" count="8" type="stmt"/>
      <line num="645" count="8" type="stmt"/>
      <line num="647" count="8" type="cond" truecount="2" falsecount="0"/>
      <line num="648" count="1" type="stmt"/>
      <line num="649" count="1" type="stmt"/>
      <line num="652" count="7" type="cond" truecount="4" falsecount="0"/>
      <line num="653" count="1" type="stmt"/>
      <line num="654" count="1" type="stmt"/>
      <line num="662" count="6" type="stmt"/>
      <line num="663" count="6" type="cond" truecount="1" falsecount="1"/>
      <line num="664" count="6" type="cond" truecount="2" falsecount="0"/>
      <line num="665" count="2" type="stmt"/>
      <line num="666" count="2" type="stmt"/>
      <line num="668" count="4" type="stmt"/>
      <line num="671" count="4" type="stmt"/>
      <line num="672" count="4" type="cond" truecount="1" falsecount="1"/>
      <line num="673" count="4" type="cond" truecount="1" falsecount="1"/>
      <line num="674" count="0" type="stmt"/>
      <line num="675" count="0" type="stmt"/>
      <line num="677" count="4" type="stmt"/>
      <line num="681" count="4" type="cond" truecount="2" falsecount="0"/>
      <line num="684" count="2" type="stmt"/>
      <line num="686" count="2" type="stmt"/>
      <line num="688" count="2" type="stmt"/>
      <line num="689" count="2" type="stmt"/>
      <line num="694" count="2" type="stmt"/>
      <line num="697" count="2" type="stmt"/>
      <line num="702" count="4" type="stmt"/>
      <line num="703" count="4" type="cond" truecount="1" falsecount="1"/>
      <line num="706" count="4" type="stmt"/>
      <line num="707" count="4" type="cond" truecount="1" falsecount="1"/>
      <line num="709" count="4" type="stmt"/>
      <line num="710" count="4" type="stmt"/>
      <line num="721" count="3" type="stmt"/>
      <line num="723" count="4" type="cond" truecount="2" falsecount="0"/>
      <line num="724" count="1" type="stmt"/>
      <line num="725" count="1" type="stmt"/>
      <line num="728" count="3" type="stmt"/>
      <line num="731" count="3" type="stmt"/>
      <line num="732" count="3" type="cond" truecount="1" falsecount="1"/>
      <line num="733" count="3" type="cond" truecount="2" falsecount="0"/>
      <line num="734" count="1" type="stmt"/>
      <line num="735" count="1" type="stmt"/>
      <line num="738" count="2" type="stmt"/>
      <line num="740" count="145" type="cond" truecount="2" falsecount="0"/>
      <line num="742" count="2" type="stmt"/>
      <line num="749" count="2" type="stmt"/>
      <line num="750" count="2" type="stmt"/>
      <line num="758" count="3" type="stmt"/>
      <line num="759" count="0" type="stmt"/>
      <line num="760" count="0" type="cond" truecount="0" falsecount="2"/>
      <line num="761" count="0" type="stmt"/>
      <line num="770" count="3" type="stmt"/>
      <line num="771" count="0" type="stmt"/>
      <line num="772" count="0" type="cond" truecount="0" falsecount="2"/>
      <line num="773" count="0" type="cond" truecount="0" falsecount="2"/>
      <line num="774" count="0" type="stmt"/>
      <line num="775" count="0" type="stmt"/>
      <line num="778" count="0" type="stmt"/>
      <line num="779" count="0" type="stmt"/>
      <line num="781" count="0" type="cond" truecount="0" falsecount="6"/>
      <line num="782" count="0" type="stmt"/>
      <line num="783" count="0" type="stmt"/>
      <line num="789" count="3" type="stmt"/>
      <line num="790" count="0" type="stmt"/>
      <line num="792" count="0" type="stmt"/>
      <line num="796" count="3" type="stmt"/>
      <line num="797" count="0" type="stmt"/>
      <line num="799" count="0" type="stmt"/>
      <line num="803" count="3" type="stmt"/>
      <line num="804" count="0" type="stmt"/>
      <line num="806" count="0" type="stmt"/>
      <line num="810" count="3" type="stmt"/>
      <line num="811" count="0" type="stmt"/>
      <line num="813" count="0" type="stmt"/>
      <line num="817" count="3" type="stmt"/>
      <line num="818" count="0" type="stmt"/>
      <line num="820" count="0" type="stmt"/>
      <line num="825" count="3" type="stmt"/>
      <line num="826" count="0" type="stmt"/>
      <line num="828" count="0" type="stmt"/>
      <line num="832" count="3" type="stmt"/>
      <line num="833" count="0" type="stmt"/>
      <line num="835" count="0" type="stmt"/>
      <line num="839" count="3" type="stmt"/>
      <line num="840" count="0" type="stmt"/>
      <line num="842" count="0" type="stmt"/>
      <line num="862" count="3" type="stmt"/>
      <line num="863" count="4" type="stmt"/>
      <line num="866" count="4" type="stmt"/>
      <line num="867" count="4" type="cond" truecount="2" falsecount="0"/>
      <line num="868" count="1" type="stmt"/>
      <line num="869" count="1" type="stmt"/>
      <line num="871" count="3" type="cond" truecount="1" falsecount="1"/>
      <line num="872" count="3" type="stmt"/>
      <line num="888" count="3" type="stmt"/>
      <line num="889" count="1" type="stmt"/>
      <line num="890" count="1" type="stmt"/>
      <line num="891" count="1" type="cond" truecount="1" falsecount="1"/>
      <line num="892" count="1" type="cond" truecount="1" falsecount="1"/>
      <line num="893" count="0" type="stmt"/>
      <line num="894" count="0" type="stmt"/>
      <line num="896" count="1" type="stmt"/>
      <line num="903" count="3" type="stmt"/>
      <line num="905" count="16" type="cond" truecount="2" falsecount="0"/>
      <line num="906" count="1" type="stmt"/>
      <line num="907" count="1" type="stmt"/>
      <line num="910" count="15" type="stmt"/>
      <line num="912" count="15" type="cond" truecount="2" falsecount="0"/>
      <line num="913" count="1" type="stmt"/>
      <line num="914" count="1" type="stmt"/>
      <line num="918" count="14" type="stmt"/>
      <line num="925" count="14" type="cond" truecount="1" falsecount="1"/>
      <line num="929" count="14" type="stmt"/>
      <line num="938" count="14" type="cond" truecount="1" falsecount="1"/>
      <line num="940" count="14" type="stmt"/>
      <line num="955" count="3" type="stmt"/>
      <line num="956" count="3" type="cond" truecount="1" falsecount="1"/>
      <line num="957" count="0" type="stmt"/>
      <line num="958" count="0" type="stmt"/>
      <line num="960" count="3" type="cond" truecount="2" falsecount="0"/>
      <line num="961" count="2" type="stmt"/>
      <line num="962" count="2" type="stmt"/>
      <line num="965" count="1" type="stmt"/>
      <line num="967" count="1" type="stmt"/>
      <line num="976" count="1" type="cond" truecount="1" falsecount="1"/>
      <line num="982" count="1" type="stmt"/>
      <line num="983" count="1" type="stmt"/>
      <line num="988" count="1" type="stmt"/>
      <line num="989" count="1" type="cond" truecount="1" falsecount="1"/>
      <line num="990" count="1" type="stmt"/>
      <line num="999" count="3" type="stmt"/>
      <line num="1003" count="3" type="stmt"/>
      <line num="1004" count="5" type="stmt"/>
      <line num="1007" count="3" type="stmt"/>
      <line num="1008" count="3" type="stmt"/>
      <line num="1009" count="3" type="cond" truecount="1" falsecount="1"/>
      <line num="1010" count="3" type="cond" truecount="2" falsecount="0"/>
      <line num="1011" count="1" type="stmt"/>
      <line num="1012" count="1" type="stmt"/>
      <line num="1014" count="2" type="stmt"/>
      <line num="1015" count="2" type="cond" truecount="1" falsecount="1"/>
      <line num="1016" count="2" type="stmt"/>
      <line num="1026" count="3" type="stmt"/>
      <line num="1034" count="1" type="stmt"/>
      <line num="1035" count="1" type="stmt"/>
      <line num="1036" count="1" type="cond" truecount="1" falsecount="1"/>
      <line num="1037" count="1" type="cond" truecount="1" falsecount="1"/>
      <line num="1038" count="1" type="stmt"/>
      <line num="1039" count="1" type="stmt"/>
      <line num="1041" count="0" type="stmt"/>
      <line num="1042" count="0" type="cond" truecount="0" falsecount="2"/>
      <line num="1043" count="0" type="stmt"/>
    </file>
  </project>
</coverage>
