{"/Users/adamdixon/cpen321/testing/REST_API.js": {"path":"/Users/adamdixon/cpen321/testing/REST_API.js","statementMap":{"0":{"start":{"line":1,"column":16},"end":{"line":1,"column":34}},"1":{"start":{"line":2,"column":17},"end":{"line":2,"column":47}},"2":{"start":{"line":4,"column":12},"end":{"line":4,"column":21}},"3":{"start":{"line":5,"column":0},"end":{"line":5,"column":24}},"4":{"start":{"line":10,"column":18},"end":{"line":12,"column":1}},"5":{"start":{"line":11,"column":4},"end":{"line":11,"column":41}},"6":{"start":{"line":14,"column":30},"end":{"line":16,"column":1}},"7":{"start":{"line":15,"column":4},"end":{"line":15,"column":28}},"8":{"start":{"line":22,"column":0},"end":{"line":51,"column":2}},"9":{"start":{"line":23,"column":2},"end":{"line":23,"column":24}},"10":{"start":{"line":23,"column":12},"end":{"line":23,"column":23}},"11":{"start":{"line":25,"column":2},"end":{"line":25,"column":31}},"12":{"start":{"line":26,"column":2},"end":{"line":26,"column":39}},"13":{"start":{"line":29,"column":2},"end":{"line":32,"column":5}},"14":{"start":{"line":30,"column":4},"end":{"line":30,"column":25}},"15":{"start":{"line":30,"column":14},"end":{"line":30,"column":24}},"16":{"start":{"line":33,"column":2},"end":{"line":36,"column":5}},"17":{"start":{"line":34,"column":4},"end":{"line":34,"column":25}},"18":{"start":{"line":34,"column":14},"end":{"line":34,"column":24}},"19":{"start":{"line":37,"column":2},"end":{"line":39,"column":5}},"20":{"start":{"line":38,"column":4},"end":{"line":38,"column":25}},"21":{"start":{"line":38,"column":14},"end":{"line":38,"column":24}},"22":{"start":{"line":42,"column":2},"end":{"line":45,"column":5}},"23":{"start":{"line":43,"column":4},"end":{"line":43,"column":25}},"24":{"start":{"line":43,"column":14},"end":{"line":43,"column":24}},"25":{"start":{"line":52,"column":0},"end":{"line":52,"column":21}},"26":{"start":{"line":60,"column":4},"end":{"line":71,"column":5}},"27":{"start":{"line":60,"column":16},"end":{"line":60,"column":17}},"28":{"start":{"line":61,"column":17},"end":{"line":61,"column":42}},"29":{"start":{"line":62,"column":17},"end":{"line":62,"column":42}},"30":{"start":{"line":63,"column":16},"end":{"line":63,"column":17}},"31":{"start":{"line":64,"column":8},"end":{"line":68,"column":9}},"32":{"start":{"line":65,"column":12},"end":{"line":65,"column":54}},"33":{"start":{"line":66,"column":12},"end":{"line":66,"column":54}},"34":{"start":{"line":67,"column":12},"end":{"line":67,"column":16}},"35":{"start":{"line":69,"column":8},"end":{"line":69,"column":39}},"36":{"start":{"line":70,"column":8},"end":{"line":70,"column":39}},"37":{"start":{"line":72,"column":4},"end":{"line":72,"column":17}},"38":{"start":{"line":80,"column":16},"end":{"line":80,"column":39}},"39":{"start":{"line":83,"column":4},"end":{"line":85,"column":5}},"40":{"start":{"line":84,"column":8},"end":{"line":84,"column":46}},"41":{"start":{"line":86,"column":4},"end":{"line":91,"column":5}},"42":{"start":{"line":87,"column":8},"end":{"line":89,"column":77}},"43":{"start":{"line":90,"column":8},"end":{"line":90,"column":68}},"44":{"start":{"line":93,"column":4},"end":{"line":93,"column":32}},"45":{"start":{"line":95,"column":14},"end":{"line":95,"column":16}},"46":{"start":{"line":96,"column":4},"end":{"line":98,"column":5}},"47":{"start":{"line":97,"column":7},"end":{"line":97,"column":56}},"48":{"start":{"line":100,"column":4},"end":{"line":100,"column":15}},"49":{"start":{"line":103,"column":4},"end":{"line":103,"column":59}},"50":{"start":{"line":107,"column":26},"end":{"line":107,"column":28}},"51":{"start":{"line":108,"column":4},"end":{"line":115,"column":5}},"52":{"start":{"line":108,"column":16},"end":{"line":108,"column":17}},"53":{"start":{"line":109,"column":20},"end":{"line":109,"column":68}},"54":{"start":{"line":110,"column":8},"end":{"line":114,"column":9}},"55":{"start":{"line":110,"column":20},"end":{"line":110,"column":21}},"56":{"start":{"line":111,"column":12},"end":{"line":113,"column":13}},"57":{"start":{"line":112,"column":16},"end":{"line":112,"column":66}},"58":{"start":{"line":116,"column":4},"end":{"line":116,"column":27}},"59":{"start":{"line":171,"column":16},"end":{"line":173,"column":28}},"60":{"start":{"line":174,"column":20},"end":{"line":174,"column":43}},"61":{"start":{"line":175,"column":4},"end":{"line":178,"column":6}},"62":{"start":{"line":176,"column":8},"end":{"line":176,"column":28}},"63":{"start":{"line":176,"column":18},"end":{"line":176,"column":27}},"64":{"start":{"line":177,"column":8},"end":{"line":177,"column":17}},"65":{"start":{"line":187,"column":16},"end":{"line":188,"column":29}},"66":{"start":{"line":189,"column":4},"end":{"line":208,"column":6}},"67":{"start":{"line":190,"column":8},"end":{"line":190,"column":30}},"68":{"start":{"line":190,"column":18},"end":{"line":190,"column":29}},"69":{"start":{"line":191,"column":22},"end":{"line":191,"column":44}},"70":{"start":{"line":192,"column":19},"end":{"line":192,"column":31}},"71":{"start":{"line":193,"column":22},"end":{"line":193,"column":37}},"72":{"start":{"line":194,"column":26},"end":{"line":194,"column":39}},"73":{"start":{"line":195,"column":16},"end":{"line":195,"column":28}},"74":{"start":{"line":196,"column":16},"end":{"line":196,"column":28}},"75":{"start":{"line":201,"column":8},"end":{"line":201,"column":71}},"76":{"start":{"line":201,"column":33},"end":{"line":201,"column":70}},"77":{"start":{"line":204,"column":20},"end":{"line":204,"column":60}},"78":{"start":{"line":205,"column":8},"end":{"line":207,"column":10}},"79":{"start":{"line":206,"column":12},"end":{"line":206,"column":34}},"80":{"start":{"line":206,"column":22},"end":{"line":206,"column":33}},"81":{"start":{"line":225,"column":0},"end":{"line":262,"column":2}},"82":{"start":{"line":227,"column":20},"end":{"line":227,"column":62}},"83":{"start":{"line":229,"column":4},"end":{"line":240,"column":5}},"84":{"start":{"line":230,"column":8},"end":{"line":230,"column":89}},"85":{"start":{"line":231,"column":8},"end":{"line":231,"column":15}},"86":{"start":{"line":233,"column":9},"end":{"line":240,"column":5}},"87":{"start":{"line":234,"column":8},"end":{"line":234,"column":110}},"88":{"start":{"line":235,"column":8},"end":{"line":235,"column":15}},"89":{"start":{"line":237,"column":9},"end":{"line":240,"column":5}},"90":{"start":{"line":238,"column":8},"end":{"line":238,"column":97}},"91":{"start":{"line":239,"column":8},"end":{"line":239,"column":15}},"92":{"start":{"line":243,"column":4},"end":{"line":261,"column":6}},"93":{"start":{"line":245,"column":8},"end":{"line":248,"column":9}},"94":{"start":{"line":246,"column":12},"end":{"line":246,"column":140}},"95":{"start":{"line":247,"column":12},"end":{"line":247,"column":19}},"96":{"start":{"line":250,"column":8},"end":{"line":260,"column":10}},"97":{"start":{"line":258,"column":9},"end":{"line":258,"column":31}},"98":{"start":{"line":258,"column":19},"end":{"line":258,"column":30}},"99":{"start":{"line":259,"column":9},"end":{"line":259,"column":82}},"100":{"start":{"line":277,"column":0},"end":{"line":289,"column":2}},"101":{"start":{"line":279,"column":20},"end":{"line":279,"column":62}},"102":{"start":{"line":281,"column":4},"end":{"line":288,"column":6}},"103":{"start":{"line":282,"column":8},"end":{"line":287,"column":9}},"104":{"start":{"line":283,"column":12},"end":{"line":283,"column":139}},"105":{"start":{"line":284,"column":12},"end":{"line":284,"column":19}},"106":{"start":{"line":286,"column":12},"end":{"line":286,"column":39}},"107":{"start":{"line":303,"column":0},"end":{"line":331,"column":2}},"108":{"start":{"line":304,"column":20},"end":{"line":304,"column":64}},"109":{"start":{"line":305,"column":20},"end":{"line":305,"column":36}},"110":{"start":{"line":308,"column":4},"end":{"line":330,"column":6}},"111":{"start":{"line":310,"column":8},"end":{"line":313,"column":9}},"112":{"start":{"line":311,"column":12},"end":{"line":311,"column":79}},"113":{"start":{"line":312,"column":12},"end":{"line":312,"column":19}},"114":{"start":{"line":315,"column":8},"end":{"line":318,"column":9}},"115":{"start":{"line":316,"column":12},"end":{"line":316,"column":113}},"116":{"start":{"line":317,"column":12},"end":{"line":317,"column":19}},"117":{"start":{"line":320,"column":8},"end":{"line":323,"column":9}},"118":{"start":{"line":321,"column":12},"end":{"line":321,"column":139}},"119":{"start":{"line":322,"column":12},"end":{"line":322,"column":19}},"120":{"start":{"line":326,"column":8},"end":{"line":329,"column":10}},"121":{"start":{"line":327,"column":12},"end":{"line":327,"column":34}},"122":{"start":{"line":327,"column":22},"end":{"line":327,"column":33}},"123":{"start":{"line":328,"column":12},"end":{"line":328,"column":75}},"124":{"start":{"line":353,"column":0},"end":{"line":366,"column":2}},"125":{"start":{"line":354,"column":4},"end":{"line":357,"column":5}},"126":{"start":{"line":355,"column":8},"end":{"line":355,"column":82}},"127":{"start":{"line":356,"column":8},"end":{"line":356,"column":15}},"128":{"start":{"line":358,"column":4},"end":{"line":365,"column":6}},"129":{"start":{"line":359,"column":8},"end":{"line":362,"column":9}},"130":{"start":{"line":360,"column":12},"end":{"line":360,"column":137}},"131":{"start":{"line":361,"column":12},"end":{"line":361,"column":23}},"132":{"start":{"line":363,"column":8},"end":{"line":363,"column":30}},"133":{"start":{"line":363,"column":18},"end":{"line":363,"column":29}},"134":{"start":{"line":364,"column":12},"end":{"line":364,"column":31}},"135":{"start":{"line":385,"column":0},"end":{"line":425,"column":2}},"136":{"start":{"line":388,"column":4},"end":{"line":424,"column":6}},"137":{"start":{"line":390,"column":8},"end":{"line":393,"column":9}},"138":{"start":{"line":391,"column":12},"end":{"line":391,"column":115}},"139":{"start":{"line":392,"column":12},"end":{"line":392,"column":19}},"140":{"start":{"line":395,"column":8},"end":{"line":398,"column":9}},"141":{"start":{"line":396,"column":12},"end":{"line":396,"column":83}},"142":{"start":{"line":397,"column":12},"end":{"line":397,"column":19}},"143":{"start":{"line":400,"column":8},"end":{"line":403,"column":9}},"144":{"start":{"line":401,"column":12},"end":{"line":401,"column":93}},"145":{"start":{"line":402,"column":12},"end":{"line":402,"column":19}},"146":{"start":{"line":405,"column":17},"end":{"line":405,"column":48}},"147":{"start":{"line":406,"column":8},"end":{"line":423,"column":10}},"148":{"start":{"line":421,"column":9},"end":{"line":421,"column":31}},"149":{"start":{"line":421,"column":19},"end":{"line":421,"column":30}},"150":{"start":{"line":422,"column":12},"end":{"line":422,"column":89}},"151":{"start":{"line":445,"column":0},"end":{"line":485,"column":2}},"152":{"start":{"line":446,"column":16},"end":{"line":446,"column":58}},"153":{"start":{"line":447,"column":20},"end":{"line":457,"column":66}},"154":{"start":{"line":459,"column":4},"end":{"line":484,"column":6}},"155":{"start":{"line":460,"column":8},"end":{"line":463,"column":9}},"156":{"start":{"line":461,"column":12},"end":{"line":461,"column":93}},"157":{"start":{"line":462,"column":12},"end":{"line":462,"column":19}},"158":{"start":{"line":465,"column":8},"end":{"line":468,"column":9}},"159":{"start":{"line":466,"column":12},"end":{"line":466,"column":115}},"160":{"start":{"line":467,"column":12},"end":{"line":467,"column":19}},"161":{"start":{"line":470,"column":8},"end":{"line":473,"column":9}},"162":{"start":{"line":471,"column":12},"end":{"line":471,"column":83}},"163":{"start":{"line":472,"column":12},"end":{"line":472,"column":19}},"164":{"start":{"line":475,"column":8},"end":{"line":478,"column":9}},"165":{"start":{"line":476,"column":12},"end":{"line":476,"column":117}},"166":{"start":{"line":477,"column":12},"end":{"line":477,"column":19}},"167":{"start":{"line":480,"column":8},"end":{"line":483,"column":10}},"168":{"start":{"line":481,"column":13},"end":{"line":481,"column":35}},"169":{"start":{"line":481,"column":23},"end":{"line":481,"column":34}},"170":{"start":{"line":482,"column":13},"end":{"line":482,"column":77}},"171":{"start":{"line":497,"column":0},"end":{"line":509,"column":2}},"172":{"start":{"line":498,"column":16},"end":{"line":498,"column":60}},"173":{"start":{"line":500,"column":4},"end":{"line":503,"column":5}},"174":{"start":{"line":501,"column":8},"end":{"line":501,"column":47}},"175":{"start":{"line":502,"column":8},"end":{"line":502,"column":15}},"176":{"start":{"line":505,"column":4},"end":{"line":508,"column":6}},"177":{"start":{"line":506,"column":8},"end":{"line":506,"column":30}},"178":{"start":{"line":506,"column":18},"end":{"line":506,"column":29}},"179":{"start":{"line":507,"column":8},"end":{"line":507,"column":49}},"180":{"start":{"line":527,"column":0},"end":{"line":587,"column":2}},"181":{"start":{"line":531,"column":16},"end":{"line":532,"column":38}},"182":{"start":{"line":534,"column":4},"end":{"line":586,"column":18}},"183":{"start":{"line":535,"column":8},"end":{"line":535,"column":30}},"184":{"start":{"line":535,"column":18},"end":{"line":535,"column":29}},"185":{"start":{"line":537,"column":19},"end":{"line":537,"column":29}},"186":{"start":{"line":539,"column":24},"end":{"line":540,"column":70}},"187":{"start":{"line":542,"column":4},"end":{"line":586,"column":15}},"188":{"start":{"line":544,"column":6},"end":{"line":547,"column":7}},"189":{"start":{"line":545,"column":8},"end":{"line":545,"column":57}},"190":{"start":{"line":546,"column":8},"end":{"line":546,"column":15}},"191":{"start":{"line":549,"column":12},"end":{"line":549,"column":37}},"192":{"start":{"line":550,"column":12},"end":{"line":550,"column":37}},"193":{"start":{"line":555,"column":16},"end":{"line":557,"column":44}},"194":{"start":{"line":560,"column":4},"end":{"line":586,"column":12}},"195":{"start":{"line":561,"column":8},"end":{"line":561,"column":30}},"196":{"start":{"line":561,"column":18},"end":{"line":561,"column":29}},"197":{"start":{"line":563,"column":23},"end":{"line":563,"column":36}},"198":{"start":{"line":570,"column":24},"end":{"line":570,"column":86}},"199":{"start":{"line":572,"column":14},"end":{"line":572,"column":102}},"200":{"start":{"line":574,"column":16},"end":{"line":575,"column":60}},"201":{"start":{"line":576,"column":20},"end":{"line":576,"column":53}},"202":{"start":{"line":577,"column":4},"end":{"line":586,"column":9}},"203":{"start":{"line":578,"column":8},"end":{"line":580,"column":20}},"204":{"start":{"line":579,"column":12},"end":{"line":579,"column":50}},"205":{"start":{"line":580,"column":12},"end":{"line":580,"column":19}},"206":{"start":{"line":582,"column":4},"end":{"line":586,"column":6}},"207":{"start":{"line":583,"column":8},"end":{"line":583,"column":30}},"208":{"start":{"line":583,"column":18},"end":{"line":583,"column":29}},"209":{"start":{"line":585,"column":8},"end":{"line":585,"column":25}},"210":{"start":{"line":602,"column":4},"end":{"line":620,"column":5}},"211":{"start":{"line":605,"column":8},"end":{"line":605,"column":66}},"212":{"start":{"line":607,"column":8},"end":{"line":607,"column":66}},"213":{"start":{"line":609,"column":8},"end":{"line":609,"column":105}},"214":{"start":{"line":610,"column":8},"end":{"line":610,"column":111}},"215":{"start":{"line":615,"column":8},"end":{"line":615,"column":72}},"216":{"start":{"line":618,"column":8},"end":{"line":618,"column":69}},"217":{"start":{"line":621,"column":4},"end":{"line":621,"column":11}},"218":{"start":{"line":624,"column":0},"end":{"line":675,"column":2}},"219":{"start":{"line":625,"column":21},"end":{"line":625,"column":111}},"220":{"start":{"line":626,"column":21},"end":{"line":626,"column":111}},"221":{"start":{"line":628,"column":4},"end":{"line":631,"column":5}},"222":{"start":{"line":629,"column":8},"end":{"line":629,"column":83}},"223":{"start":{"line":630,"column":8},"end":{"line":630,"column":15}},"224":{"start":{"line":633,"column":4},"end":{"line":636,"column":5}},"225":{"start":{"line":634,"column":8},"end":{"line":634,"column":60}},"226":{"start":{"line":635,"column":8},"end":{"line":635,"column":15}},"227":{"start":{"line":643,"column":4},"end":{"line":674,"column":6}},"228":{"start":{"line":644,"column":8},"end":{"line":644,"column":30}},"229":{"start":{"line":644,"column":18},"end":{"line":644,"column":29}},"230":{"start":{"line":645,"column":8},"end":{"line":648,"column":9}},"231":{"start":{"line":646,"column":12},"end":{"line":646,"column":67}},"232":{"start":{"line":647,"column":12},"end":{"line":647,"column":23}},"233":{"start":{"line":649,"column":8},"end":{"line":649,"column":29}},"234":{"start":{"line":652,"column":8},"end":{"line":673,"column":10}},"235":{"start":{"line":653,"column":12},"end":{"line":653,"column":34}},"236":{"start":{"line":653,"column":22},"end":{"line":653,"column":33}},"237":{"start":{"line":654,"column":12},"end":{"line":657,"column":13}},"238":{"start":{"line":655,"column":16},"end":{"line":655,"column":71}},"239":{"start":{"line":656,"column":16},"end":{"line":656,"column":27}},"240":{"start":{"line":658,"column":12},"end":{"line":658,"column":33}},"241":{"start":{"line":660,"column":12},"end":{"line":660,"column":60}},"242":{"start":{"line":663,"column":12},"end":{"line":672,"column":14}},"243":{"start":{"line":664,"column":16},"end":{"line":664,"column":89}},"244":{"start":{"line":664,"column":27},"end":{"line":664,"column":76}},"245":{"start":{"line":664,"column":77},"end":{"line":664,"column":88}},"246":{"start":{"line":667,"column":16},"end":{"line":671,"column":18}},"247":{"start":{"line":668,"column":20},"end":{"line":668,"column":93}},"248":{"start":{"line":668,"column":31},"end":{"line":668,"column":80}},"249":{"start":{"line":668,"column":81},"end":{"line":668,"column":92}},"250":{"start":{"line":670,"column":20},"end":{"line":670,"column":84}},"251":{"start":{"line":681,"column":0},"end":{"line":710,"column":2}},"252":{"start":{"line":683,"column":4},"end":{"line":686,"column":5}},"253":{"start":{"line":684,"column":8},"end":{"line":684,"column":58}},"254":{"start":{"line":685,"column":8},"end":{"line":685,"column":15}},"255":{"start":{"line":688,"column":21},"end":{"line":688,"column":23}},"256":{"start":{"line":691,"column":4},"end":{"line":709,"column":6}},"257":{"start":{"line":692,"column":8},"end":{"line":692,"column":30}},"258":{"start":{"line":692,"column":18},"end":{"line":692,"column":29}},"259":{"start":{"line":693,"column":8},"end":{"line":695,"column":9}},"260":{"start":{"line":694,"column":12},"end":{"line":694,"column":91}},"261":{"start":{"line":697,"column":8},"end":{"line":706,"column":9}},"262":{"start":{"line":699,"column":12},"end":{"line":705,"column":13}},"263":{"start":{"line":701,"column":16},"end":{"line":704,"column":66}},"264":{"start":{"line":708,"column":8},"end":{"line":708,"column":51}},"265":{"start":{"line":716,"column":0},"end":{"line":721,"column":2}},"266":{"start":{"line":717,"column":4},"end":{"line":720,"column":6}},"267":{"start":{"line":718,"column":8},"end":{"line":718,"column":30}},"268":{"start":{"line":718,"column":18},"end":{"line":718,"column":29}},"269":{"start":{"line":719,"column":8},"end":{"line":719,"column":33}},"270":{"start":{"line":728,"column":0},"end":{"line":733,"column":2}},"271":{"start":{"line":729,"column":15},"end":{"line":729,"column":81}},"272":{"start":{"line":730,"column":15},"end":{"line":730,"column":81}},"273":{"start":{"line":731,"column":4},"end":{"line":731,"column":45}},"274":{"start":{"line":731,"column":22},"end":{"line":731,"column":44}},"275":{"start":{"line":732,"column":4},"end":{"line":732,"column":38}},"276":{"start":{"line":737,"column":1},"end":{"line":742,"column":3}},"277":{"start":{"line":738,"column":5},"end":{"line":741,"column":7}},"278":{"start":{"line":740,"column":9},"end":{"line":740,"column":21}},"279":{"start":{"line":744,"column":1},"end":{"line":749,"column":3}},"280":{"start":{"line":745,"column":5},"end":{"line":748,"column":7}},"281":{"start":{"line":747,"column":9},"end":{"line":747,"column":21}},"282":{"start":{"line":751,"column":0},"end":{"line":756,"column":2}},"283":{"start":{"line":752,"column":4},"end":{"line":755,"column":6}},"284":{"start":{"line":754,"column":8},"end":{"line":754,"column":20}},"285":{"start":{"line":758,"column":0},"end":{"line":763,"column":2}},"286":{"start":{"line":759,"column":4},"end":{"line":762,"column":6}},"287":{"start":{"line":761,"column":8},"end":{"line":761,"column":20}},"288":{"start":{"line":766,"column":0},"end":{"line":771,"column":2}},"289":{"start":{"line":767,"column":4},"end":{"line":770,"column":6}},"290":{"start":{"line":769,"column":8},"end":{"line":769,"column":20}},"291":{"start":{"line":773,"column":0},"end":{"line":778,"column":2}},"292":{"start":{"line":774,"column":4},"end":{"line":777,"column":6}},"293":{"start":{"line":776,"column":8},"end":{"line":776,"column":20}},"294":{"start":{"line":796,"column":0},"end":{"line":807,"column":2}},"295":{"start":{"line":797,"column":16},"end":{"line":797,"column":100}},"296":{"start":{"line":799,"column":4},"end":{"line":806,"column":6}},"297":{"start":{"line":800,"column":8},"end":{"line":803,"column":9}},"298":{"start":{"line":801,"column":12},"end":{"line":801,"column":90}},"299":{"start":{"line":802,"column":12},"end":{"line":802,"column":23}},"300":{"start":{"line":804,"column":8},"end":{"line":804,"column":30}},"301":{"start":{"line":804,"column":18},"end":{"line":804,"column":29}},"302":{"start":{"line":805,"column":8},"end":{"line":805,"column":25}},"303":{"start":{"line":821,"column":0},"end":{"line":831,"column":2}},"304":{"start":{"line":822,"column":16},"end":{"line":822,"column":58}},"305":{"start":{"line":823,"column":4},"end":{"line":830,"column":6}},"306":{"start":{"line":824,"column":8},"end":{"line":824,"column":30}},"307":{"start":{"line":824,"column":18},"end":{"line":824,"column":29}},"308":{"start":{"line":825,"column":8},"end":{"line":828,"column":9}},"309":{"start":{"line":826,"column":12},"end":{"line":826,"column":77}},"310":{"start":{"line":827,"column":12},"end":{"line":827,"column":23}},"311":{"start":{"line":829,"column":8},"end":{"line":829,"column":27}},"312":{"start":{"line":836,"column":0},"end":{"line":876,"column":2}},"313":{"start":{"line":838,"column":4},"end":{"line":841,"column":5}},"314":{"start":{"line":839,"column":8},"end":{"line":839,"column":79}},"315":{"start":{"line":840,"column":8},"end":{"line":840,"column":15}},"316":{"start":{"line":843,"column":4},"end":{"line":875,"column":6}},"317":{"start":{"line":845,"column":8},"end":{"line":848,"column":9}},"318":{"start":{"line":846,"column":12},"end":{"line":846,"column":100}},"319":{"start":{"line":847,"column":12},"end":{"line":847,"column":19}},"320":{"start":{"line":851,"column":8},"end":{"line":860,"column":10}},"321":{"start":{"line":858,"column":12},"end":{"line":858,"column":34}},"322":{"start":{"line":858,"column":22},"end":{"line":858,"column":33}},"323":{"start":{"line":862,"column":8},"end":{"line":874,"column":10}},"324":{"start":{"line":871,"column":15},"end":{"line":871,"column":37}},"325":{"start":{"line":871,"column":25},"end":{"line":871,"column":36}},"326":{"start":{"line":873,"column":15},"end":{"line":873,"column":57}},"327":{"start":{"line":888,"column":0},"end":{"line":917,"column":2}},"328":{"start":{"line":890,"column":4},"end":{"line":890,"column":57}},"329":{"start":{"line":892,"column":4},"end":{"line":904,"column":6}},"330":{"start":{"line":901,"column":11},"end":{"line":901,"column":33}},"331":{"start":{"line":901,"column":21},"end":{"line":901,"column":32}},"332":{"start":{"line":903,"column":11},"end":{"line":903,"column":48}},"333":{"start":{"line":907,"column":16},"end":{"line":907,"column":106}},"334":{"start":{"line":908,"column":20},"end":{"line":908,"column":36}},"335":{"start":{"line":909,"column":4},"end":{"line":916,"column":6}},"336":{"start":{"line":910,"column":4},"end":{"line":913,"column":5}},"337":{"start":{"line":911,"column":5},"end":{"line":911,"column":43}},"338":{"start":{"line":912,"column":5},"end":{"line":912,"column":16}},"339":{"start":{"line":914,"column":5},"end":{"line":914,"column":27}},"340":{"start":{"line":914,"column":15},"end":{"line":914,"column":26}},"341":{"start":{"line":915,"column":5},"end":{"line":915,"column":48}},"342":{"start":{"line":924,"column":0},"end":{"line":936,"column":2}},"343":{"start":{"line":927,"column":4},"end":{"line":929,"column":5}},"344":{"start":{"line":928,"column":6},"end":{"line":928,"column":42}},"345":{"start":{"line":931,"column":16},"end":{"line":931,"column":60}},"346":{"start":{"line":932,"column":4},"end":{"line":935,"column":6}},"347":{"start":{"line":933,"column":8},"end":{"line":933,"column":30}},"348":{"start":{"line":933,"column":18},"end":{"line":933,"column":29}},"349":{"start":{"line":934,"column":8},"end":{"line":934,"column":43}},"350":{"start":{"line":944,"column":0},"end":{"line":957,"column":6}},"351":{"start":{"line":949,"column":4},"end":{"line":949,"column":85}},"352":{"start":{"line":952,"column":16},"end":{"line":952,"column":92}},"353":{"start":{"line":953,"column":4},"end":{"line":956,"column":10}},"354":{"start":{"line":954,"column":8},"end":{"line":954,"column":30}},"355":{"start":{"line":954,"column":18},"end":{"line":954,"column":29}},"356":{"start":{"line":955,"column":8},"end":{"line":955,"column":48}}},"fnMap":{"0":{"name":"(anonymous_0)","decl":{"start":{"line":10,"column":18},"end":{"line":10,"column":19}},"loc":{"start":{"line":10,"column":32},"end":{"line":12,"column":1}},"line":10},"1":{"name":"(anonymous_1)","decl":{"start":{"line":14,"column":30},"end":{"line":14,"column":31}},"loc":{"start":{"line":14,"column":46},"end":{"line":16,"column":1}},"line":14},"2":{"name":"(anonymous_2)","decl":{"start":{"line":22,"column":97},"end":{"line":22,"column":98}},"loc":{"start":{"line":22,"column":114},"end":{"line":51,"column":1}},"line":22},"3":{"name":"(anonymous_3)","decl":{"start":{"line":29,"column":37},"end":{"line":29,"column":38}},"loc":{"start":{"line":29,"column":56},"end":{"line":32,"column":3}},"line":29},"4":{"name":"(anonymous_4)","decl":{"start":{"line":33,"column":44},"end":{"line":33,"column":45}},"loc":{"start":{"line":33,"column":63},"end":{"line":36,"column":3}},"line":33},"5":{"name":"(anonymous_5)","decl":{"start":{"line":37,"column":40},"end":{"line":37,"column":41}},"loc":{"start":{"line":37,"column":59},"end":{"line":39,"column":3}},"line":37},"6":{"name":"(anonymous_6)","decl":{"start":{"line":42,"column":45},"end":{"line":42,"column":46}},"loc":{"start":{"line":42,"column":64},"end":{"line":45,"column":3}},"line":42},"7":{"name":"insertionSort","decl":{"start":{"line":59,"column":9},"end":{"line":59,"column":22}},"loc":{"start":{"line":59,"column":36},"end":{"line":73,"column":1}},"line":59},"8":{"name":"generateMatch","decl":{"start":{"line":77,"column":9},"end":{"line":77,"column":22}},"loc":{"start":{"line":77,"column":62},"end":{"line":101,"column":1}},"line":77},"9":{"name":"accept","decl":{"start":{"line":102,"column":9},"end":{"line":102,"column":15}},"loc":{"start":{"line":102,"column":43},"end":{"line":104,"column":1}},"line":102},"10":{"name":"timeFilterMatch","decl":{"start":{"line":106,"column":9},"end":{"line":106,"column":24}},"loc":{"start":{"line":106,"column":59},"end":{"line":117,"column":1}},"line":106},"11":{"name":"personMatchDelete","decl":{"start":{"line":170,"column":9},"end":{"line":170,"column":26}},"loc":{"start":{"line":170,"column":40},"end":{"line":179,"column":1}},"line":170},"12":{"name":"(anonymous_12)","decl":{"start":{"line":175,"column":63},"end":{"line":175,"column":64}},"loc":{"start":{"line":175,"column":80},"end":{"line":178,"column":5}},"line":175},"13":{"name":"matchesDelete","decl":{"start":{"line":185,"column":9},"end":{"line":185,"column":22}},"loc":{"start":{"line":185,"column":32},"end":{"line":210,"column":1}},"line":185},"14":{"name":"(anonymous_14)","decl":{"start":{"line":189,"column":56},"end":{"line":189,"column":57}},"loc":{"start":{"line":189,"column":72},"end":{"line":208,"column":5}},"line":189},"15":{"name":"(anonymous_15)","decl":{"start":{"line":205,"column":58},"end":{"line":205,"column":59}},"loc":{"start":{"line":205,"column":75},"end":{"line":207,"column":9}},"line":205},"16":{"name":"(anonymous_16)","decl":{"start":{"line":225,"column":38},"end":{"line":225,"column":39}},"loc":{"start":{"line":225,"column":51},"end":{"line":262,"column":1}},"line":225},"17":{"name":"(anonymous_17)","decl":{"start":{"line":243,"column":57},"end":{"line":243,"column":58}},"loc":{"start":{"line":243,"column":72},"end":{"line":261,"column":5}},"line":243},"18":{"name":"(anonymous_18)","decl":{"start":{"line":257,"column":49},"end":{"line":257,"column":50}},"loc":{"start":{"line":257,"column":66},"end":{"line":260,"column":9}},"line":257},"19":{"name":"(anonymous_19)","decl":{"start":{"line":277,"column":37},"end":{"line":277,"column":38}},"loc":{"start":{"line":277,"column":50},"end":{"line":289,"column":1}},"line":277},"20":{"name":"(anonymous_20)","decl":{"start":{"line":281,"column":64},"end":{"line":281,"column":65}},"loc":{"start":{"line":281,"column":79},"end":{"line":288,"column":5}},"line":281},"21":{"name":"(anonymous_21)","decl":{"start":{"line":303,"column":37},"end":{"line":303,"column":38}},"loc":{"start":{"line":303,"column":50},"end":{"line":331,"column":1}},"line":303},"22":{"name":"(anonymous_22)","decl":{"start":{"line":308,"column":57},"end":{"line":308,"column":58}},"loc":{"start":{"line":308,"column":72},"end":{"line":330,"column":5}},"line":308},"23":{"name":"(anonymous_23)","decl":{"start":{"line":326,"column":75},"end":{"line":326,"column":76}},"loc":{"start":{"line":326,"column":92},"end":{"line":329,"column":9}},"line":326},"24":{"name":"(anonymous_24)","decl":{"start":{"line":353,"column":30},"end":{"line":353,"column":31}},"loc":{"start":{"line":353,"column":49},"end":{"line":366,"column":1}},"line":353},"25":{"name":"(anonymous_25)","decl":{"start":{"line":358,"column":91},"end":{"line":358,"column":92}},"loc":{"start":{"line":358,"column":110},"end":{"line":365,"column":5}},"line":358},"26":{"name":"(anonymous_26)","decl":{"start":{"line":385,"column":26},"end":{"line":385,"column":27}},"loc":{"start":{"line":385,"column":39},"end":{"line":425,"column":1}},"line":385},"27":{"name":"(anonymous_27)","decl":{"start":{"line":388,"column":91},"end":{"line":388,"column":92}},"loc":{"start":{"line":388,"column":110},"end":{"line":424,"column":5}},"line":388},"28":{"name":"(anonymous_28)","decl":{"start":{"line":418,"column":53},"end":{"line":418,"column":54}},"loc":{"start":{"line":418,"column":70},"end":{"line":423,"column":9}},"line":418},"29":{"name":"(anonymous_29)","decl":{"start":{"line":445,"column":30},"end":{"line":445,"column":31}},"loc":{"start":{"line":445,"column":43},"end":{"line":485,"column":1}},"line":445},"30":{"name":"(anonymous_30)","decl":{"start":{"line":459,"column":91},"end":{"line":459,"column":92}},"loc":{"start":{"line":459,"column":110},"end":{"line":484,"column":5}},"line":459},"31":{"name":"(anonymous_31)","decl":{"start":{"line":480,"column":64},"end":{"line":480,"column":65}},"loc":{"start":{"line":480,"column":81},"end":{"line":483,"column":9}},"line":480},"32":{"name":"(anonymous_32)","decl":{"start":{"line":497,"column":33},"end":{"line":497,"column":34}},"loc":{"start":{"line":497,"column":46},"end":{"line":509,"column":1}},"line":497},"33":{"name":"(anonymous_33)","decl":{"start":{"line":505,"column":54},"end":{"line":505,"column":55}},"loc":{"start":{"line":505,"column":71},"end":{"line":508,"column":5}},"line":505},"34":{"name":"(anonymous_34)","decl":{"start":{"line":527,"column":50},"end":{"line":527,"column":51}},"loc":{"start":{"line":527,"column":63},"end":{"line":587,"column":1}},"line":527},"35":{"name":"(anonymous_35)","decl":{"start":{"line":534,"column":53},"end":{"line":534,"column":54}},"loc":{"start":{"line":534,"column":73},"end":{"line":586,"column":17}},"line":534},"36":{"name":"(anonymous_36)","decl":{"start":{"line":542,"column":69},"end":{"line":542,"column":70}},"loc":{"start":{"line":542,"column":97},"end":{"line":586,"column":14}},"line":542},"37":{"name":"(anonymous_37)","decl":{"start":{"line":560,"column":61},"end":{"line":560,"column":62}},"loc":{"start":{"line":560,"column":84},"end":{"line":586,"column":11}},"line":560},"38":{"name":"(anonymous_38)","decl":{"start":{"line":577,"column":63},"end":{"line":577,"column":64}},"loc":{"start":{"line":577,"column":80},"end":{"line":586,"column":8}},"line":577},"39":{"name":"(anonymous_39)","decl":{"start":{"line":582,"column":56},"end":{"line":582,"column":57}},"loc":{"start":{"line":582,"column":72},"end":{"line":586,"column":5}},"line":582},"40":{"name":"updateRequestWait","decl":{"start":{"line":599,"column":9},"end":{"line":599,"column":26}},"loc":{"start":{"line":599,"column":56},"end":{"line":622,"column":1}},"line":599},"41":{"name":"(anonymous_41)","decl":{"start":{"line":624,"column":44},"end":{"line":624,"column":45}},"loc":{"start":{"line":624,"column":57},"end":{"line":675,"column":1}},"line":624},"42":{"name":"(anonymous_42)","decl":{"start":{"line":643,"column":61},"end":{"line":643,"column":62}},"loc":{"start":{"line":643,"column":73},"end":{"line":674,"column":5}},"line":643},"43":{"name":"(anonymous_43)","decl":{"start":{"line":652,"column":65},"end":{"line":652,"column":66}},"loc":{"start":{"line":652,"column":77},"end":{"line":673,"column":9}},"line":652},"44":{"name":"(anonymous_44)","decl":{"start":{"line":663,"column":165},"end":{"line":663,"column":166}},"loc":{"start":{"line":663,"column":189},"end":{"line":672,"column":13}},"line":663},"45":{"name":"(anonymous_45)","decl":{"start":{"line":667,"column":169},"end":{"line":667,"column":170}},"loc":{"start":{"line":667,"column":193},"end":{"line":671,"column":17}},"line":667},"46":{"name":"(anonymous_46)","decl":{"start":{"line":681,"column":54},"end":{"line":681,"column":55}},"loc":{"start":{"line":681,"column":67},"end":{"line":710,"column":1}},"line":681},"47":{"name":"(anonymous_47)","decl":{"start":{"line":691,"column":94},"end":{"line":691,"column":95}},"loc":{"start":{"line":691,"column":112},"end":{"line":709,"column":5}},"line":691},"48":{"name":"(anonymous_48)","decl":{"start":{"line":716,"column":58},"end":{"line":716,"column":59}},"loc":{"start":{"line":716,"column":71},"end":{"line":721,"column":1}},"line":716},"49":{"name":"(anonymous_49)","decl":{"start":{"line":717,"column":94},"end":{"line":717,"column":95}},"loc":{"start":{"line":717,"column":111},"end":{"line":720,"column":5}},"line":717},"50":{"name":"(anonymous_50)","decl":{"start":{"line":728,"column":45},"end":{"line":728,"column":46}},"loc":{"start":{"line":728,"column":58},"end":{"line":733,"column":1}},"line":728},"51":{"name":"(anonymous_51)","decl":{"start":{"line":737,"column":28},"end":{"line":737,"column":29}},"loc":{"start":{"line":737,"column":41},"end":{"line":742,"column":2}},"line":737},"52":{"name":"(anonymous_52)","decl":{"start":{"line":738,"column":49},"end":{"line":738,"column":50}},"loc":{"start":{"line":738,"column":61},"end":{"line":741,"column":6}},"line":738},"53":{"name":"(anonymous_53)","decl":{"start":{"line":744,"column":34},"end":{"line":744,"column":35}},"loc":{"start":{"line":744,"column":47},"end":{"line":749,"column":2}},"line":744},"54":{"name":"(anonymous_54)","decl":{"start":{"line":745,"column":48},"end":{"line":745,"column":49}},"loc":{"start":{"line":745,"column":60},"end":{"line":748,"column":6}},"line":745},"55":{"name":"(anonymous_55)","decl":{"start":{"line":751,"column":31},"end":{"line":751,"column":32}},"loc":{"start":{"line":751,"column":44},"end":{"line":756,"column":1}},"line":751},"56":{"name":"(anonymous_56)","decl":{"start":{"line":752,"column":56},"end":{"line":752,"column":57}},"loc":{"start":{"line":752,"column":68},"end":{"line":755,"column":5}},"line":752},"57":{"name":"(anonymous_57)","decl":{"start":{"line":758,"column":29},"end":{"line":758,"column":30}},"loc":{"start":{"line":758,"column":42},"end":{"line":763,"column":1}},"line":758},"58":{"name":"(anonymous_58)","decl":{"start":{"line":759,"column":51},"end":{"line":759,"column":52}},"loc":{"start":{"line":759,"column":63},"end":{"line":762,"column":5}},"line":759},"59":{"name":"(anonymous_59)","decl":{"start":{"line":766,"column":37},"end":{"line":766,"column":38}},"loc":{"start":{"line":766,"column":50},"end":{"line":771,"column":1}},"line":766},"60":{"name":"(anonymous_60)","decl":{"start":{"line":767,"column":55},"end":{"line":767,"column":56}},"loc":{"start":{"line":767,"column":67},"end":{"line":770,"column":5}},"line":767},"61":{"name":"(anonymous_61)","decl":{"start":{"line":773,"column":35},"end":{"line":773,"column":36}},"loc":{"start":{"line":773,"column":48},"end":{"line":778,"column":1}},"line":773},"62":{"name":"(anonymous_62)","decl":{"start":{"line":774,"column":50},"end":{"line":774,"column":51}},"loc":{"start":{"line":774,"column":62},"end":{"line":777,"column":5}},"line":774},"63":{"name":"(anonymous_63)","decl":{"start":{"line":796,"column":38},"end":{"line":796,"column":39}},"loc":{"start":{"line":796,"column":51},"end":{"line":807,"column":1}},"line":796},"64":{"name":"(anonymous_64)","decl":{"start":{"line":799,"column":61},"end":{"line":799,"column":62}},"loc":{"start":{"line":799,"column":78},"end":{"line":806,"column":5}},"line":799},"65":{"name":"(anonymous_65)","decl":{"start":{"line":821,"column":29},"end":{"line":821,"column":30}},"loc":{"start":{"line":821,"column":42},"end":{"line":831,"column":1}},"line":821},"66":{"name":"(anonymous_66)","decl":{"start":{"line":823,"column":61},"end":{"line":823,"column":62}},"loc":{"start":{"line":823,"column":80},"end":{"line":830,"column":5}},"line":823},"67":{"name":"(anonymous_67)","decl":{"start":{"line":836,"column":30},"end":{"line":836,"column":31}},"loc":{"start":{"line":836,"column":43},"end":{"line":876,"column":1}},"line":836},"68":{"name":"(anonymous_68)","decl":{"start":{"line":843,"column":91},"end":{"line":843,"column":92}},"loc":{"start":{"line":843,"column":110},"end":{"line":875,"column":5}},"line":843},"69":{"name":"(anonymous_69)","decl":{"start":{"line":857,"column":45},"end":{"line":857,"column":46}},"loc":{"start":{"line":857,"column":62},"end":{"line":860,"column":9}},"line":857},"70":{"name":"(anonymous_70)","decl":{"start":{"line":870,"column":27},"end":{"line":870,"column":28}},"loc":{"start":{"line":870,"column":44},"end":{"line":874,"column":9}},"line":870},"71":{"name":"(anonymous_71)","decl":{"start":{"line":888,"column":38},"end":{"line":888,"column":39}},"loc":{"start":{"line":888,"column":51},"end":{"line":917,"column":1}},"line":888},"72":{"name":"(anonymous_72)","decl":{"start":{"line":900,"column":23},"end":{"line":900,"column":24}},"loc":{"start":{"line":900,"column":40},"end":{"line":904,"column":5}},"line":900},"73":{"name":"(anonymous_73)","decl":{"start":{"line":909,"column":68},"end":{"line":909,"column":69}},"loc":{"start":{"line":909,"column":85},"end":{"line":916,"column":5}},"line":909},"74":{"name":"(anonymous_74)","decl":{"start":{"line":924,"column":49},"end":{"line":924,"column":50}},"loc":{"start":{"line":924,"column":62},"end":{"line":936,"column":1}},"line":924},"75":{"name":"(anonymous_75)","decl":{"start":{"line":932,"column":58},"end":{"line":932,"column":59}},"loc":{"start":{"line":932,"column":75},"end":{"line":935,"column":5}},"line":932},"76":{"name":"(anonymous_76)","decl":{"start":{"line":944,"column":46},"end":{"line":944,"column":47}},"loc":{"start":{"line":944,"column":59},"end":{"line":957,"column":5}},"line":944},"77":{"name":"(anonymous_77)","decl":{"start":{"line":953,"column":58},"end":{"line":953,"column":59}},"loc":{"start":{"line":953,"column":75},"end":{"line":956,"column":9}},"line":953}},"branchMap":{"0":{"loc":{"start":{"line":23,"column":2},"end":{"line":23,"column":24}},"type":"if","locations":[{"start":{"line":23,"column":2},"end":{"line":23,"column":24}},{"start":{"line":23,"column":2},"end":{"line":23,"column":24}}],"line":23},"1":{"loc":{"start":{"line":30,"column":4},"end":{"line":30,"column":25}},"type":"if","locations":[{"start":{"line":30,"column":4},"end":{"line":30,"column":25}},{"start":{"line":30,"column":4},"end":{"line":30,"column":25}}],"line":30},"2":{"loc":{"start":{"line":34,"column":4},"end":{"line":34,"column":25}},"type":"if","locations":[{"start":{"line":34,"column":4},"end":{"line":34,"column":25}},{"start":{"line":34,"column":4},"end":{"line":34,"column":25}}],"line":34},"3":{"loc":{"start":{"line":38,"column":4},"end":{"line":38,"column":25}},"type":"if","locations":[{"start":{"line":38,"column":4},"end":{"line":38,"column":25}},{"start":{"line":38,"column":4},"end":{"line":38,"column":25}}],"line":38},"4":{"loc":{"start":{"line":43,"column":4},"end":{"line":43,"column":25}},"type":"if","locations":[{"start":{"line":43,"column":4},"end":{"line":43,"column":25}},{"start":{"line":43,"column":4},"end":{"line":43,"column":25}}],"line":43},"5":{"loc":{"start":{"line":64,"column":14},"end":{"line":64,"column":39}},"type":"binary-expr","locations":[{"start":{"line":64,"column":14},"end":{"line":64,"column":17}},{"start":{"line":64,"column":21},"end":{"line":64,"column":39}}],"line":64},"6":{"loc":{"start":{"line":103,"column":12},"end":{"line":103,"column":57}},"type":"binary-expr","locations":[{"start":{"line":103,"column":13},"end":{"line":103,"column":29}},{"start":{"line":103,"column":35},"end":{"line":103,"column":56}}],"line":103},"7":{"loc":{"start":{"line":111,"column":12},"end":{"line":113,"column":13}},"type":"if","locations":[{"start":{"line":111,"column":12},"end":{"line":113,"column":13}},{"start":{"line":111,"column":12},"end":{"line":113,"column":13}}],"line":111},"8":{"loc":{"start":{"line":176,"column":8},"end":{"line":176,"column":28}},"type":"if","locations":[{"start":{"line":176,"column":8},"end":{"line":176,"column":28}},{"start":{"line":176,"column":8},"end":{"line":176,"column":28}}],"line":176},"9":{"loc":{"start":{"line":190,"column":8},"end":{"line":190,"column":30}},"type":"if","locations":[{"start":{"line":190,"column":8},"end":{"line":190,"column":30}},{"start":{"line":190,"column":8},"end":{"line":190,"column":30}}],"line":190},"10":{"loc":{"start":{"line":201,"column":8},"end":{"line":201,"column":71}},"type":"if","locations":[{"start":{"line":201,"column":8},"end":{"line":201,"column":71}},{"start":{"line":201,"column":8},"end":{"line":201,"column":71}}],"line":201},"11":{"loc":{"start":{"line":206,"column":12},"end":{"line":206,"column":34}},"type":"if","locations":[{"start":{"line":206,"column":12},"end":{"line":206,"column":34}},{"start":{"line":206,"column":12},"end":{"line":206,"column":34}}],"line":206},"12":{"loc":{"start":{"line":229,"column":4},"end":{"line":240,"column":5}},"type":"if","locations":[{"start":{"line":229,"column":4},"end":{"line":240,"column":5}},{"start":{"line":229,"column":4},"end":{"line":240,"column":5}}],"line":229},"13":{"loc":{"start":{"line":233,"column":9},"end":{"line":240,"column":5}},"type":"if","locations":[{"start":{"line":233,"column":9},"end":{"line":240,"column":5}},{"start":{"line":233,"column":9},"end":{"line":240,"column":5}}],"line":233},"14":{"loc":{"start":{"line":237,"column":9},"end":{"line":240,"column":5}},"type":"if","locations":[{"start":{"line":237,"column":9},"end":{"line":240,"column":5}},{"start":{"line":237,"column":9},"end":{"line":240,"column":5}}],"line":237},"15":{"loc":{"start":{"line":237,"column":13},"end":{"line":237,"column":77}},"type":"binary-expr","locations":[{"start":{"line":237,"column":13},"end":{"line":237,"column":43}},{"start":{"line":237,"column":47},"end":{"line":237,"column":77}}],"line":237},"16":{"loc":{"start":{"line":245,"column":8},"end":{"line":248,"column":9}},"type":"if","locations":[{"start":{"line":245,"column":8},"end":{"line":248,"column":9}},{"start":{"line":245,"column":8},"end":{"line":248,"column":9}}],"line":245},"17":{"loc":{"start":{"line":258,"column":9},"end":{"line":258,"column":31}},"type":"if","locations":[{"start":{"line":258,"column":9},"end":{"line":258,"column":31}},{"start":{"line":258,"column":9},"end":{"line":258,"column":31}}],"line":258},"18":{"loc":{"start":{"line":282,"column":8},"end":{"line":287,"column":9}},"type":"if","locations":[{"start":{"line":282,"column":8},"end":{"line":287,"column":9}},{"start":{"line":282,"column":8},"end":{"line":287,"column":9}}],"line":282},"19":{"loc":{"start":{"line":310,"column":8},"end":{"line":313,"column":9}},"type":"if","locations":[{"start":{"line":310,"column":8},"end":{"line":313,"column":9}},{"start":{"line":310,"column":8},"end":{"line":313,"column":9}}],"line":310},"20":{"loc":{"start":{"line":315,"column":8},"end":{"line":318,"column":9}},"type":"if","locations":[{"start":{"line":315,"column":8},"end":{"line":318,"column":9}},{"start":{"line":315,"column":8},"end":{"line":318,"column":9}}],"line":315},"21":{"loc":{"start":{"line":320,"column":8},"end":{"line":323,"column":9}},"type":"if","locations":[{"start":{"line":320,"column":8},"end":{"line":323,"column":9}},{"start":{"line":320,"column":8},"end":{"line":323,"column":9}}],"line":320},"22":{"loc":{"start":{"line":327,"column":12},"end":{"line":327,"column":34}},"type":"if","locations":[{"start":{"line":327,"column":12},"end":{"line":327,"column":34}},{"start":{"line":327,"column":12},"end":{"line":327,"column":34}}],"line":327},"23":{"loc":{"start":{"line":354,"column":4},"end":{"line":357,"column":5}},"type":"if","locations":[{"start":{"line":354,"column":4},"end":{"line":357,"column":5}},{"start":{"line":354,"column":4},"end":{"line":357,"column":5}}],"line":354},"24":{"loc":{"start":{"line":359,"column":8},"end":{"line":362,"column":9}},"type":"if","locations":[{"start":{"line":359,"column":8},"end":{"line":362,"column":9}},{"start":{"line":359,"column":8},"end":{"line":362,"column":9}}],"line":359},"25":{"loc":{"start":{"line":363,"column":8},"end":{"line":363,"column":30}},"type":"if","locations":[{"start":{"line":363,"column":8},"end":{"line":363,"column":30}},{"start":{"line":363,"column":8},"end":{"line":363,"column":30}}],"line":363},"26":{"loc":{"start":{"line":390,"column":8},"end":{"line":393,"column":9}},"type":"if","locations":[{"start":{"line":390,"column":8},"end":{"line":393,"column":9}},{"start":{"line":390,"column":8},"end":{"line":393,"column":9}}],"line":390},"27":{"loc":{"start":{"line":395,"column":8},"end":{"line":398,"column":9}},"type":"if","locations":[{"start":{"line":395,"column":8},"end":{"line":398,"column":9}},{"start":{"line":395,"column":8},"end":{"line":398,"column":9}}],"line":395},"28":{"loc":{"start":{"line":395,"column":12},"end":{"line":395,"column":76}},"type":"binary-expr","locations":[{"start":{"line":395,"column":12},"end":{"line":395,"column":42}},{"start":{"line":395,"column":46},"end":{"line":395,"column":76}}],"line":395},"29":{"loc":{"start":{"line":400,"column":8},"end":{"line":403,"column":9}},"type":"if","locations":[{"start":{"line":400,"column":8},"end":{"line":403,"column":9}},{"start":{"line":400,"column":8},"end":{"line":403,"column":9}}],"line":400},"30":{"loc":{"start":{"line":421,"column":9},"end":{"line":421,"column":31}},"type":"if","locations":[{"start":{"line":421,"column":9},"end":{"line":421,"column":31}},{"start":{"line":421,"column":9},"end":{"line":421,"column":31}}],"line":421},"31":{"loc":{"start":{"line":460,"column":8},"end":{"line":463,"column":9}},"type":"if","locations":[{"start":{"line":460,"column":8},"end":{"line":463,"column":9}},{"start":{"line":460,"column":8},"end":{"line":463,"column":9}}],"line":460},"32":{"loc":{"start":{"line":465,"column":8},"end":{"line":468,"column":9}},"type":"if","locations":[{"start":{"line":465,"column":8},"end":{"line":468,"column":9}},{"start":{"line":465,"column":8},"end":{"line":468,"column":9}}],"line":465},"33":{"loc":{"start":{"line":470,"column":8},"end":{"line":473,"column":9}},"type":"if","locations":[{"start":{"line":470,"column":8},"end":{"line":473,"column":9}},{"start":{"line":470,"column":8},"end":{"line":473,"column":9}}],"line":470},"34":{"loc":{"start":{"line":470,"column":12},"end":{"line":470,"column":76}},"type":"binary-expr","locations":[{"start":{"line":470,"column":12},"end":{"line":470,"column":42}},{"start":{"line":470,"column":46},"end":{"line":470,"column":76}}],"line":470},"35":{"loc":{"start":{"line":475,"column":8},"end":{"line":478,"column":9}},"type":"if","locations":[{"start":{"line":475,"column":8},"end":{"line":478,"column":9}},{"start":{"line":475,"column":8},"end":{"line":478,"column":9}}],"line":475},"36":{"loc":{"start":{"line":481,"column":13},"end":{"line":481,"column":35}},"type":"if","locations":[{"start":{"line":481,"column":13},"end":{"line":481,"column":35}},{"start":{"line":481,"column":13},"end":{"line":481,"column":35}}],"line":481},"37":{"loc":{"start":{"line":500,"column":4},"end":{"line":503,"column":5}},"type":"if","locations":[{"start":{"line":500,"column":4},"end":{"line":503,"column":5}},{"start":{"line":500,"column":4},"end":{"line":503,"column":5}}],"line":500},"38":{"loc":{"start":{"line":506,"column":8},"end":{"line":506,"column":30}},"type":"if","locations":[{"start":{"line":506,"column":8},"end":{"line":506,"column":30}},{"start":{"line":506,"column":8},"end":{"line":506,"column":30}}],"line":506},"39":{"loc":{"start":{"line":535,"column":8},"end":{"line":535,"column":30}},"type":"if","locations":[{"start":{"line":535,"column":8},"end":{"line":535,"column":30}},{"start":{"line":535,"column":8},"end":{"line":535,"column":30}}],"line":535},"40":{"loc":{"start":{"line":544,"column":6},"end":{"line":547,"column":7}},"type":"if","locations":[{"start":{"line":544,"column":6},"end":{"line":547,"column":7}},{"start":{"line":544,"column":6},"end":{"line":547,"column":7}}],"line":544},"41":{"loc":{"start":{"line":561,"column":8},"end":{"line":561,"column":30}},"type":"if","locations":[{"start":{"line":561,"column":8},"end":{"line":561,"column":30}},{"start":{"line":561,"column":8},"end":{"line":561,"column":30}}],"line":561},"42":{"loc":{"start":{"line":578,"column":8},"end":{"line":580,"column":20}},"type":"if","locations":[{"start":{"line":578,"column":8},"end":{"line":580,"column":20}},{"start":{"line":578,"column":8},"end":{"line":580,"column":20}}],"line":578},"43":{"loc":{"start":{"line":583,"column":8},"end":{"line":583,"column":30}},"type":"if","locations":[{"start":{"line":583,"column":8},"end":{"line":583,"column":30}},{"start":{"line":583,"column":8},"end":{"line":583,"column":30}}],"line":583},"44":{"loc":{"start":{"line":602,"column":4},"end":{"line":620,"column":5}},"type":"if","locations":[{"start":{"line":602,"column":4},"end":{"line":620,"column":5}},{"start":{"line":602,"column":4},"end":{"line":620,"column":5}}],"line":602},"45":{"loc":{"start":{"line":628,"column":4},"end":{"line":631,"column":5}},"type":"if","locations":[{"start":{"line":628,"column":4},"end":{"line":631,"column":5}},{"start":{"line":628,"column":4},"end":{"line":631,"column":5}}],"line":628},"46":{"loc":{"start":{"line":633,"column":4},"end":{"line":636,"column":5}},"type":"if","locations":[{"start":{"line":633,"column":4},"end":{"line":636,"column":5}},{"start":{"line":633,"column":4},"end":{"line":636,"column":5}}],"line":633},"47":{"loc":{"start":{"line":633,"column":8},"end":{"line":633,"column":85}},"type":"binary-expr","locations":[{"start":{"line":633,"column":8},"end":{"line":633,"column":44}},{"start":{"line":633,"column":49},"end":{"line":633,"column":85}}],"line":633},"48":{"loc":{"start":{"line":644,"column":8},"end":{"line":644,"column":30}},"type":"if","locations":[{"start":{"line":644,"column":8},"end":{"line":644,"column":30}},{"start":{"line":644,"column":8},"end":{"line":644,"column":30}}],"line":644},"49":{"loc":{"start":{"line":645,"column":8},"end":{"line":648,"column":9}},"type":"if","locations":[{"start":{"line":645,"column":8},"end":{"line":648,"column":9}},{"start":{"line":645,"column":8},"end":{"line":648,"column":9}}],"line":645},"50":{"loc":{"start":{"line":653,"column":12},"end":{"line":653,"column":34}},"type":"if","locations":[{"start":{"line":653,"column":12},"end":{"line":653,"column":34}},{"start":{"line":653,"column":12},"end":{"line":653,"column":34}}],"line":653},"51":{"loc":{"start":{"line":654,"column":12},"end":{"line":657,"column":13}},"type":"if","locations":[{"start":{"line":654,"column":12},"end":{"line":657,"column":13}},{"start":{"line":654,"column":12},"end":{"line":657,"column":13}}],"line":654},"52":{"loc":{"start":{"line":664,"column":16},"end":{"line":664,"column":89}},"type":"if","locations":[{"start":{"line":664,"column":16},"end":{"line":664,"column":89}},{"start":{"line":664,"column":16},"end":{"line":664,"column":89}}],"line":664},"53":{"loc":{"start":{"line":668,"column":20},"end":{"line":668,"column":93}},"type":"if","locations":[{"start":{"line":668,"column":20},"end":{"line":668,"column":93}},{"start":{"line":668,"column":20},"end":{"line":668,"column":93}}],"line":668},"54":{"loc":{"start":{"line":683,"column":4},"end":{"line":686,"column":5}},"type":"if","locations":[{"start":{"line":683,"column":4},"end":{"line":686,"column":5}},{"start":{"line":683,"column":4},"end":{"line":686,"column":5}}],"line":683},"55":{"loc":{"start":{"line":692,"column":8},"end":{"line":692,"column":30}},"type":"if","locations":[{"start":{"line":692,"column":8},"end":{"line":692,"column":30}},{"start":{"line":692,"column":8},"end":{"line":692,"column":30}}],"line":692},"56":{"loc":{"start":{"line":693,"column":8},"end":{"line":695,"column":9}},"type":"if","locations":[{"start":{"line":693,"column":8},"end":{"line":695,"column":9}},{"start":{"line":693,"column":8},"end":{"line":695,"column":9}}],"line":693},"57":{"loc":{"start":{"line":699,"column":12},"end":{"line":705,"column":13}},"type":"if","locations":[{"start":{"line":699,"column":12},"end":{"line":705,"column":13}},{"start":{"line":699,"column":12},"end":{"line":705,"column":13}}],"line":699},"58":{"loc":{"start":{"line":718,"column":8},"end":{"line":718,"column":30}},"type":"if","locations":[{"start":{"line":718,"column":8},"end":{"line":718,"column":30}},{"start":{"line":718,"column":8},"end":{"line":718,"column":30}}],"line":718},"59":{"loc":{"start":{"line":731,"column":4},"end":{"line":731,"column":45}},"type":"if","locations":[{"start":{"line":731,"column":4},"end":{"line":731,"column":45}},{"start":{"line":731,"column":4},"end":{"line":731,"column":45}}],"line":731},"60":{"loc":{"start":{"line":731,"column":7},"end":{"line":731,"column":19}},"type":"binary-expr","locations":[{"start":{"line":731,"column":7},"end":{"line":731,"column":11}},{"start":{"line":731,"column":15},"end":{"line":731,"column":19}}],"line":731},"61":{"loc":{"start":{"line":731,"column":30},"end":{"line":731,"column":42}},"type":"binary-expr","locations":[{"start":{"line":731,"column":30},"end":{"line":731,"column":34}},{"start":{"line":731,"column":38},"end":{"line":731,"column":42}}],"line":731},"62":{"loc":{"start":{"line":800,"column":8},"end":{"line":803,"column":9}},"type":"if","locations":[{"start":{"line":800,"column":8},"end":{"line":803,"column":9}},{"start":{"line":800,"column":8},"end":{"line":803,"column":9}}],"line":800},"63":{"loc":{"start":{"line":804,"column":8},"end":{"line":804,"column":30}},"type":"if","locations":[{"start":{"line":804,"column":8},"end":{"line":804,"column":30}},{"start":{"line":804,"column":8},"end":{"line":804,"column":30}}],"line":804},"64":{"loc":{"start":{"line":824,"column":8},"end":{"line":824,"column":30}},"type":"if","locations":[{"start":{"line":824,"column":8},"end":{"line":824,"column":30}},{"start":{"line":824,"column":8},"end":{"line":824,"column":30}}],"line":824},"65":{"loc":{"start":{"line":825,"column":8},"end":{"line":828,"column":9}},"type":"if","locations":[{"start":{"line":825,"column":8},"end":{"line":828,"column":9}},{"start":{"line":825,"column":8},"end":{"line":828,"column":9}}],"line":825},"66":{"loc":{"start":{"line":838,"column":4},"end":{"line":841,"column":5}},"type":"if","locations":[{"start":{"line":838,"column":4},"end":{"line":841,"column":5}},{"start":{"line":838,"column":4},"end":{"line":841,"column":5}}],"line":838},"67":{"loc":{"start":{"line":845,"column":8},"end":{"line":848,"column":9}},"type":"if","locations":[{"start":{"line":845,"column":8},"end":{"line":848,"column":9}},{"start":{"line":845,"column":8},"end":{"line":848,"column":9}}],"line":845},"68":{"loc":{"start":{"line":858,"column":12},"end":{"line":858,"column":34}},"type":"if","locations":[{"start":{"line":858,"column":12},"end":{"line":858,"column":34}},{"start":{"line":858,"column":12},"end":{"line":858,"column":34}}],"line":858},"69":{"loc":{"start":{"line":871,"column":15},"end":{"line":871,"column":37}},"type":"if","locations":[{"start":{"line":871,"column":15},"end":{"line":871,"column":37}},{"start":{"line":871,"column":15},"end":{"line":871,"column":37}}],"line":871},"70":{"loc":{"start":{"line":901,"column":11},"end":{"line":901,"column":33}},"type":"if","locations":[{"start":{"line":901,"column":11},"end":{"line":901,"column":33}},{"start":{"line":901,"column":11},"end":{"line":901,"column":33}}],"line":901},"71":{"loc":{"start":{"line":910,"column":4},"end":{"line":913,"column":5}},"type":"if","locations":[{"start":{"line":910,"column":4},"end":{"line":913,"column":5}},{"start":{"line":910,"column":4},"end":{"line":913,"column":5}}],"line":910},"72":{"loc":{"start":{"line":914,"column":5},"end":{"line":914,"column":27}},"type":"if","locations":[{"start":{"line":914,"column":5},"end":{"line":914,"column":27}},{"start":{"line":914,"column":5},"end":{"line":914,"column":27}}],"line":914},"73":{"loc":{"start":{"line":933,"column":8},"end":{"line":933,"column":30}},"type":"if","locations":[{"start":{"line":933,"column":8},"end":{"line":933,"column":30}},{"start":{"line":933,"column":8},"end":{"line":933,"column":30}}],"line":933},"74":{"loc":{"start":{"line":954,"column":8},"end":{"line":954,"column":30}},"type":"if","locations":[{"start":{"line":954,"column":8},"end":{"line":954,"column":30}},{"start":{"line":954,"column":8},"end":{"line":954,"column":30}}],"line":954}},"s":{"0":3,"1":3,"2":3,"3":3,"4":3,"5":25,"6":3,"7":17,"8":3,"9":3,"10":0,"11":3,"12":3,"13":3,"14":3,"15":0,"16":3,"17":3,"18":0,"19":3,"20":3,"21":0,"22":3,"23":3,"24":0,"25":3,"26":0,"27":0,"28":0,"29":0,"30":0,"31":0,"32":0,"33":0,"34":0,"35":0,"36":0,"37":0,"38":0,"39":0,"40":0,"41":0,"42":0,"43":0,"44":0,"45":0,"46":0,"47":0,"48":0,"49":0,"50":0,"51":0,"52":0,"53":0,"54":0,"55":0,"56":0,"57":0,"58":0,"59":0,"60":0,"61":0,"62":0,"63":0,"64":0,"65":0,"66":0,"67":0,"68":0,"69":0,"70":0,"71":0,"72":0,"73":0,"74":0,"75":0,"76":0,"77":0,"78":0,"79":0,"80":0,"81":3,"82":5,"83":5,"84":1,"85":1,"86":4,"87":1,"88":1,"89":3,"90":1,"91":1,"92":2,"93":2,"94":1,"95":1,"96":1,"97":1,"98":0,"99":1,"100":3,"101":1,"102":1,"103":1,"104":1,"105":1,"106":0,"107":3,"108":2,"109":2,"110":2,"111":2,"112":1,"113":1,"114":1,"115":1,"116":1,"117":0,"118":0,"119":0,"120":0,"121":0,"122":0,"123":0,"124":3,"125":3,"126":1,"127":1,"128":2,"129":2,"130":1,"131":1,"132":1,"133":0,"134":1,"135":3,"136":8,"137":8,"138":4,"139":4,"140":4,"141":1,"142":1,"143":3,"144":0,"145":0,"146":3,"147":3,"148":3,"149":0,"150":3,"151":3,"152":5,"153":5,"154":5,"155":5,"156":1,"157":1,"158":4,"159":2,"160":2,"161":2,"162":1,"163":1,"164":1,"165":0,"166":0,"167":1,"168":1,"169":0,"170":1,"171":3,"172":2,"173":2,"174":1,"175":1,"176":1,"177":1,"178":0,"179":1,"180":3,"181":0,"182":0,"183":0,"184":0,"185":0,"186":0,"187":0,"188":0,"189":0,"190":0,"191":0,"192":0,"193":0,"194":0,"195":0,"196":0,"197":0,"198":0,"199":0,"200":0,"201":0,"202":0,"203":0,"204":0,"205":0,"206":0,"207":0,"208":0,"209":0,"210":0,"211":0,"212":0,"213":0,"214":0,"215":0,"216":0,"217":0,"218":3,"219":5,"220":5,"221":5,"222":1,"223":1,"224":4,"225":1,"226":1,"227":3,"228":3,"229":0,"230":3,"231":3,"232":3,"233":0,"234":0,"235":0,"236":0,"237":0,"238":0,"239":0,"240":0,"241":0,"242":0,"243":0,"244":0,"245":0,"246":0,"247":0,"248":0,"249":0,"250":0,"251":3,"252":1,"253":0,"254":0,"255":1,"256":1,"257":1,"258":0,"259":1,"260":1,"261":1,"262":0,"263":0,"264":1,"265":3,"266":0,"267":0,"268":0,"269":0,"270":3,"271":0,"272":0,"273":0,"274":0,"275":0,"276":3,"277":0,"278":0,"279":3,"280":0,"281":0,"282":3,"283":0,"284":0,"285":3,"286":0,"287":0,"288":3,"289":0,"290":0,"291":3,"292":0,"293":0,"294":3,"295":0,"296":0,"297":0,"298":0,"299":0,"300":0,"301":0,"302":0,"303":3,"304":0,"305":0,"306":0,"307":0,"308":0,"309":0,"310":0,"311":0,"312":3,"313":0,"314":0,"315":0,"316":0,"317":0,"318":0,"319":0,"320":0,"321":0,"322":0,"323":0,"324":0,"325":0,"326":0,"327":3,"328":0,"329":0,"330":0,"331":0,"332":0,"333":0,"334":0,"335":0,"336":0,"337":0,"338":0,"339":0,"340":0,"341":0,"342":3,"343":0,"344":0,"345":0,"346":0,"347":0,"348":0,"349":0,"350":3,"351":0,"352":0,"353":0,"354":0,"355":0,"356":0},"f":{"0":25,"1":17,"2":3,"3":3,"4":3,"5":3,"6":3,"7":0,"8":0,"9":0,"10":0,"11":0,"12":0,"13":0,"14":0,"15":0,"16":5,"17":2,"18":1,"19":1,"20":1,"21":2,"22":2,"23":0,"24":3,"25":2,"26":8,"27":8,"28":3,"29":5,"30":5,"31":1,"32":2,"33":1,"34":0,"35":0,"36":0,"37":0,"38":0,"39":0,"40":0,"41":5,"42":3,"43":0,"44":0,"45":0,"46":1,"47":1,"48":0,"49":0,"50":0,"51":0,"52":0,"53":0,"54":0,"55":0,"56":0,"57":0,"58":0,"59":0,"60":0,"61":0,"62":0,"63":0,"64":0,"65":0,"66":0,"67":0,"68":0,"69":0,"70":0,"71":0,"72":0,"73":0,"74":0,"75":0,"76":0,"77":0},"b":{"0":[0,3],"1":[0,3],"2":[0,3],"3":[0,3],"4":[0,3],"5":[0,0],"6":[0,0],"7":[0,0],"8":[0,0],"9":[0,0],"10":[0,0],"11":[0,0],"12":[1,4],"13":[1,3],"14":[1,2],"15":[3,3],"16":[1,1],"17":[0,1],"18":[1,0],"19":[1,1],"20":[1,0],"21":[0,0],"22":[0,0],"23":[1,2],"24":[1,1],"25":[0,1],"26":[4,4],"27":[1,3],"28":[4,4],"29":[0,3],"30":[0,3],"31":[1,4],"32":[2,2],"33":[1,1],"34":[2,2],"35":[0,1],"36":[0,1],"37":[1,1],"38":[0,1],"39":[0,0],"40":[0,0],"41":[0,0],"42":[0,0],"43":[0,0],"44":[0,0],"45":[1,4],"46":[1,3],"47":[4,3],"48":[0,3],"49":[3,0],"50":[0,0],"51":[0,0],"52":[0,0],"53":[0,0],"54":[0,1],"55":[0,1],"56":[1,0],"57":[0,0],"58":[0,0],"59":[0,0],"60":[0,0],"61":[0,0],"62":[0,0],"63":[0,0],"64":[0,0],"65":[0,0],"66":[0,0],"67":[0,0],"68":[0,0],"69":[0,0],"70":[0,0],"71":[0,0],"72":[0,0],"73":[0,0],"74":[0,0]},"_coverageSchema":"43e27e138ebf9cfc5966b082cf9a028302ed4184","hash":"742a9b691bf9beaa7f5e8ce26855e5a400c7fa8b"}
,"/Users/adamdixon/cpen321/testing/server.js": {"path":"/Users/adamdixon/cpen321/testing/server.js","statementMap":{"0":{"start":{"line":2,"column":16},"end":{"line":2,"column":34}},"1":{"start":{"line":3,"column":12},"end":{"line":3,"column":21}},"2":{"start":{"line":8,"column":0},"end":{"line":8,"column":20}},"3":{"start":{"line":10,"column":0},"end":{"line":12,"column":2}},"4":{"start":{"line":11,"column":4},"end":{"line":11,"column":32}}},"fnMap":{"0":{"name":"(anonymous_0)","decl":{"start":{"line":10,"column":17},"end":{"line":10,"column":18}},"loc":{"start":{"line":10,"column":37},"end":{"line":12,"column":1}},"line":10}},"branchMap":{},"s":{"0":1,"1":1,"2":1,"3":1,"4":1},"f":{"0":1},"b":{},"_coverageSchema":"43e27e138ebf9cfc5966b082cf9a028302ed4184","hash":"96a0beef889caa8493d5fcd2e270bffc4ac78a10"}
}
