{"/Users/adamdixon/cpen321/testing/REST_API.js": {"path":"/Users/adamdixon/cpen321/testing/REST_API.js","statementMap":{"0":{"start":{"line":1,"column":16},"end":{"line":1,"column":34}},"1":{"start":{"line":2,"column":17},"end":{"line":2,"column":47}},"2":{"start":{"line":4,"column":12},"end":{"line":4,"column":21}},"3":{"start":{"line":5,"column":0},"end":{"line":5,"column":24}},"4":{"start":{"line":10,"column":18},"end":{"line":12,"column":1}},"5":{"start":{"line":11,"column":4},"end":{"line":11,"column":41}},"6":{"start":{"line":14,"column":30},"end":{"line":16,"column":1}},"7":{"start":{"line":15,"column":4},"end":{"line":15,"column":28}},"8":{"start":{"line":22,"column":0},"end":{"line":51,"column":2}},"9":{"start":{"line":23,"column":2},"end":{"line":23,"column":24}},"10":{"start":{"line":23,"column":12},"end":{"line":23,"column":23}},"11":{"start":{"line":25,"column":2},"end":{"line":25,"column":31}},"12":{"start":{"line":26,"column":2},"end":{"line":26,"column":39}},"13":{"start":{"line":29,"column":2},"end":{"line":32,"column":5}},"14":{"start":{"line":30,"column":4},"end":{"line":30,"column":25}},"15":{"start":{"line":30,"column":14},"end":{"line":30,"column":24}},"16":{"start":{"line":33,"column":2},"end":{"line":36,"column":5}},"17":{"start":{"line":34,"column":4},"end":{"line":34,"column":25}},"18":{"start":{"line":34,"column":14},"end":{"line":34,"column":24}},"19":{"start":{"line":37,"column":2},"end":{"line":39,"column":5}},"20":{"start":{"line":38,"column":4},"end":{"line":38,"column":25}},"21":{"start":{"line":38,"column":14},"end":{"line":38,"column":24}},"22":{"start":{"line":42,"column":2},"end":{"line":45,"column":5}},"23":{"start":{"line":43,"column":4},"end":{"line":43,"column":25}},"24":{"start":{"line":43,"column":14},"end":{"line":43,"column":24}},"25":{"start":{"line":47,"column":2},"end":{"line":49,"column":4}},"26":{"start":{"line":52,"column":0},"end":{"line":52,"column":21}},"27":{"start":{"line":60,"column":4},"end":{"line":71,"column":5}},"28":{"start":{"line":60,"column":16},"end":{"line":60,"column":17}},"29":{"start":{"line":61,"column":17},"end":{"line":61,"column":42}},"30":{"start":{"line":62,"column":17},"end":{"line":62,"column":42}},"31":{"start":{"line":63,"column":16},"end":{"line":63,"column":17}},"32":{"start":{"line":64,"column":8},"end":{"line":68,"column":9}},"33":{"start":{"line":65,"column":12},"end":{"line":65,"column":54}},"34":{"start":{"line":66,"column":12},"end":{"line":66,"column":54}},"35":{"start":{"line":67,"column":12},"end":{"line":67,"column":16}},"36":{"start":{"line":69,"column":8},"end":{"line":69,"column":39}},"37":{"start":{"line":70,"column":8},"end":{"line":70,"column":39}},"38":{"start":{"line":72,"column":4},"end":{"line":72,"column":17}},"39":{"start":{"line":80,"column":16},"end":{"line":80,"column":39}},"40":{"start":{"line":83,"column":4},"end":{"line":85,"column":5}},"41":{"start":{"line":84,"column":8},"end":{"line":84,"column":46}},"42":{"start":{"line":86,"column":4},"end":{"line":91,"column":5}},"43":{"start":{"line":87,"column":8},"end":{"line":89,"column":77}},"44":{"start":{"line":90,"column":8},"end":{"line":90,"column":68}},"45":{"start":{"line":93,"column":4},"end":{"line":93,"column":32}},"46":{"start":{"line":95,"column":14},"end":{"line":95,"column":16}},"47":{"start":{"line":96,"column":4},"end":{"line":98,"column":5}},"48":{"start":{"line":97,"column":7},"end":{"line":97,"column":56}},"49":{"start":{"line":100,"column":4},"end":{"line":100,"column":15}},"50":{"start":{"line":103,"column":4},"end":{"line":103,"column":59}},"51":{"start":{"line":107,"column":26},"end":{"line":107,"column":28}},"52":{"start":{"line":108,"column":4},"end":{"line":115,"column":5}},"53":{"start":{"line":108,"column":16},"end":{"line":108,"column":17}},"54":{"start":{"line":109,"column":20},"end":{"line":109,"column":68}},"55":{"start":{"line":110,"column":8},"end":{"line":114,"column":9}},"56":{"start":{"line":110,"column":20},"end":{"line":110,"column":21}},"57":{"start":{"line":111,"column":12},"end":{"line":113,"column":13}},"58":{"start":{"line":112,"column":16},"end":{"line":112,"column":66}},"59":{"start":{"line":116,"column":4},"end":{"line":116,"column":27}},"60":{"start":{"line":171,"column":16},"end":{"line":173,"column":28}},"61":{"start":{"line":174,"column":20},"end":{"line":174,"column":43}},"62":{"start":{"line":175,"column":4},"end":{"line":178,"column":6}},"63":{"start":{"line":176,"column":8},"end":{"line":176,"column":28}},"64":{"start":{"line":176,"column":18},"end":{"line":176,"column":27}},"65":{"start":{"line":177,"column":8},"end":{"line":177,"column":17}},"66":{"start":{"line":187,"column":16},"end":{"line":188,"column":29}},"67":{"start":{"line":189,"column":4},"end":{"line":208,"column":6}},"68":{"start":{"line":190,"column":8},"end":{"line":190,"column":30}},"69":{"start":{"line":190,"column":18},"end":{"line":190,"column":29}},"70":{"start":{"line":191,"column":22},"end":{"line":191,"column":44}},"71":{"start":{"line":192,"column":19},"end":{"line":192,"column":31}},"72":{"start":{"line":193,"column":22},"end":{"line":193,"column":37}},"73":{"start":{"line":194,"column":26},"end":{"line":194,"column":39}},"74":{"start":{"line":195,"column":16},"end":{"line":195,"column":28}},"75":{"start":{"line":196,"column":16},"end":{"line":196,"column":28}},"76":{"start":{"line":201,"column":8},"end":{"line":201,"column":71}},"77":{"start":{"line":201,"column":33},"end":{"line":201,"column":70}},"78":{"start":{"line":204,"column":20},"end":{"line":204,"column":60}},"79":{"start":{"line":205,"column":8},"end":{"line":207,"column":10}},"80":{"start":{"line":206,"column":12},"end":{"line":206,"column":34}},"81":{"start":{"line":206,"column":22},"end":{"line":206,"column":33}},"82":{"start":{"line":225,"column":0},"end":{"line":262,"column":2}},"83":{"start":{"line":227,"column":20},"end":{"line":227,"column":62}},"84":{"start":{"line":229,"column":4},"end":{"line":240,"column":5}},"85":{"start":{"line":230,"column":8},"end":{"line":230,"column":89}},"86":{"start":{"line":231,"column":8},"end":{"line":231,"column":15}},"87":{"start":{"line":233,"column":9},"end":{"line":240,"column":5}},"88":{"start":{"line":234,"column":8},"end":{"line":234,"column":110}},"89":{"start":{"line":235,"column":8},"end":{"line":235,"column":15}},"90":{"start":{"line":237,"column":9},"end":{"line":240,"column":5}},"91":{"start":{"line":238,"column":8},"end":{"line":238,"column":97}},"92":{"start":{"line":239,"column":8},"end":{"line":239,"column":15}},"93":{"start":{"line":243,"column":4},"end":{"line":261,"column":6}},"94":{"start":{"line":245,"column":8},"end":{"line":248,"column":9}},"95":{"start":{"line":246,"column":12},"end":{"line":246,"column":140}},"96":{"start":{"line":247,"column":12},"end":{"line":247,"column":19}},"97":{"start":{"line":250,"column":8},"end":{"line":260,"column":10}},"98":{"start":{"line":258,"column":9},"end":{"line":258,"column":31}},"99":{"start":{"line":258,"column":19},"end":{"line":258,"column":30}},"100":{"start":{"line":259,"column":9},"end":{"line":259,"column":82}},"101":{"start":{"line":277,"column":0},"end":{"line":289,"column":2}},"102":{"start":{"line":279,"column":20},"end":{"line":279,"column":62}},"103":{"start":{"line":281,"column":4},"end":{"line":288,"column":6}},"104":{"start":{"line":282,"column":8},"end":{"line":287,"column":9}},"105":{"start":{"line":283,"column":12},"end":{"line":283,"column":139}},"106":{"start":{"line":284,"column":12},"end":{"line":284,"column":19}},"107":{"start":{"line":286,"column":12},"end":{"line":286,"column":39}},"108":{"start":{"line":303,"column":0},"end":{"line":331,"column":2}},"109":{"start":{"line":304,"column":20},"end":{"line":304,"column":64}},"110":{"start":{"line":305,"column":20},"end":{"line":305,"column":36}},"111":{"start":{"line":308,"column":4},"end":{"line":330,"column":6}},"112":{"start":{"line":310,"column":8},"end":{"line":313,"column":9}},"113":{"start":{"line":311,"column":12},"end":{"line":311,"column":79}},"114":{"start":{"line":312,"column":12},"end":{"line":312,"column":19}},"115":{"start":{"line":315,"column":8},"end":{"line":318,"column":9}},"116":{"start":{"line":316,"column":12},"end":{"line":316,"column":113}},"117":{"start":{"line":317,"column":12},"end":{"line":317,"column":19}},"118":{"start":{"line":320,"column":8},"end":{"line":323,"column":9}},"119":{"start":{"line":321,"column":12},"end":{"line":321,"column":139}},"120":{"start":{"line":322,"column":12},"end":{"line":322,"column":19}},"121":{"start":{"line":326,"column":8},"end":{"line":329,"column":10}},"122":{"start":{"line":327,"column":12},"end":{"line":327,"column":34}},"123":{"start":{"line":327,"column":22},"end":{"line":327,"column":33}},"124":{"start":{"line":328,"column":12},"end":{"line":328,"column":75}},"125":{"start":{"line":353,"column":0},"end":{"line":366,"column":2}},"126":{"start":{"line":354,"column":4},"end":{"line":357,"column":5}},"127":{"start":{"line":355,"column":8},"end":{"line":355,"column":82}},"128":{"start":{"line":356,"column":8},"end":{"line":356,"column":15}},"129":{"start":{"line":358,"column":4},"end":{"line":365,"column":6}},"130":{"start":{"line":359,"column":8},"end":{"line":362,"column":9}},"131":{"start":{"line":360,"column":12},"end":{"line":360,"column":137}},"132":{"start":{"line":361,"column":12},"end":{"line":361,"column":23}},"133":{"start":{"line":363,"column":8},"end":{"line":363,"column":30}},"134":{"start":{"line":363,"column":18},"end":{"line":363,"column":29}},"135":{"start":{"line":364,"column":12},"end":{"line":364,"column":31}},"136":{"start":{"line":385,"column":0},"end":{"line":425,"column":2}},"137":{"start":{"line":388,"column":4},"end":{"line":424,"column":6}},"138":{"start":{"line":390,"column":8},"end":{"line":393,"column":9}},"139":{"start":{"line":391,"column":12},"end":{"line":391,"column":115}},"140":{"start":{"line":392,"column":12},"end":{"line":392,"column":19}},"141":{"start":{"line":395,"column":8},"end":{"line":398,"column":9}},"142":{"start":{"line":396,"column":12},"end":{"line":396,"column":83}},"143":{"start":{"line":397,"column":12},"end":{"line":397,"column":19}},"144":{"start":{"line":400,"column":8},"end":{"line":403,"column":9}},"145":{"start":{"line":401,"column":12},"end":{"line":401,"column":93}},"146":{"start":{"line":402,"column":12},"end":{"line":402,"column":19}},"147":{"start":{"line":405,"column":17},"end":{"line":405,"column":48}},"148":{"start":{"line":406,"column":8},"end":{"line":423,"column":10}},"149":{"start":{"line":421,"column":9},"end":{"line":421,"column":31}},"150":{"start":{"line":421,"column":19},"end":{"line":421,"column":30}},"151":{"start":{"line":422,"column":12},"end":{"line":422,"column":89}},"152":{"start":{"line":445,"column":0},"end":{"line":485,"column":2}},"153":{"start":{"line":446,"column":16},"end":{"line":446,"column":58}},"154":{"start":{"line":447,"column":20},"end":{"line":457,"column":66}},"155":{"start":{"line":459,"column":4},"end":{"line":484,"column":6}},"156":{"start":{"line":460,"column":8},"end":{"line":463,"column":9}},"157":{"start":{"line":461,"column":12},"end":{"line":461,"column":93}},"158":{"start":{"line":462,"column":12},"end":{"line":462,"column":19}},"159":{"start":{"line":465,"column":8},"end":{"line":468,"column":9}},"160":{"start":{"line":466,"column":12},"end":{"line":466,"column":115}},"161":{"start":{"line":467,"column":12},"end":{"line":467,"column":19}},"162":{"start":{"line":470,"column":8},"end":{"line":473,"column":9}},"163":{"start":{"line":471,"column":12},"end":{"line":471,"column":83}},"164":{"start":{"line":472,"column":12},"end":{"line":472,"column":19}},"165":{"start":{"line":475,"column":8},"end":{"line":478,"column":9}},"166":{"start":{"line":476,"column":12},"end":{"line":476,"column":117}},"167":{"start":{"line":477,"column":12},"end":{"line":477,"column":19}},"168":{"start":{"line":480,"column":8},"end":{"line":483,"column":10}},"169":{"start":{"line":481,"column":13},"end":{"line":481,"column":35}},"170":{"start":{"line":481,"column":23},"end":{"line":481,"column":34}},"171":{"start":{"line":482,"column":13},"end":{"line":482,"column":77}},"172":{"start":{"line":497,"column":0},"end":{"line":509,"column":2}},"173":{"start":{"line":498,"column":16},"end":{"line":498,"column":60}},"174":{"start":{"line":500,"column":4},"end":{"line":503,"column":5}},"175":{"start":{"line":501,"column":8},"end":{"line":501,"column":47}},"176":{"start":{"line":502,"column":8},"end":{"line":502,"column":15}},"177":{"start":{"line":505,"column":4},"end":{"line":508,"column":6}},"178":{"start":{"line":506,"column":8},"end":{"line":506,"column":30}},"179":{"start":{"line":506,"column":18},"end":{"line":506,"column":29}},"180":{"start":{"line":507,"column":8},"end":{"line":507,"column":49}},"181":{"start":{"line":527,"column":0},"end":{"line":587,"column":2}},"182":{"start":{"line":531,"column":16},"end":{"line":532,"column":38}},"183":{"start":{"line":534,"column":4},"end":{"line":586,"column":18}},"184":{"start":{"line":535,"column":8},"end":{"line":535,"column":30}},"185":{"start":{"line":535,"column":18},"end":{"line":535,"column":29}},"186":{"start":{"line":537,"column":19},"end":{"line":537,"column":29}},"187":{"start":{"line":539,"column":24},"end":{"line":540,"column":70}},"188":{"start":{"line":542,"column":4},"end":{"line":586,"column":15}},"189":{"start":{"line":544,"column":6},"end":{"line":547,"column":7}},"190":{"start":{"line":545,"column":8},"end":{"line":545,"column":57}},"191":{"start":{"line":546,"column":8},"end":{"line":546,"column":15}},"192":{"start":{"line":549,"column":12},"end":{"line":549,"column":37}},"193":{"start":{"line":550,"column":12},"end":{"line":550,"column":37}},"194":{"start":{"line":555,"column":16},"end":{"line":557,"column":44}},"195":{"start":{"line":560,"column":4},"end":{"line":586,"column":12}},"196":{"start":{"line":561,"column":8},"end":{"line":561,"column":30}},"197":{"start":{"line":561,"column":18},"end":{"line":561,"column":29}},"198":{"start":{"line":563,"column":23},"end":{"line":563,"column":36}},"199":{"start":{"line":570,"column":24},"end":{"line":570,"column":86}},"200":{"start":{"line":572,"column":14},"end":{"line":572,"column":102}},"201":{"start":{"line":574,"column":16},"end":{"line":575,"column":60}},"202":{"start":{"line":576,"column":20},"end":{"line":576,"column":53}},"203":{"start":{"line":577,"column":4},"end":{"line":586,"column":9}},"204":{"start":{"line":578,"column":8},"end":{"line":580,"column":20}},"205":{"start":{"line":579,"column":12},"end":{"line":579,"column":50}},"206":{"start":{"line":580,"column":12},"end":{"line":580,"column":19}},"207":{"start":{"line":582,"column":4},"end":{"line":586,"column":6}},"208":{"start":{"line":583,"column":8},"end":{"line":583,"column":30}},"209":{"start":{"line":583,"column":18},"end":{"line":583,"column":29}},"210":{"start":{"line":585,"column":8},"end":{"line":585,"column":25}},"211":{"start":{"line":602,"column":4},"end":{"line":620,"column":5}},"212":{"start":{"line":605,"column":8},"end":{"line":605,"column":66}},"213":{"start":{"line":607,"column":8},"end":{"line":607,"column":66}},"214":{"start":{"line":609,"column":8},"end":{"line":609,"column":105}},"215":{"start":{"line":610,"column":8},"end":{"line":610,"column":111}},"216":{"start":{"line":615,"column":8},"end":{"line":615,"column":72}},"217":{"start":{"line":618,"column":8},"end":{"line":618,"column":69}},"218":{"start":{"line":621,"column":4},"end":{"line":621,"column":11}},"219":{"start":{"line":624,"column":0},"end":{"line":675,"column":2}},"220":{"start":{"line":625,"column":21},"end":{"line":625,"column":111}},"221":{"start":{"line":626,"column":21},"end":{"line":626,"column":111}},"222":{"start":{"line":628,"column":4},"end":{"line":631,"column":5}},"223":{"start":{"line":629,"column":8},"end":{"line":629,"column":83}},"224":{"start":{"line":630,"column":8},"end":{"line":630,"column":15}},"225":{"start":{"line":633,"column":4},"end":{"line":636,"column":5}},"226":{"start":{"line":634,"column":8},"end":{"line":634,"column":60}},"227":{"start":{"line":635,"column":8},"end":{"line":635,"column":15}},"228":{"start":{"line":643,"column":4},"end":{"line":674,"column":6}},"229":{"start":{"line":644,"column":8},"end":{"line":644,"column":30}},"230":{"start":{"line":644,"column":18},"end":{"line":644,"column":29}},"231":{"start":{"line":645,"column":8},"end":{"line":648,"column":9}},"232":{"start":{"line":646,"column":12},"end":{"line":646,"column":55}},"233":{"start":{"line":647,"column":12},"end":{"line":647,"column":23}},"234":{"start":{"line":649,"column":8},"end":{"line":649,"column":29}},"235":{"start":{"line":652,"column":8},"end":{"line":673,"column":10}},"236":{"start":{"line":653,"column":12},"end":{"line":653,"column":34}},"237":{"start":{"line":653,"column":22},"end":{"line":653,"column":33}},"238":{"start":{"line":654,"column":12},"end":{"line":657,"column":13}},"239":{"start":{"line":655,"column":16},"end":{"line":655,"column":59}},"240":{"start":{"line":656,"column":16},"end":{"line":656,"column":27}},"241":{"start":{"line":658,"column":12},"end":{"line":658,"column":33}},"242":{"start":{"line":660,"column":12},"end":{"line":660,"column":60}},"243":{"start":{"line":663,"column":12},"end":{"line":672,"column":14}},"244":{"start":{"line":664,"column":16},"end":{"line":664,"column":38}},"245":{"start":{"line":664,"column":26},"end":{"line":664,"column":37}},"246":{"start":{"line":667,"column":16},"end":{"line":671,"column":18}},"247":{"start":{"line":668,"column":20},"end":{"line":668,"column":42}},"248":{"start":{"line":668,"column":30},"end":{"line":668,"column":41}},"249":{"start":{"line":670,"column":20},"end":{"line":670,"column":72}},"250":{"start":{"line":681,"column":0},"end":{"line":710,"column":2}},"251":{"start":{"line":683,"column":4},"end":{"line":686,"column":5}},"252":{"start":{"line":684,"column":8},"end":{"line":684,"column":58}},"253":{"start":{"line":685,"column":8},"end":{"line":685,"column":15}},"254":{"start":{"line":688,"column":21},"end":{"line":688,"column":23}},"255":{"start":{"line":691,"column":4},"end":{"line":709,"column":6}},"256":{"start":{"line":692,"column":8},"end":{"line":692,"column":30}},"257":{"start":{"line":692,"column":18},"end":{"line":692,"column":29}},"258":{"start":{"line":693,"column":8},"end":{"line":695,"column":9}},"259":{"start":{"line":694,"column":12},"end":{"line":694,"column":91}},"260":{"start":{"line":697,"column":8},"end":{"line":706,"column":9}},"261":{"start":{"line":699,"column":12},"end":{"line":705,"column":13}},"262":{"start":{"line":701,"column":16},"end":{"line":704,"column":66}},"263":{"start":{"line":708,"column":8},"end":{"line":708,"column":51}},"264":{"start":{"line":716,"column":0},"end":{"line":721,"column":2}},"265":{"start":{"line":717,"column":4},"end":{"line":720,"column":6}},"266":{"start":{"line":718,"column":8},"end":{"line":718,"column":30}},"267":{"start":{"line":718,"column":18},"end":{"line":718,"column":29}},"268":{"start":{"line":719,"column":8},"end":{"line":719,"column":33}},"269":{"start":{"line":728,"column":0},"end":{"line":733,"column":2}},"270":{"start":{"line":729,"column":15},"end":{"line":729,"column":81}},"271":{"start":{"line":730,"column":15},"end":{"line":730,"column":81}},"272":{"start":{"line":731,"column":4},"end":{"line":731,"column":45}},"273":{"start":{"line":731,"column":22},"end":{"line":731,"column":44}},"274":{"start":{"line":732,"column":4},"end":{"line":732,"column":38}},"275":{"start":{"line":737,"column":1},"end":{"line":742,"column":3}},"276":{"start":{"line":738,"column":5},"end":{"line":741,"column":7}},"277":{"start":{"line":740,"column":9},"end":{"line":740,"column":21}},"278":{"start":{"line":744,"column":1},"end":{"line":749,"column":3}},"279":{"start":{"line":745,"column":5},"end":{"line":748,"column":7}},"280":{"start":{"line":747,"column":9},"end":{"line":747,"column":21}},"281":{"start":{"line":751,"column":0},"end":{"line":756,"column":2}},"282":{"start":{"line":752,"column":4},"end":{"line":755,"column":6}},"283":{"start":{"line":754,"column":8},"end":{"line":754,"column":20}},"284":{"start":{"line":758,"column":0},"end":{"line":763,"column":2}},"285":{"start":{"line":759,"column":4},"end":{"line":762,"column":6}},"286":{"start":{"line":761,"column":8},"end":{"line":761,"column":20}},"287":{"start":{"line":766,"column":0},"end":{"line":771,"column":2}},"288":{"start":{"line":767,"column":4},"end":{"line":770,"column":6}},"289":{"start":{"line":769,"column":8},"end":{"line":769,"column":20}},"290":{"start":{"line":773,"column":0},"end":{"line":778,"column":2}},"291":{"start":{"line":774,"column":4},"end":{"line":777,"column":6}},"292":{"start":{"line":776,"column":8},"end":{"line":776,"column":20}},"293":{"start":{"line":796,"column":0},"end":{"line":807,"column":2}},"294":{"start":{"line":797,"column":16},"end":{"line":797,"column":100}},"295":{"start":{"line":799,"column":4},"end":{"line":806,"column":6}},"296":{"start":{"line":800,"column":8},"end":{"line":803,"column":9}},"297":{"start":{"line":801,"column":12},"end":{"line":801,"column":90}},"298":{"start":{"line":802,"column":12},"end":{"line":802,"column":23}},"299":{"start":{"line":804,"column":8},"end":{"line":804,"column":30}},"300":{"start":{"line":804,"column":18},"end":{"line":804,"column":29}},"301":{"start":{"line":805,"column":8},"end":{"line":805,"column":25}},"302":{"start":{"line":821,"column":0},"end":{"line":831,"column":2}},"303":{"start":{"line":822,"column":16},"end":{"line":822,"column":58}},"304":{"start":{"line":823,"column":4},"end":{"line":830,"column":6}},"305":{"start":{"line":824,"column":8},"end":{"line":824,"column":30}},"306":{"start":{"line":824,"column":18},"end":{"line":824,"column":29}},"307":{"start":{"line":825,"column":8},"end":{"line":828,"column":9}},"308":{"start":{"line":826,"column":12},"end":{"line":826,"column":77}},"309":{"start":{"line":827,"column":12},"end":{"line":827,"column":23}},"310":{"start":{"line":829,"column":8},"end":{"line":829,"column":27}},"311":{"start":{"line":836,"column":0},"end":{"line":876,"column":2}},"312":{"start":{"line":838,"column":4},"end":{"line":841,"column":5}},"313":{"start":{"line":839,"column":8},"end":{"line":839,"column":79}},"314":{"start":{"line":840,"column":8},"end":{"line":840,"column":15}},"315":{"start":{"line":843,"column":4},"end":{"line":875,"column":6}},"316":{"start":{"line":845,"column":8},"end":{"line":848,"column":9}},"317":{"start":{"line":846,"column":12},"end":{"line":846,"column":100}},"318":{"start":{"line":847,"column":12},"end":{"line":847,"column":19}},"319":{"start":{"line":851,"column":8},"end":{"line":860,"column":10}},"320":{"start":{"line":858,"column":12},"end":{"line":858,"column":34}},"321":{"start":{"line":858,"column":22},"end":{"line":858,"column":33}},"322":{"start":{"line":862,"column":8},"end":{"line":874,"column":10}},"323":{"start":{"line":871,"column":15},"end":{"line":871,"column":37}},"324":{"start":{"line":871,"column":25},"end":{"line":871,"column":36}},"325":{"start":{"line":873,"column":15},"end":{"line":873,"column":57}},"326":{"start":{"line":888,"column":0},"end":{"line":917,"column":2}},"327":{"start":{"line":890,"column":4},"end":{"line":890,"column":57}},"328":{"start":{"line":892,"column":4},"end":{"line":904,"column":6}},"329":{"start":{"line":901,"column":11},"end":{"line":901,"column":33}},"330":{"start":{"line":901,"column":21},"end":{"line":901,"column":32}},"331":{"start":{"line":903,"column":11},"end":{"line":903,"column":48}},"332":{"start":{"line":907,"column":16},"end":{"line":907,"column":106}},"333":{"start":{"line":908,"column":20},"end":{"line":908,"column":36}},"334":{"start":{"line":909,"column":4},"end":{"line":916,"column":6}},"335":{"start":{"line":910,"column":4},"end":{"line":913,"column":5}},"336":{"start":{"line":911,"column":5},"end":{"line":911,"column":43}},"337":{"start":{"line":912,"column":5},"end":{"line":912,"column":16}},"338":{"start":{"line":914,"column":5},"end":{"line":914,"column":27}},"339":{"start":{"line":914,"column":15},"end":{"line":914,"column":26}},"340":{"start":{"line":915,"column":5},"end":{"line":915,"column":48}},"341":{"start":{"line":924,"column":0},"end":{"line":936,"column":2}},"342":{"start":{"line":927,"column":4},"end":{"line":929,"column":5}},"343":{"start":{"line":928,"column":6},"end":{"line":928,"column":42}},"344":{"start":{"line":931,"column":16},"end":{"line":931,"column":60}},"345":{"start":{"line":932,"column":4},"end":{"line":935,"column":6}},"346":{"start":{"line":933,"column":8},"end":{"line":933,"column":30}},"347":{"start":{"line":933,"column":18},"end":{"line":933,"column":29}},"348":{"start":{"line":934,"column":8},"end":{"line":934,"column":43}},"349":{"start":{"line":944,"column":0},"end":{"line":957,"column":6}},"350":{"start":{"line":949,"column":4},"end":{"line":949,"column":85}},"351":{"start":{"line":952,"column":16},"end":{"line":952,"column":92}},"352":{"start":{"line":953,"column":4},"end":{"line":956,"column":10}},"353":{"start":{"line":954,"column":8},"end":{"line":954,"column":30}},"354":{"start":{"line":954,"column":18},"end":{"line":954,"column":29}},"355":{"start":{"line":955,"column":8},"end":{"line":955,"column":48}}},"fnMap":{"0":{"name":"(anonymous_0)","decl":{"start":{"line":10,"column":18},"end":{"line":10,"column":19}},"loc":{"start":{"line":10,"column":32},"end":{"line":12,"column":1}},"line":10},"1":{"name":"(anonymous_1)","decl":{"start":{"line":14,"column":30},"end":{"line":14,"column":31}},"loc":{"start":{"line":14,"column":46},"end":{"line":16,"column":1}},"line":14},"2":{"name":"(anonymous_2)","decl":{"start":{"line":22,"column":97},"end":{"line":22,"column":98}},"loc":{"start":{"line":22,"column":114},"end":{"line":51,"column":1}},"line":22},"3":{"name":"(anonymous_3)","decl":{"start":{"line":29,"column":37},"end":{"line":29,"column":38}},"loc":{"start":{"line":29,"column":56},"end":{"line":32,"column":3}},"line":29},"4":{"name":"(anonymous_4)","decl":{"start":{"line":33,"column":44},"end":{"line":33,"column":45}},"loc":{"start":{"line":33,"column":63},"end":{"line":36,"column":3}},"line":33},"5":{"name":"(anonymous_5)","decl":{"start":{"line":37,"column":40},"end":{"line":37,"column":41}},"loc":{"start":{"line":37,"column":59},"end":{"line":39,"column":3}},"line":37},"6":{"name":"(anonymous_6)","decl":{"start":{"line":42,"column":45},"end":{"line":42,"column":46}},"loc":{"start":{"line":42,"column":64},"end":{"line":45,"column":3}},"line":42},"7":{"name":"(anonymous_7)","decl":{"start":{"line":47,"column":19},"end":{"line":47,"column":20}},"loc":{"start":{"line":47,"column":30},"end":{"line":49,"column":3}},"line":47},"8":{"name":"insertionSort","decl":{"start":{"line":59,"column":9},"end":{"line":59,"column":22}},"loc":{"start":{"line":59,"column":36},"end":{"line":73,"column":1}},"line":59},"9":{"name":"generateMatch","decl":{"start":{"line":77,"column":9},"end":{"line":77,"column":22}},"loc":{"start":{"line":77,"column":62},"end":{"line":101,"column":1}},"line":77},"10":{"name":"accept","decl":{"start":{"line":102,"column":9},"end":{"line":102,"column":15}},"loc":{"start":{"line":102,"column":43},"end":{"line":104,"column":1}},"line":102},"11":{"name":"timeFilterMatch","decl":{"start":{"line":106,"column":9},"end":{"line":106,"column":24}},"loc":{"start":{"line":106,"column":59},"end":{"line":117,"column":1}},"line":106},"12":{"name":"personMatchDelete","decl":{"start":{"line":170,"column":9},"end":{"line":170,"column":26}},"loc":{"start":{"line":170,"column":40},"end":{"line":179,"column":1}},"line":170},"13":{"name":"(anonymous_13)","decl":{"start":{"line":175,"column":63},"end":{"line":175,"column":64}},"loc":{"start":{"line":175,"column":80},"end":{"line":178,"column":5}},"line":175},"14":{"name":"matchesDelete","decl":{"start":{"line":185,"column":9},"end":{"line":185,"column":22}},"loc":{"start":{"line":185,"column":32},"end":{"line":210,"column":1}},"line":185},"15":{"name":"(anonymous_15)","decl":{"start":{"line":189,"column":56},"end":{"line":189,"column":57}},"loc":{"start":{"line":189,"column":72},"end":{"line":208,"column":5}},"line":189},"16":{"name":"(anonymous_16)","decl":{"start":{"line":205,"column":58},"end":{"line":205,"column":59}},"loc":{"start":{"line":205,"column":75},"end":{"line":207,"column":9}},"line":205},"17":{"name":"(anonymous_17)","decl":{"start":{"line":225,"column":38},"end":{"line":225,"column":39}},"loc":{"start":{"line":225,"column":51},"end":{"line":262,"column":1}},"line":225},"18":{"name":"(anonymous_18)","decl":{"start":{"line":243,"column":57},"end":{"line":243,"column":58}},"loc":{"start":{"line":243,"column":72},"end":{"line":261,"column":5}},"line":243},"19":{"name":"(anonymous_19)","decl":{"start":{"line":257,"column":49},"end":{"line":257,"column":50}},"loc":{"start":{"line":257,"column":66},"end":{"line":260,"column":9}},"line":257},"20":{"name":"(anonymous_20)","decl":{"start":{"line":277,"column":37},"end":{"line":277,"column":38}},"loc":{"start":{"line":277,"column":50},"end":{"line":289,"column":1}},"line":277},"21":{"name":"(anonymous_21)","decl":{"start":{"line":281,"column":64},"end":{"line":281,"column":65}},"loc":{"start":{"line":281,"column":79},"end":{"line":288,"column":5}},"line":281},"22":{"name":"(anonymous_22)","decl":{"start":{"line":303,"column":37},"end":{"line":303,"column":38}},"loc":{"start":{"line":303,"column":50},"end":{"line":331,"column":1}},"line":303},"23":{"name":"(anonymous_23)","decl":{"start":{"line":308,"column":57},"end":{"line":308,"column":58}},"loc":{"start":{"line":308,"column":72},"end":{"line":330,"column":5}},"line":308},"24":{"name":"(anonymous_24)","decl":{"start":{"line":326,"column":75},"end":{"line":326,"column":76}},"loc":{"start":{"line":326,"column":92},"end":{"line":329,"column":9}},"line":326},"25":{"name":"(anonymous_25)","decl":{"start":{"line":353,"column":30},"end":{"line":353,"column":31}},"loc":{"start":{"line":353,"column":49},"end":{"line":366,"column":1}},"line":353},"26":{"name":"(anonymous_26)","decl":{"start":{"line":358,"column":91},"end":{"line":358,"column":92}},"loc":{"start":{"line":358,"column":110},"end":{"line":365,"column":5}},"line":358},"27":{"name":"(anonymous_27)","decl":{"start":{"line":385,"column":26},"end":{"line":385,"column":27}},"loc":{"start":{"line":385,"column":39},"end":{"line":425,"column":1}},"line":385},"28":{"name":"(anonymous_28)","decl":{"start":{"line":388,"column":91},"end":{"line":388,"column":92}},"loc":{"start":{"line":388,"column":110},"end":{"line":424,"column":5}},"line":388},"29":{"name":"(anonymous_29)","decl":{"start":{"line":418,"column":53},"end":{"line":418,"column":54}},"loc":{"start":{"line":418,"column":70},"end":{"line":423,"column":9}},"line":418},"30":{"name":"(anonymous_30)","decl":{"start":{"line":445,"column":30},"end":{"line":445,"column":31}},"loc":{"start":{"line":445,"column":43},"end":{"line":485,"column":1}},"line":445},"31":{"name":"(anonymous_31)","decl":{"start":{"line":459,"column":91},"end":{"line":459,"column":92}},"loc":{"start":{"line":459,"column":110},"end":{"line":484,"column":5}},"line":459},"32":{"name":"(anonymous_32)","decl":{"start":{"line":480,"column":64},"end":{"line":480,"column":65}},"loc":{"start":{"line":480,"column":81},"end":{"line":483,"column":9}},"line":480},"33":{"name":"(anonymous_33)","decl":{"start":{"line":497,"column":33},"end":{"line":497,"column":34}},"loc":{"start":{"line":497,"column":46},"end":{"line":509,"column":1}},"line":497},"34":{"name":"(anonymous_34)","decl":{"start":{"line":505,"column":54},"end":{"line":505,"column":55}},"loc":{"start":{"line":505,"column":71},"end":{"line":508,"column":5}},"line":505},"35":{"name":"(anonymous_35)","decl":{"start":{"line":527,"column":50},"end":{"line":527,"column":51}},"loc":{"start":{"line":527,"column":63},"end":{"line":587,"column":1}},"line":527},"36":{"name":"(anonymous_36)","decl":{"start":{"line":534,"column":53},"end":{"line":534,"column":54}},"loc":{"start":{"line":534,"column":73},"end":{"line":586,"column":17}},"line":534},"37":{"name":"(anonymous_37)","decl":{"start":{"line":542,"column":69},"end":{"line":542,"column":70}},"loc":{"start":{"line":542,"column":97},"end":{"line":586,"column":14}},"line":542},"38":{"name":"(anonymous_38)","decl":{"start":{"line":560,"column":61},"end":{"line":560,"column":62}},"loc":{"start":{"line":560,"column":84},"end":{"line":586,"column":11}},"line":560},"39":{"name":"(anonymous_39)","decl":{"start":{"line":577,"column":63},"end":{"line":577,"column":64}},"loc":{"start":{"line":577,"column":80},"end":{"line":586,"column":8}},"line":577},"40":{"name":"(anonymous_40)","decl":{"start":{"line":582,"column":56},"end":{"line":582,"column":57}},"loc":{"start":{"line":582,"column":72},"end":{"line":586,"column":5}},"line":582},"41":{"name":"updateRequestWait","decl":{"start":{"line":599,"column":9},"end":{"line":599,"column":26}},"loc":{"start":{"line":599,"column":56},"end":{"line":622,"column":1}},"line":599},"42":{"name":"(anonymous_42)","decl":{"start":{"line":624,"column":44},"end":{"line":624,"column":45}},"loc":{"start":{"line":624,"column":57},"end":{"line":675,"column":1}},"line":624},"43":{"name":"(anonymous_43)","decl":{"start":{"line":643,"column":61},"end":{"line":643,"column":62}},"loc":{"start":{"line":643,"column":73},"end":{"line":674,"column":5}},"line":643},"44":{"name":"(anonymous_44)","decl":{"start":{"line":652,"column":65},"end":{"line":652,"column":66}},"loc":{"start":{"line":652,"column":77},"end":{"line":673,"column":9}},"line":652},"45":{"name":"(anonymous_45)","decl":{"start":{"line":663,"column":165},"end":{"line":663,"column":166}},"loc":{"start":{"line":663,"column":189},"end":{"line":672,"column":13}},"line":663},"46":{"name":"(anonymous_46)","decl":{"start":{"line":667,"column":169},"end":{"line":667,"column":170}},"loc":{"start":{"line":667,"column":193},"end":{"line":671,"column":17}},"line":667},"47":{"name":"(anonymous_47)","decl":{"start":{"line":681,"column":54},"end":{"line":681,"column":55}},"loc":{"start":{"line":681,"column":67},"end":{"line":710,"column":1}},"line":681},"48":{"name":"(anonymous_48)","decl":{"start":{"line":691,"column":94},"end":{"line":691,"column":95}},"loc":{"start":{"line":691,"column":112},"end":{"line":709,"column":5}},"line":691},"49":{"name":"(anonymous_49)","decl":{"start":{"line":716,"column":58},"end":{"line":716,"column":59}},"loc":{"start":{"line":716,"column":71},"end":{"line":721,"column":1}},"line":716},"50":{"name":"(anonymous_50)","decl":{"start":{"line":717,"column":94},"end":{"line":717,"column":95}},"loc":{"start":{"line":717,"column":111},"end":{"line":720,"column":5}},"line":717},"51":{"name":"(anonymous_51)","decl":{"start":{"line":728,"column":45},"end":{"line":728,"column":46}},"loc":{"start":{"line":728,"column":58},"end":{"line":733,"column":1}},"line":728},"52":{"name":"(anonymous_52)","decl":{"start":{"line":737,"column":28},"end":{"line":737,"column":29}},"loc":{"start":{"line":737,"column":41},"end":{"line":742,"column":2}},"line":737},"53":{"name":"(anonymous_53)","decl":{"start":{"line":738,"column":49},"end":{"line":738,"column":50}},"loc":{"start":{"line":738,"column":61},"end":{"line":741,"column":6}},"line":738},"54":{"name":"(anonymous_54)","decl":{"start":{"line":744,"column":34},"end":{"line":744,"column":35}},"loc":{"start":{"line":744,"column":47},"end":{"line":749,"column":2}},"line":744},"55":{"name":"(anonymous_55)","decl":{"start":{"line":745,"column":48},"end":{"line":745,"column":49}},"loc":{"start":{"line":745,"column":60},"end":{"line":748,"column":6}},"line":745},"56":{"name":"(anonymous_56)","decl":{"start":{"line":751,"column":31},"end":{"line":751,"column":32}},"loc":{"start":{"line":751,"column":44},"end":{"line":756,"column":1}},"line":751},"57":{"name":"(anonymous_57)","decl":{"start":{"line":752,"column":56},"end":{"line":752,"column":57}},"loc":{"start":{"line":752,"column":68},"end":{"line":755,"column":5}},"line":752},"58":{"name":"(anonymous_58)","decl":{"start":{"line":758,"column":29},"end":{"line":758,"column":30}},"loc":{"start":{"line":758,"column":42},"end":{"line":763,"column":1}},"line":758},"59":{"name":"(anonymous_59)","decl":{"start":{"line":759,"column":51},"end":{"line":759,"column":52}},"loc":{"start":{"line":759,"column":63},"end":{"line":762,"column":5}},"line":759},"60":{"name":"(anonymous_60)","decl":{"start":{"line":766,"column":37},"end":{"line":766,"column":38}},"loc":{"start":{"line":766,"column":50},"end":{"line":771,"column":1}},"line":766},"61":{"name":"(anonymous_61)","decl":{"start":{"line":767,"column":55},"end":{"line":767,"column":56}},"loc":{"start":{"line":767,"column":67},"end":{"line":770,"column":5}},"line":767},"62":{"name":"(anonymous_62)","decl":{"start":{"line":773,"column":35},"end":{"line":773,"column":36}},"loc":{"start":{"line":773,"column":48},"end":{"line":778,"column":1}},"line":773},"63":{"name":"(anonymous_63)","decl":{"start":{"line":774,"column":50},"end":{"line":774,"column":51}},"loc":{"start":{"line":774,"column":62},"end":{"line":777,"column":5}},"line":774},"64":{"name":"(anonymous_64)","decl":{"start":{"line":796,"column":38},"end":{"line":796,"column":39}},"loc":{"start":{"line":796,"column":51},"end":{"line":807,"column":1}},"line":796},"65":{"name":"(anonymous_65)","decl":{"start":{"line":799,"column":61},"end":{"line":799,"column":62}},"loc":{"start":{"line":799,"column":78},"end":{"line":806,"column":5}},"line":799},"66":{"name":"(anonymous_66)","decl":{"start":{"line":821,"column":29},"end":{"line":821,"column":30}},"loc":{"start":{"line":821,"column":42},"end":{"line":831,"column":1}},"line":821},"67":{"name":"(anonymous_67)","decl":{"start":{"line":823,"column":61},"end":{"line":823,"column":62}},"loc":{"start":{"line":823,"column":80},"end":{"line":830,"column":5}},"line":823},"68":{"name":"(anonymous_68)","decl":{"start":{"line":836,"column":30},"end":{"line":836,"column":31}},"loc":{"start":{"line":836,"column":43},"end":{"line":876,"column":1}},"line":836},"69":{"name":"(anonymous_69)","decl":{"start":{"line":843,"column":91},"end":{"line":843,"column":92}},"loc":{"start":{"line":843,"column":110},"end":{"line":875,"column":5}},"line":843},"70":{"name":"(anonymous_70)","decl":{"start":{"line":857,"column":45},"end":{"line":857,"column":46}},"loc":{"start":{"line":857,"column":62},"end":{"line":860,"column":9}},"line":857},"71":{"name":"(anonymous_71)","decl":{"start":{"line":870,"column":27},"end":{"line":870,"column":28}},"loc":{"start":{"line":870,"column":44},"end":{"line":874,"column":9}},"line":870},"72":{"name":"(anonymous_72)","decl":{"start":{"line":888,"column":38},"end":{"line":888,"column":39}},"loc":{"start":{"line":888,"column":51},"end":{"line":917,"column":1}},"line":888},"73":{"name":"(anonymous_73)","decl":{"start":{"line":900,"column":23},"end":{"line":900,"column":24}},"loc":{"start":{"line":900,"column":40},"end":{"line":904,"column":5}},"line":900},"74":{"name":"(anonymous_74)","decl":{"start":{"line":909,"column":68},"end":{"line":909,"column":69}},"loc":{"start":{"line":909,"column":85},"end":{"line":916,"column":5}},"line":909},"75":{"name":"(anonymous_75)","decl":{"start":{"line":924,"column":49},"end":{"line":924,"column":50}},"loc":{"start":{"line":924,"column":62},"end":{"line":936,"column":1}},"line":924},"76":{"name":"(anonymous_76)","decl":{"start":{"line":932,"column":58},"end":{"line":932,"column":59}},"loc":{"start":{"line":932,"column":75},"end":{"line":935,"column":5}},"line":932},"77":{"name":"(anonymous_77)","decl":{"start":{"line":944,"column":46},"end":{"line":944,"column":47}},"loc":{"start":{"line":944,"column":59},"end":{"line":957,"column":5}},"line":944},"78":{"name":"(anonymous_78)","decl":{"start":{"line":953,"column":58},"end":{"line":953,"column":59}},"loc":{"start":{"line":953,"column":75},"end":{"line":956,"column":9}},"line":953}},"branchMap":{"0":{"loc":{"start":{"line":23,"column":2},"end":{"line":23,"column":24}},"type":"if","locations":[{"start":{"line":23,"column":2},"end":{"line":23,"column":24}},{"start":{"line":23,"column":2},"end":{"line":23,"column":24}}],"line":23},"1":{"loc":{"start":{"line":30,"column":4},"end":{"line":30,"column":25}},"type":"if","locations":[{"start":{"line":30,"column":4},"end":{"line":30,"column":25}},{"start":{"line":30,"column":4},"end":{"line":30,"column":25}}],"line":30},"2":{"loc":{"start":{"line":34,"column":4},"end":{"line":34,"column":25}},"type":"if","locations":[{"start":{"line":34,"column":4},"end":{"line":34,"column":25}},{"start":{"line":34,"column":4},"end":{"line":34,"column":25}}],"line":34},"3":{"loc":{"start":{"line":38,"column":4},"end":{"line":38,"column":25}},"type":"if","locations":[{"start":{"line":38,"column":4},"end":{"line":38,"column":25}},{"start":{"line":38,"column":4},"end":{"line":38,"column":25}}],"line":38},"4":{"loc":{"start":{"line":43,"column":4},"end":{"line":43,"column":25}},"type":"if","locations":[{"start":{"line":43,"column":4},"end":{"line":43,"column":25}},{"start":{"line":43,"column":4},"end":{"line":43,"column":25}}],"line":43},"5":{"loc":{"start":{"line":64,"column":14},"end":{"line":64,"column":39}},"type":"binary-expr","locations":[{"start":{"line":64,"column":14},"end":{"line":64,"column":17}},{"start":{"line":64,"column":21},"end":{"line":64,"column":39}}],"line":64},"6":{"loc":{"start":{"line":103,"column":12},"end":{"line":103,"column":57}},"type":"binary-expr","locations":[{"start":{"line":103,"column":13},"end":{"line":103,"column":29}},{"start":{"line":103,"column":35},"end":{"line":103,"column":56}}],"line":103},"7":{"loc":{"start":{"line":111,"column":12},"end":{"line":113,"column":13}},"type":"if","locations":[{"start":{"line":111,"column":12},"end":{"line":113,"column":13}},{"start":{"line":111,"column":12},"end":{"line":113,"column":13}}],"line":111},"8":{"loc":{"start":{"line":176,"column":8},"end":{"line":176,"column":28}},"type":"if","locations":[{"start":{"line":176,"column":8},"end":{"line":176,"column":28}},{"start":{"line":176,"column":8},"end":{"line":176,"column":28}}],"line":176},"9":{"loc":{"start":{"line":190,"column":8},"end":{"line":190,"column":30}},"type":"if","locations":[{"start":{"line":190,"column":8},"end":{"line":190,"column":30}},{"start":{"line":190,"column":8},"end":{"line":190,"column":30}}],"line":190},"10":{"loc":{"start":{"line":201,"column":8},"end":{"line":201,"column":71}},"type":"if","locations":[{"start":{"line":201,"column":8},"end":{"line":201,"column":71}},{"start":{"line":201,"column":8},"end":{"line":201,"column":71}}],"line":201},"11":{"loc":{"start":{"line":206,"column":12},"end":{"line":206,"column":34}},"type":"if","locations":[{"start":{"line":206,"column":12},"end":{"line":206,"column":34}},{"start":{"line":206,"column":12},"end":{"line":206,"column":34}}],"line":206},"12":{"loc":{"start":{"line":229,"column":4},"end":{"line":240,"column":5}},"type":"if","locations":[{"start":{"line":229,"column":4},"end":{"line":240,"column":5}},{"start":{"line":229,"column":4},"end":{"line":240,"column":5}}],"line":229},"13":{"loc":{"start":{"line":233,"column":9},"end":{"line":240,"column":5}},"type":"if","locations":[{"start":{"line":233,"column":9},"end":{"line":240,"column":5}},{"start":{"line":233,"column":9},"end":{"line":240,"column":5}}],"line":233},"14":{"loc":{"start":{"line":237,"column":9},"end":{"line":240,"column":5}},"type":"if","locations":[{"start":{"line":237,"column":9},"end":{"line":240,"column":5}},{"start":{"line":237,"column":9},"end":{"line":240,"column":5}}],"line":237},"15":{"loc":{"start":{"line":237,"column":13},"end":{"line":237,"column":77}},"type":"binary-expr","locations":[{"start":{"line":237,"column":13},"end":{"line":237,"column":43}},{"start":{"line":237,"column":47},"end":{"line":237,"column":77}}],"line":237},"16":{"loc":{"start":{"line":245,"column":8},"end":{"line":248,"column":9}},"type":"if","locations":[{"start":{"line":245,"column":8},"end":{"line":248,"column":9}},{"start":{"line":245,"column":8},"end":{"line":248,"column":9}}],"line":245},"17":{"loc":{"start":{"line":258,"column":9},"end":{"line":258,"column":31}},"type":"if","locations":[{"start":{"line":258,"column":9},"end":{"line":258,"column":31}},{"start":{"line":258,"column":9},"end":{"line":258,"column":31}}],"line":258},"18":{"loc":{"start":{"line":282,"column":8},"end":{"line":287,"column":9}},"type":"if","locations":[{"start":{"line":282,"column":8},"end":{"line":287,"column":9}},{"start":{"line":282,"column":8},"end":{"line":287,"column":9}}],"line":282},"19":{"loc":{"start":{"line":310,"column":8},"end":{"line":313,"column":9}},"type":"if","locations":[{"start":{"line":310,"column":8},"end":{"line":313,"column":9}},{"start":{"line":310,"column":8},"end":{"line":313,"column":9}}],"line":310},"20":{"loc":{"start":{"line":315,"column":8},"end":{"line":318,"column":9}},"type":"if","locations":[{"start":{"line":315,"column":8},"end":{"line":318,"column":9}},{"start":{"line":315,"column":8},"end":{"line":318,"column":9}}],"line":315},"21":{"loc":{"start":{"line":320,"column":8},"end":{"line":323,"column":9}},"type":"if","locations":[{"start":{"line":320,"column":8},"end":{"line":323,"column":9}},{"start":{"line":320,"column":8},"end":{"line":323,"column":9}}],"line":320},"22":{"loc":{"start":{"line":327,"column":12},"end":{"line":327,"column":34}},"type":"if","locations":[{"start":{"line":327,"column":12},"end":{"line":327,"column":34}},{"start":{"line":327,"column":12},"end":{"line":327,"column":34}}],"line":327},"23":{"loc":{"start":{"line":354,"column":4},"end":{"line":357,"column":5}},"type":"if","locations":[{"start":{"line":354,"column":4},"end":{"line":357,"column":5}},{"start":{"line":354,"column":4},"end":{"line":357,"column":5}}],"line":354},"24":{"loc":{"start":{"line":359,"column":8},"end":{"line":362,"column":9}},"type":"if","locations":[{"start":{"line":359,"column":8},"end":{"line":362,"column":9}},{"start":{"line":359,"column":8},"end":{"line":362,"column":9}}],"line":359},"25":{"loc":{"start":{"line":363,"column":8},"end":{"line":363,"column":30}},"type":"if","locations":[{"start":{"line":363,"column":8},"end":{"line":363,"column":30}},{"start":{"line":363,"column":8},"end":{"line":363,"column":30}}],"line":363},"26":{"loc":{"start":{"line":390,"column":8},"end":{"line":393,"column":9}},"type":"if","locations":[{"start":{"line":390,"column":8},"end":{"line":393,"column":9}},{"start":{"line":390,"column":8},"end":{"line":393,"column":9}}],"line":390},"27":{"loc":{"start":{"line":395,"column":8},"end":{"line":398,"column":9}},"type":"if","locations":[{"start":{"line":395,"column":8},"end":{"line":398,"column":9}},{"start":{"line":395,"column":8},"end":{"line":398,"column":9}}],"line":395},"28":{"loc":{"start":{"line":395,"column":12},"end":{"line":395,"column":76}},"type":"binary-expr","locations":[{"start":{"line":395,"column":12},"end":{"line":395,"column":42}},{"start":{"line":395,"column":46},"end":{"line":395,"column":76}}],"line":395},"29":{"loc":{"start":{"line":400,"column":8},"end":{"line":403,"column":9}},"type":"if","locations":[{"start":{"line":400,"column":8},"end":{"line":403,"column":9}},{"start":{"line":400,"column":8},"end":{"line":403,"column":9}}],"line":400},"30":{"loc":{"start":{"line":421,"column":9},"end":{"line":421,"column":31}},"type":"if","locations":[{"start":{"line":421,"column":9},"end":{"line":421,"column":31}},{"start":{"line":421,"column":9},"end":{"line":421,"column":31}}],"line":421},"31":{"loc":{"start":{"line":460,"column":8},"end":{"line":463,"column":9}},"type":"if","locations":[{"start":{"line":460,"column":8},"end":{"line":463,"column":9}},{"start":{"line":460,"column":8},"end":{"line":463,"column":9}}],"line":460},"32":{"loc":{"start":{"line":465,"column":8},"end":{"line":468,"column":9}},"type":"if","locations":[{"start":{"line":465,"column":8},"end":{"line":468,"column":9}},{"start":{"line":465,"column":8},"end":{"line":468,"column":9}}],"line":465},"33":{"loc":{"start":{"line":470,"column":8},"end":{"line":473,"column":9}},"type":"if","locations":[{"start":{"line":470,"column":8},"end":{"line":473,"column":9}},{"start":{"line":470,"column":8},"end":{"line":473,"column":9}}],"line":470},"34":{"loc":{"start":{"line":470,"column":12},"end":{"line":470,"column":76}},"type":"binary-expr","locations":[{"start":{"line":470,"column":12},"end":{"line":470,"column":42}},{"start":{"line":470,"column":46},"end":{"line":470,"column":76}}],"line":470},"35":{"loc":{"start":{"line":475,"column":8},"end":{"line":478,"column":9}},"type":"if","locations":[{"start":{"line":475,"column":8},"end":{"line":478,"column":9}},{"start":{"line":475,"column":8},"end":{"line":478,"column":9}}],"line":475},"36":{"loc":{"start":{"line":481,"column":13},"end":{"line":481,"column":35}},"type":"if","locations":[{"start":{"line":481,"column":13},"end":{"line":481,"column":35}},{"start":{"line":481,"column":13},"end":{"line":481,"column":35}}],"line":481},"37":{"loc":{"start":{"line":500,"column":4},"end":{"line":503,"column":5}},"type":"if","locations":[{"start":{"line":500,"column":4},"end":{"line":503,"column":5}},{"start":{"line":500,"column":4},"end":{"line":503,"column":5}}],"line":500},"38":{"loc":{"start":{"line":506,"column":8},"end":{"line":506,"column":30}},"type":"if","locations":[{"start":{"line":506,"column":8},"end":{"line":506,"column":30}},{"start":{"line":506,"column":8},"end":{"line":506,"column":30}}],"line":506},"39":{"loc":{"start":{"line":535,"column":8},"end":{"line":535,"column":30}},"type":"if","locations":[{"start":{"line":535,"column":8},"end":{"line":535,"column":30}},{"start":{"line":535,"column":8},"end":{"line":535,"column":30}}],"line":535},"40":{"loc":{"start":{"line":544,"column":6},"end":{"line":547,"column":7}},"type":"if","locations":[{"start":{"line":544,"column":6},"end":{"line":547,"column":7}},{"start":{"line":544,"column":6},"end":{"line":547,"column":7}}],"line":544},"41":{"loc":{"start":{"line":561,"column":8},"end":{"line":561,"column":30}},"type":"if","locations":[{"start":{"line":561,"column":8},"end":{"line":561,"column":30}},{"start":{"line":561,"column":8},"end":{"line":561,"column":30}}],"line":561},"42":{"loc":{"start":{"line":578,"column":8},"end":{"line":580,"column":20}},"type":"if","locations":[{"start":{"line":578,"column":8},"end":{"line":580,"column":20}},{"start":{"line":578,"column":8},"end":{"line":580,"column":20}}],"line":578},"43":{"loc":{"start":{"line":583,"column":8},"end":{"line":583,"column":30}},"type":"if","locations":[{"start":{"line":583,"column":8},"end":{"line":583,"column":30}},{"start":{"line":583,"column":8},"end":{"line":583,"column":30}}],"line":583},"44":{"loc":{"start":{"line":602,"column":4},"end":{"line":620,"column":5}},"type":"if","locations":[{"start":{"line":602,"column":4},"end":{"line":620,"column":5}},{"start":{"line":602,"column":4},"end":{"line":620,"column":5}}],"line":602},"45":{"loc":{"start":{"line":628,"column":4},"end":{"line":631,"column":5}},"type":"if","locations":[{"start":{"line":628,"column":4},"end":{"line":631,"column":5}},{"start":{"line":628,"column":4},"end":{"line":631,"column":5}}],"line":628},"46":{"loc":{"start":{"line":633,"column":4},"end":{"line":636,"column":5}},"type":"if","locations":[{"start":{"line":633,"column":4},"end":{"line":636,"column":5}},{"start":{"line":633,"column":4},"end":{"line":636,"column":5}}],"line":633},"47":{"loc":{"start":{"line":633,"column":8},"end":{"line":633,"column":85}},"type":"binary-expr","locations":[{"start":{"line":633,"column":8},"end":{"line":633,"column":44}},{"start":{"line":633,"column":49},"end":{"line":633,"column":85}}],"line":633},"48":{"loc":{"start":{"line":644,"column":8},"end":{"line":644,"column":30}},"type":"if","locations":[{"start":{"line":644,"column":8},"end":{"line":644,"column":30}},{"start":{"line":644,"column":8},"end":{"line":644,"column":30}}],"line":644},"49":{"loc":{"start":{"line":645,"column":8},"end":{"line":648,"column":9}},"type":"if","locations":[{"start":{"line":645,"column":8},"end":{"line":648,"column":9}},{"start":{"line":645,"column":8},"end":{"line":648,"column":9}}],"line":645},"50":{"loc":{"start":{"line":653,"column":12},"end":{"line":653,"column":34}},"type":"if","locations":[{"start":{"line":653,"column":12},"end":{"line":653,"column":34}},{"start":{"line":653,"column":12},"end":{"line":653,"column":34}}],"line":653},"51":{"loc":{"start":{"line":654,"column":12},"end":{"line":657,"column":13}},"type":"if","locations":[{"start":{"line":654,"column":12},"end":{"line":657,"column":13}},{"start":{"line":654,"column":12},"end":{"line":657,"column":13}}],"line":654},"52":{"loc":{"start":{"line":664,"column":16},"end":{"line":664,"column":38}},"type":"if","locations":[{"start":{"line":664,"column":16},"end":{"line":664,"column":38}},{"start":{"line":664,"column":16},"end":{"line":664,"column":38}}],"line":664},"53":{"loc":{"start":{"line":668,"column":20},"end":{"line":668,"column":42}},"type":"if","locations":[{"start":{"line":668,"column":20},"end":{"line":668,"column":42}},{"start":{"line":668,"column":20},"end":{"line":668,"column":42}}],"line":668},"54":{"loc":{"start":{"line":683,"column":4},"end":{"line":686,"column":5}},"type":"if","locations":[{"start":{"line":683,"column":4},"end":{"line":686,"column":5}},{"start":{"line":683,"column":4},"end":{"line":686,"column":5}}],"line":683},"55":{"loc":{"start":{"line":692,"column":8},"end":{"line":692,"column":30}},"type":"if","locations":[{"start":{"line":692,"column":8},"end":{"line":692,"column":30}},{"start":{"line":692,"column":8},"end":{"line":692,"column":30}}],"line":692},"56":{"loc":{"start":{"line":693,"column":8},"end":{"line":695,"column":9}},"type":"if","locations":[{"start":{"line":693,"column":8},"end":{"line":695,"column":9}},{"start":{"line":693,"column":8},"end":{"line":695,"column":9}}],"line":693},"57":{"loc":{"start":{"line":699,"column":12},"end":{"line":705,"column":13}},"type":"if","locations":[{"start":{"line":699,"column":12},"end":{"line":705,"column":13}},{"start":{"line":699,"column":12},"end":{"line":705,"column":13}}],"line":699},"58":{"loc":{"start":{"line":718,"column":8},"end":{"line":718,"column":30}},"type":"if","locations":[{"start":{"line":718,"column":8},"end":{"line":718,"column":30}},{"start":{"line":718,"column":8},"end":{"line":718,"column":30}}],"line":718},"59":{"loc":{"start":{"line":731,"column":4},"end":{"line":731,"column":45}},"type":"if","locations":[{"start":{"line":731,"column":4},"end":{"line":731,"column":45}},{"start":{"line":731,"column":4},"end":{"line":731,"column":45}}],"line":731},"60":{"loc":{"start":{"line":731,"column":7},"end":{"line":731,"column":19}},"type":"binary-expr","locations":[{"start":{"line":731,"column":7},"end":{"line":731,"column":11}},{"start":{"line":731,"column":15},"end":{"line":731,"column":19}}],"line":731},"61":{"loc":{"start":{"line":731,"column":30},"end":{"line":731,"column":42}},"type":"binary-expr","locations":[{"start":{"line":731,"column":30},"end":{"line":731,"column":34}},{"start":{"line":731,"column":38},"end":{"line":731,"column":42}}],"line":731},"62":{"loc":{"start":{"line":800,"column":8},"end":{"line":803,"column":9}},"type":"if","locations":[{"start":{"line":800,"column":8},"end":{"line":803,"column":9}},{"start":{"line":800,"column":8},"end":{"line":803,"column":9}}],"line":800},"63":{"loc":{"start":{"line":804,"column":8},"end":{"line":804,"column":30}},"type":"if","locations":[{"start":{"line":804,"column":8},"end":{"line":804,"column":30}},{"start":{"line":804,"column":8},"end":{"line":804,"column":30}}],"line":804},"64":{"loc":{"start":{"line":824,"column":8},"end":{"line":824,"column":30}},"type":"if","locations":[{"start":{"line":824,"column":8},"end":{"line":824,"column":30}},{"start":{"line":824,"column":8},"end":{"line":824,"column":30}}],"line":824},"65":{"loc":{"start":{"line":825,"column":8},"end":{"line":828,"column":9}},"type":"if","locations":[{"start":{"line":825,"column":8},"end":{"line":828,"column":9}},{"start":{"line":825,"column":8},"end":{"line":828,"column":9}}],"line":825},"66":{"loc":{"start":{"line":838,"column":4},"end":{"line":841,"column":5}},"type":"if","locations":[{"start":{"line":838,"column":4},"end":{"line":841,"column":5}},{"start":{"line":838,"column":4},"end":{"line":841,"column":5}}],"line":838},"67":{"loc":{"start":{"line":845,"column":8},"end":{"line":848,"column":9}},"type":"if","locations":[{"start":{"line":845,"column":8},"end":{"line":848,"column":9}},{"start":{"line":845,"column":8},"end":{"line":848,"column":9}}],"line":845},"68":{"loc":{"start":{"line":858,"column":12},"end":{"line":858,"column":34}},"type":"if","locations":[{"start":{"line":858,"column":12},"end":{"line":858,"column":34}},{"start":{"line":858,"column":12},"end":{"line":858,"column":34}}],"line":858},"69":{"loc":{"start":{"line":871,"column":15},"end":{"line":871,"column":37}},"type":"if","locations":[{"start":{"line":871,"column":15},"end":{"line":871,"column":37}},{"start":{"line":871,"column":15},"end":{"line":871,"column":37}}],"line":871},"70":{"loc":{"start":{"line":901,"column":11},"end":{"line":901,"column":33}},"type":"if","locations":[{"start":{"line":901,"column":11},"end":{"line":901,"column":33}},{"start":{"line":901,"column":11},"end":{"line":901,"column":33}}],"line":901},"71":{"loc":{"start":{"line":910,"column":4},"end":{"line":913,"column":5}},"type":"if","locations":[{"start":{"line":910,"column":4},"end":{"line":913,"column":5}},{"start":{"line":910,"column":4},"end":{"line":913,"column":5}}],"line":910},"72":{"loc":{"start":{"line":914,"column":5},"end":{"line":914,"column":27}},"type":"if","locations":[{"start":{"line":914,"column":5},"end":{"line":914,"column":27}},{"start":{"line":914,"column":5},"end":{"line":914,"column":27}}],"line":914},"73":{"loc":{"start":{"line":933,"column":8},"end":{"line":933,"column":30}},"type":"if","locations":[{"start":{"line":933,"column":8},"end":{"line":933,"column":30}},{"start":{"line":933,"column":8},"end":{"line":933,"column":30}}],"line":933},"74":{"loc":{"start":{"line":954,"column":8},"end":{"line":954,"column":30}},"type":"if","locations":[{"start":{"line":954,"column":8},"end":{"line":954,"column":30}},{"start":{"line":954,"column":8},"end":{"line":954,"column":30}}],"line":954}},"s":{"0":1,"1":1,"2":1,"3":1,"4":1,"5":10,"6":1,"7":9,"8":1,"9":1,"10":0,"11":1,"12":1,"13":1,"14":1,"15":0,"16":1,"17":1,"18":0,"19":1,"20":1,"21":0,"22":1,"23":1,"24":0,"25":1,"26":1,"27":0,"28":0,"29":0,"30":0,"31":0,"32":0,"33":0,"34":0,"35":0,"36":0,"37":0,"38":0,"39":0,"40":0,"41":0,"42":0,"43":0,"44":0,"45":0,"46":0,"47":0,"48":0,"49":0,"50":0,"51":0,"52":0,"53":0,"54":0,"55":0,"56":0,"57":0,"58":0,"59":0,"60":0,"61":0,"62":0,"63":0,"64":0,"65":0,"66":0,"67":0,"68":0,"69":0,"70":0,"71":0,"72":0,"73":0,"74":0,"75":0,"76":0,"77":0,"78":0,"79":0,"80":0,"81":0,"82":1,"83":0,"84":0,"85":0,"86":0,"87":0,"88":0,"89":0,"90":0,"91":0,"92":0,"93":0,"94":0,"95":0,"96":0,"97":0,"98":0,"99":0,"100":0,"101":1,"102":0,"103":0,"104":0,"105":0,"106":0,"107":0,"108":1,"109":0,"110":0,"111":0,"112":0,"113":0,"114":0,"115":0,"116":0,"117":0,"118":0,"119":0,"120":0,"121":0,"122":0,"123":0,"124":0,"125":1,"126":3,"127":1,"128":1,"129":2,"130":2,"131":1,"132":1,"133":1,"134":0,"135":1,"136":1,"137":5,"138":5,"139":3,"140":3,"141":2,"142":0,"143":0,"144":2,"145":0,"146":0,"147":2,"148":2,"149":2,"150":0,"151":2,"152":1,"153":5,"154":5,"155":5,"156":5,"157":1,"158":1,"159":4,"160":2,"161":2,"162":2,"163":1,"164":1,"165":1,"166":0,"167":0,"168":1,"169":1,"170":0,"171":1,"172":1,"173":2,"174":2,"175":1,"176":1,"177":1,"178":1,"179":0,"180":1,"181":1,"182":0,"183":0,"184":0,"185":0,"186":0,"187":0,"188":0,"189":0,"190":0,"191":0,"192":0,"193":0,"194":0,"195":0,"196":0,"197":0,"198":0,"199":0,"200":0,"201":0,"202":0,"203":0,"204":0,"205":0,"206":0,"207":0,"208":0,"209":0,"210":0,"211":0,"212":0,"213":0,"214":0,"215":0,"216":0,"217":0,"218":0,"219":1,"220":0,"221":0,"222":0,"223":0,"224":0,"225":0,"226":0,"227":0,"228":0,"229":0,"230":0,"231":0,"232":0,"233":0,"234":0,"235":0,"236":0,"237":0,"238":0,"239":0,"240":0,"241":0,"242":0,"243":0,"244":0,"245":0,"246":0,"247":0,"248":0,"249":0,"250":1,"251":0,"252":0,"253":0,"254":0,"255":0,"256":0,"257":0,"258":0,"259":0,"260":0,"261":0,"262":0,"263":0,"264":1,"265":0,"266":0,"267":0,"268":0,"269":1,"270":0,"271":0,"272":0,"273":0,"274":0,"275":1,"276":0,"277":0,"278":1,"279":0,"280":0,"281":1,"282":0,"283":0,"284":1,"285":0,"286":0,"287":1,"288":0,"289":0,"290":1,"291":0,"292":0,"293":1,"294":0,"295":0,"296":0,"297":0,"298":0,"299":0,"300":0,"301":0,"302":1,"303":0,"304":0,"305":0,"306":0,"307":0,"308":0,"309":0,"310":0,"311":1,"312":0,"313":0,"314":0,"315":0,"316":0,"317":0,"318":0,"319":0,"320":0,"321":0,"322":0,"323":0,"324":0,"325":0,"326":1,"327":0,"328":0,"329":0,"330":0,"331":0,"332":0,"333":0,"334":0,"335":0,"336":0,"337":0,"338":0,"339":0,"340":0,"341":1,"342":0,"343":0,"344":0,"345":0,"346":0,"347":0,"348":0,"349":1,"350":0,"351":0,"352":0,"353":0,"354":0,"355":0},"f":{"0":10,"1":9,"2":1,"3":1,"4":1,"5":1,"6":1,"7":0,"8":0,"9":0,"10":0,"11":0,"12":0,"13":0,"14":0,"15":0,"16":0,"17":0,"18":0,"19":0,"20":0,"21":0,"22":0,"23":0,"24":0,"25":3,"26":2,"27":5,"28":5,"29":2,"30":5,"31":5,"32":1,"33":2,"34":1,"35":0,"36":0,"37":0,"38":0,"39":0,"40":0,"41":0,"42":0,"43":0,"44":0,"45":0,"46":0,"47":0,"48":0,"49":0,"50":0,"51":0,"52":0,"53":0,"54":0,"55":0,"56":0,"57":0,"58":0,"59":0,"60":0,"61":0,"62":0,"63":0,"64":0,"65":0,"66":0,"67":0,"68":0,"69":0,"70":0,"71":0,"72":0,"73":0,"74":0,"75":0,"76":0,"77":0,"78":0},"b":{"0":[0,1],"1":[0,1],"2":[0,1],"3":[0,1],"4":[0,1],"5":[0,0],"6":[0,0],"7":[0,0],"8":[0,0],"9":[0,0],"10":[0,0],"11":[0,0],"12":[0,0],"13":[0,0],"14":[0,0],"15":[0,0],"16":[0,0],"17":[0,0],"18":[0,0],"19":[0,0],"20":[0,0],"21":[0,0],"22":[0,0],"23":[1,2],"24":[1,1],"25":[0,1],"26":[3,2],"27":[0,2],"28":[2,2],"29":[0,2],"30":[0,2],"31":[1,4],"32":[2,2],"33":[1,1],"34":[2,2],"35":[0,1],"36":[0,1],"37":[1,1],"38":[0,1],"39":[0,0],"40":[0,0],"41":[0,0],"42":[0,0],"43":[0,0],"44":[0,0],"45":[0,0],"46":[0,0],"47":[0,0],"48":[0,0],"49":[0,0],"50":[0,0],"51":[0,0],"52":[0,0],"53":[0,0],"54":[0,0],"55":[0,0],"56":[0,0],"57":[0,0],"58":[0,0],"59":[0,0],"60":[0,0],"61":[0,0],"62":[0,0],"63":[0,0],"64":[0,0],"65":[0,0],"66":[0,0],"67":[0,0],"68":[0,0],"69":[0,0],"70":[0,0],"71":[0,0],"72":[0,0],"73":[0,0],"74":[0,0]},"_coverageSchema":"43e27e138ebf9cfc5966b082cf9a028302ed4184","hash":"4c4e7366f0d37b3cd6ae6a34f16c796c36a8741e"}
}
