TN:
SF:/Users/adamdixon/cpen321/testing/REST_API.js
FN:10,(anonymous_0)
FN:14,(anonymous_1)
FN:22,(anonymous_2)
FN:29,(anonymous_3)
FN:33,(anonymous_4)
FN:37,(anonymous_5)
FN:42,(anonymous_6)
FN:59,insertionSort
FN:77,generateMatch
FN:104,accept
FN:108,timeFilterMatch
FN:172,personMatchDelete
FN:177,(anonymous_12)
FN:187,matchesDelete
FN:191,(anonymous_14)
FN:207,(anonymous_15)
FN:227,(anonymous_16)
FN:245,(anonymous_17)
FN:259,(anonymous_18)
FN:279,(anonymous_19)
FN:283,(anonymous_20)
FN:305,(anonymous_21)
FN:310,(anonymous_22)
FN:328,(anonymous_23)
FN:355,(anonymous_24)
FN:360,(anonymous_25)
FN:387,(anonymous_26)
FN:390,(anonymous_27)
FN:420,(anonymous_28)
FN:447,(anonymous_29)
FN:478,(anonymous_30)
FN:485,(anonymous_31)
FN:501,(anonymous_32)
FN:509,(anonymous_33)
FN:535,(anonymous_34)
FN:539,(anonymous_35)
FN:553,(anonymous_36)
FN:561,(anonymous_37)
FN:579,(anonymous_38)
FN:596,(anonymous_39)
FN:601,(anonymous_40)
FN:618,updateRequestWait
FN:643,(anonymous_42)
FN:662,(anonymous_43)
FN:671,(anonymous_44)
FN:702,(anonymous_45)
FN:706,(anonymous_46)
FN:721,(anonymous_47)
FN:731,(anonymous_48)
FN:758,(anonymous_49)
FN:759,(anonymous_50)
FN:770,(anonymous_51)
FN:771,(anonymous_52)
FN:789,(anonymous_53)
FN:790,(anonymous_54)
FN:796,(anonymous_55)
FN:797,(anonymous_56)
FN:803,(anonymous_57)
FN:804,(anonymous_58)
FN:810,(anonymous_59)
FN:811,(anonymous_60)
FN:817,(anonymous_61)
FN:818,(anonymous_62)
FN:825,(anonymous_63)
FN:826,(anonymous_64)
FN:832,(anonymous_65)
FN:833,(anonymous_66)
FN:839,(anonymous_67)
FN:840,(anonymous_68)
FN:862,(anonymous_69)
FN:866,(anonymous_70)
FN:888,(anonymous_71)
FN:890,(anonymous_72)
FN:903,(anonymous_73)
FN:910,(anonymous_74)
FN:924,(anonymous_75)
FN:937,(anonymous_76)
FN:955,(anonymous_77)
FN:975,(anonymous_78)
FN:988,(anonymous_79)
FN:999,(anonymous_80)
FN:1008,(anonymous_81)
FN:1014,(anonymous_82)
FN:1026,(anonymous_83)
FN:1035,(anonymous_84)
FN:1041,(anonymous_85)
FNF:86
FNH:63
FNDA:125,(anonymous_0)
FNDA:46,(anonymous_1)
FNDA:3,(anonymous_2)
FNDA:3,(anonymous_3)
FNDA:3,(anonymous_4)
FNDA:3,(anonymous_5)
FNDA:3,(anonymous_6)
FNDA:2,insertionSort
FNDA:2,generateMatch
FNDA:0,accept
FNDA:2,timeFilterMatch
FNDA:6,personMatchDelete
FNDA:6,(anonymous_12)
FNDA:6,matchesDelete
FNDA:6,(anonymous_14)
FNDA:6,(anonymous_15)
FNDA:11,(anonymous_16)
FNDA:9,(anonymous_17)
FNDA:8,(anonymous_18)
FNDA:7,(anonymous_19)
FNDA:7,(anonymous_20)
FNDA:5,(anonymous_21)
FNDA:5,(anonymous_22)
FNDA:2,(anonymous_23)
FNDA:3,(anonymous_24)
FNDA:2,(anonymous_25)
FNDA:27,(anonymous_26)
FNDA:27,(anonymous_27)
FNDA:25,(anonymous_28)
FNDA:5,(anonymous_29)
FNDA:2,(anonymous_30)
FNDA:1,(anonymous_31)
FNDA:2,(anonymous_32)
FNDA:1,(anonymous_33)
FNDA:2,(anonymous_34)
FNDA:2,(anonymous_35)
FNDA:2,(anonymous_36)
FNDA:2,(anonymous_37)
FNDA:2,(anonymous_38)
FNDA:2,(anonymous_39)
FNDA:2,(anonymous_40)
FNDA:0,updateRequestWait
FNDA:8,(anonymous_42)
FNDA:6,(anonymous_43)
FNDA:4,(anonymous_44)
FNDA:4,(anonymous_45)
FNDA:4,(anonymous_46)
FNDA:4,(anonymous_47)
FNDA:3,(anonymous_48)
FNDA:0,(anonymous_49)
FNDA:0,(anonymous_50)
FNDA:0,(anonymous_51)
FNDA:0,(anonymous_52)
FNDA:0,(anonymous_53)
FNDA:0,(anonymous_54)
FNDA:0,(anonymous_55)
FNDA:0,(anonymous_56)
FNDA:0,(anonymous_57)
FNDA:0,(anonymous_58)
FNDA:0,(anonymous_59)
FNDA:0,(anonymous_60)
FNDA:0,(anonymous_61)
FNDA:0,(anonymous_62)
FNDA:0,(anonymous_63)
FNDA:0,(anonymous_64)
FNDA:0,(anonymous_65)
FNDA:0,(anonymous_66)
FNDA:0,(anonymous_67)
FNDA:0,(anonymous_68)
FNDA:4,(anonymous_69)
FNDA:4,(anonymous_70)
FNDA:1,(anonymous_71)
FNDA:1,(anonymous_72)
FNDA:16,(anonymous_73)
FNDA:15,(anonymous_74)
FNDA:14,(anonymous_75)
FNDA:14,(anonymous_76)
FNDA:3,(anonymous_77)
FNDA:1,(anonymous_78)
FNDA:1,(anonymous_79)
FNDA:3,(anonymous_80)
FNDA:3,(anonymous_81)
FNDA:2,(anonymous_82)
FNDA:1,(anonymous_83)
FNDA:1,(anonymous_84)
FNDA:0,(anonymous_85)
DA:1,3
DA:2,3
DA:4,3
DA:5,3
DA:10,3
DA:11,125
DA:14,3
DA:15,46
DA:22,3
DA:23,3
DA:25,3
DA:26,3
DA:29,3
DA:30,3
DA:33,3
DA:34,3
DA:37,3
DA:38,3
DA:42,3
DA:43,3
DA:52,3
DA:60,2
DA:61,0
DA:62,0
DA:63,0
DA:64,0
DA:65,0
DA:66,0
DA:67,0
DA:69,0
DA:70,0
DA:72,2
DA:78,2
DA:79,2
DA:80,2
DA:82,2
DA:85,2
DA:86,0
DA:88,2
DA:89,0
DA:92,0
DA:95,2
DA:97,2
DA:98,2
DA:99,0
DA:102,2
DA:105,0
DA:109,2
DA:110,2
DA:111,0
DA:112,0
DA:113,0
DA:114,0
DA:118,2
DA:173,6
DA:176,6
DA:177,6
DA:178,6
DA:179,6
DA:189,6
DA:191,6
DA:192,6
DA:193,6
DA:194,6
DA:195,6
DA:196,6
DA:197,6
DA:198,6
DA:203,6
DA:206,6
DA:207,6
DA:208,6
DA:227,3
DA:229,11
DA:231,11
DA:232,0
DA:233,0
DA:235,11
DA:236,1
DA:237,1
DA:239,10
DA:240,1
DA:241,1
DA:245,9
DA:247,9
DA:248,1
DA:249,1
DA:252,8
DA:260,8
DA:261,8
DA:279,3
DA:281,7
DA:283,7
DA:284,7
DA:285,1
DA:286,1
DA:288,6
DA:305,3
DA:306,5
DA:307,5
DA:310,5
DA:312,5
DA:313,1
DA:314,1
DA:317,4
DA:318,1
DA:319,1
DA:322,3
DA:323,1
DA:324,1
DA:328,2
DA:329,2
DA:330,2
DA:355,3
DA:356,3
DA:357,1
DA:358,1
DA:360,2
DA:361,2
DA:362,1
DA:363,1
DA:365,1
DA:366,1
DA:387,3
DA:390,27
DA:392,27
DA:393,1
DA:394,1
DA:397,26
DA:398,1
DA:399,1
DA:402,25
DA:403,0
DA:404,0
DA:407,25
DA:408,25
DA:423,25
DA:424,25
DA:447,3
DA:448,5
DA:449,5
DA:460,5
DA:461,1
DA:462,1
DA:464,4
DA:465,0
DA:466,0
DA:468,4
DA:469,1
DA:470,1
DA:473,3
DA:474,1
DA:475,1
DA:478,2
DA:480,2
DA:481,1
DA:482,1
DA:485,1
DA:486,1
DA:501,3
DA:502,2
DA:504,2
DA:505,1
DA:506,1
DA:509,1
DA:510,1
DA:511,1
DA:535,3
DA:538,2
DA:539,2
DA:540,2
DA:542,2
DA:543,2
DA:544,2
DA:545,2
DA:550,2
DA:553,2
DA:554,2
DA:556,2
DA:558,2
DA:561,2
DA:563,2
DA:564,0
DA:565,0
DA:568,2
DA:569,2
DA:574,2
DA:579,2
DA:580,2
DA:582,2
DA:589,2
DA:591,2
DA:593,2
DA:595,2
DA:596,2
DA:597,2
DA:598,0
DA:599,0
DA:601,2
DA:602,2
DA:604,2
DA:621,0
DA:624,0
DA:626,0
DA:628,0
DA:629,0
DA:634,0
DA:637,0
DA:640,0
DA:643,3
DA:644,8
DA:645,8
DA:647,8
DA:648,1
DA:649,1
DA:652,7
DA:653,1
DA:654,1
DA:662,6
DA:663,6
DA:664,6
DA:665,2
DA:666,2
DA:668,4
DA:671,4
DA:672,4
DA:673,4
DA:674,0
DA:675,0
DA:677,4
DA:681,4
DA:684,2
DA:686,2
DA:688,2
DA:689,2
DA:694,2
DA:697,2
DA:702,4
DA:703,4
DA:706,4
DA:707,4
DA:709,4
DA:710,4
DA:721,3
DA:723,4
DA:724,1
DA:725,1
DA:728,3
DA:731,3
DA:732,3
DA:733,3
DA:734,1
DA:735,1
DA:738,2
DA:740,145
DA:742,2
DA:749,2
DA:750,2
DA:758,3
DA:759,0
DA:760,0
DA:761,0
DA:770,3
DA:771,0
DA:772,0
DA:773,0
DA:774,0
DA:775,0
DA:778,0
DA:779,0
DA:781,0
DA:782,0
DA:783,0
DA:789,3
DA:790,0
DA:792,0
DA:796,3
DA:797,0
DA:799,0
DA:803,3
DA:804,0
DA:806,0
DA:810,3
DA:811,0
DA:813,0
DA:817,3
DA:818,0
DA:820,0
DA:825,3
DA:826,0
DA:828,0
DA:832,3
DA:833,0
DA:835,0
DA:839,3
DA:840,0
DA:842,0
DA:862,3
DA:863,4
DA:866,4
DA:867,4
DA:868,1
DA:869,1
DA:871,3
DA:872,3
DA:888,3
DA:889,1
DA:890,1
DA:891,1
DA:892,1
DA:893,0
DA:894,0
DA:896,1
DA:903,3
DA:905,16
DA:906,1
DA:907,1
DA:910,15
DA:912,15
DA:913,1
DA:914,1
DA:918,14
DA:925,14
DA:929,14
DA:938,14
DA:940,14
DA:955,3
DA:956,3
DA:957,0
DA:958,0
DA:960,3
DA:961,2
DA:962,2
DA:965,1
DA:967,1
DA:976,1
DA:982,1
DA:983,1
DA:988,1
DA:989,1
DA:990,1
DA:999,3
DA:1003,3
DA:1004,5
DA:1007,3
DA:1008,3
DA:1009,3
DA:1010,3
DA:1011,1
DA:1012,1
DA:1014,2
DA:1015,2
DA:1016,2
DA:1026,3
DA:1034,1
DA:1035,1
DA:1036,1
DA:1037,1
DA:1038,1
DA:1039,1
DA:1041,0
DA:1042,0
DA:1043,0
LF:363
LH:289
BRDA:23,0,0,0
BRDA:23,0,1,3
BRDA:30,1,0,0
BRDA:30,1,1,3
BRDA:34,2,0,0
BRDA:34,2,1,3
BRDA:38,3,0,0
BRDA:38,3,1,3
BRDA:43,4,0,0
BRDA:43,4,1,3
BRDA:64,5,0,0
BRDA:64,5,1,0
BRDA:105,6,0,0
BRDA:105,6,1,0
BRDA:113,7,0,0
BRDA:113,7,1,0
BRDA:178,8,0,0
BRDA:178,8,1,6
BRDA:192,9,0,0
BRDA:192,9,1,6
BRDA:203,10,0,6
BRDA:203,10,1,0
BRDA:208,11,0,0
BRDA:208,11,1,6
BRDA:231,12,0,0
BRDA:231,12,1,11
BRDA:235,13,0,1
BRDA:235,13,1,10
BRDA:239,14,0,1
BRDA:239,14,1,9
BRDA:239,15,0,10
BRDA:239,15,1,10
BRDA:247,16,0,1
BRDA:247,16,1,8
BRDA:260,17,0,0
BRDA:260,17,1,8
BRDA:284,18,0,1
BRDA:284,18,1,6
BRDA:312,19,0,1
BRDA:312,19,1,4
BRDA:317,20,0,1
BRDA:317,20,1,3
BRDA:322,21,0,1
BRDA:322,21,1,2
BRDA:329,22,0,0
BRDA:329,22,1,2
BRDA:356,23,0,1
BRDA:356,23,1,2
BRDA:361,24,0,1
BRDA:361,24,1,1
BRDA:365,25,0,0
BRDA:365,25,1,1
BRDA:392,26,0,1
BRDA:392,26,1,26
BRDA:397,27,0,1
BRDA:397,27,1,25
BRDA:397,28,0,26
BRDA:397,28,1,26
BRDA:402,29,0,0
BRDA:402,29,1,25
BRDA:423,30,0,0
BRDA:423,30,1,25
BRDA:460,31,0,1
BRDA:460,31,1,4
BRDA:464,32,0,0
BRDA:464,32,1,4
BRDA:468,33,0,1
BRDA:468,33,1,3
BRDA:473,34,0,1
BRDA:473,34,1,2
BRDA:473,35,0,3
BRDA:473,35,1,3
BRDA:480,36,0,1
BRDA:480,36,1,1
BRDA:504,37,0,1
BRDA:504,37,1,1
BRDA:510,38,0,0
BRDA:510,38,1,1
BRDA:540,39,0,0
BRDA:540,39,1,2
BRDA:554,40,0,0
BRDA:554,40,1,2
BRDA:563,41,0,0
BRDA:563,41,1,2
BRDA:580,42,0,0
BRDA:580,42,1,2
BRDA:597,43,0,0
BRDA:597,43,1,2
BRDA:602,44,0,0
BRDA:602,44,1,2
BRDA:621,45,0,0
BRDA:621,45,1,0
BRDA:647,46,0,1
BRDA:647,46,1,7
BRDA:652,47,0,1
BRDA:652,47,1,6
BRDA:652,48,0,7
BRDA:652,48,1,6
BRDA:663,49,0,0
BRDA:663,49,1,6
BRDA:664,50,0,2
BRDA:664,50,1,4
BRDA:672,51,0,0
BRDA:672,51,1,4
BRDA:673,52,0,0
BRDA:673,52,1,4
BRDA:681,53,0,2
BRDA:681,53,1,2
BRDA:703,54,0,0
BRDA:703,54,1,4
BRDA:707,55,0,0
BRDA:707,55,1,4
BRDA:723,56,0,1
BRDA:723,56,1,3
BRDA:732,57,0,0
BRDA:732,57,1,3
BRDA:733,58,0,1
BRDA:733,58,1,2
BRDA:740,59,0,2
BRDA:740,59,1,143
BRDA:760,60,0,0
BRDA:760,60,1,0
BRDA:772,61,0,0
BRDA:772,61,1,0
BRDA:773,62,0,0
BRDA:773,62,1,0
BRDA:781,63,0,0
BRDA:781,63,1,0
BRDA:781,64,0,0
BRDA:781,64,1,0
BRDA:781,65,0,0
BRDA:781,65,1,0
BRDA:867,66,0,1
BRDA:867,66,1,3
BRDA:871,67,0,0
BRDA:871,67,1,3
BRDA:891,68,0,0
BRDA:891,68,1,1
BRDA:892,69,0,0
BRDA:892,69,1,1
BRDA:905,70,0,1
BRDA:905,70,1,15
BRDA:912,71,0,1
BRDA:912,71,1,14
BRDA:925,72,0,0
BRDA:925,72,1,14
BRDA:938,73,0,0
BRDA:938,73,1,14
BRDA:956,74,0,0
BRDA:956,74,1,3
BRDA:960,75,0,2
BRDA:960,75,1,1
BRDA:976,76,0,0
BRDA:976,76,1,1
BRDA:989,77,0,0
BRDA:989,77,1,1
BRDA:1009,78,0,0
BRDA:1009,78,1,3
BRDA:1010,79,0,1
BRDA:1010,79,1,2
BRDA:1015,80,0,0
BRDA:1015,80,1,2
BRDA:1036,81,0,0
BRDA:1036,81,1,1
BRDA:1037,82,0,1
BRDA:1037,82,1,0
BRDA:1042,83,0,0
BRDA:1042,83,1,0
BRF:168
BRH:105
end_of_record
