TN:
SF:/Users/adamdixon/cpen321/testing/REST_API.js
FN:10,(anonymous_0)
FN:14,(anonymous_1)
FN:22,(anonymous_2)
FN:29,(anonymous_3)
FN:33,(anonymous_4)
FN:37,(anonymous_5)
FN:42,(anonymous_6)
FN:59,insertionSort
FN:77,generateMatch
FN:102,accept
FN:106,timeFilterMatch
FN:170,personMatchDelete
FN:175,(anonymous_12)
FN:185,matchesDelete
FN:189,(anonymous_14)
FN:205,(anonymous_15)
FN:225,(anonymous_16)
FN:243,(anonymous_17)
FN:257,(anonymous_18)
FN:277,(anonymous_19)
FN:281,(anonymous_20)
FN:303,(anonymous_21)
FN:308,(anonymous_22)
FN:326,(anonymous_23)
FN:353,(anonymous_24)
FN:358,(anonymous_25)
FN:385,(anonymous_26)
FN:388,(anonymous_27)
FN:418,(anonymous_28)
FN:445,(anonymous_29)
FN:459,(anonymous_30)
FN:480,(anonymous_31)
FN:497,(anonymous_32)
FN:505,(anonymous_33)
FN:527,(anonymous_34)
FN:534,(anonymous_35)
FN:542,(anonymous_36)
FN:560,(anonymous_37)
FN:577,(anonymous_38)
FN:582,(anonymous_39)
FN:599,updateRequestWait
FN:624,(anonymous_41)
FN:643,(anonymous_42)
FN:652,(anonymous_43)
FN:663,(anonymous_44)
FN:667,(anonymous_45)
FN:681,(anonymous_46)
FN:691,(anonymous_47)
FN:716,(anonymous_48)
FN:717,(anonymous_49)
FN:728,(anonymous_50)
FN:737,(anonymous_51)
FN:738,(anonymous_52)
FN:744,(anonymous_53)
FN:745,(anonymous_54)
FN:751,(anonymous_55)
FN:752,(anonymous_56)
FN:758,(anonymous_57)
FN:759,(anonymous_58)
FN:766,(anonymous_59)
FN:767,(anonymous_60)
FN:773,(anonymous_61)
FN:774,(anonymous_62)
FN:796,(anonymous_63)
FN:799,(anonymous_64)
FN:821,(anonymous_65)
FN:823,(anonymous_66)
FN:836,(anonymous_67)
FN:843,(anonymous_68)
FN:857,(anonymous_69)
FN:870,(anonymous_70)
FN:888,(anonymous_71)
FN:900,(anonymous_72)
FN:909,(anonymous_73)
FN:924,(anonymous_74)
FN:932,(anonymous_75)
FN:944,(anonymous_76)
FN:953,(anonymous_77)
FNF:78
FNH:28
FNDA:25,(anonymous_0)
FNDA:17,(anonymous_1)
FNDA:3,(anonymous_2)
FNDA:3,(anonymous_3)
FNDA:3,(anonymous_4)
FNDA:3,(anonymous_5)
FNDA:3,(anonymous_6)
FNDA:0,insertionSort
FNDA:0,generateMatch
FNDA:0,accept
FNDA:0,timeFilterMatch
FNDA:0,personMatchDelete
FNDA:0,(anonymous_12)
FNDA:0,matchesDelete
FNDA:0,(anonymous_14)
FNDA:0,(anonymous_15)
FNDA:5,(anonymous_16)
FNDA:2,(anonymous_17)
FNDA:1,(anonymous_18)
FNDA:1,(anonymous_19)
FNDA:1,(anonymous_20)
FNDA:2,(anonymous_21)
FNDA:2,(anonymous_22)
FNDA:0,(anonymous_23)
FNDA:3,(anonymous_24)
FNDA:2,(anonymous_25)
FNDA:8,(anonymous_26)
FNDA:8,(anonymous_27)
FNDA:3,(anonymous_28)
FNDA:5,(anonymous_29)
FNDA:5,(anonymous_30)
FNDA:1,(anonymous_31)
FNDA:2,(anonymous_32)
FNDA:1,(anonymous_33)
FNDA:0,(anonymous_34)
FNDA:0,(anonymous_35)
FNDA:0,(anonymous_36)
FNDA:0,(anonymous_37)
FNDA:0,(anonymous_38)
FNDA:0,(anonymous_39)
FNDA:0,updateRequestWait
FNDA:5,(anonymous_41)
FNDA:3,(anonymous_42)
FNDA:0,(anonymous_43)
FNDA:0,(anonymous_44)
FNDA:0,(anonymous_45)
FNDA:1,(anonymous_46)
FNDA:1,(anonymous_47)
FNDA:0,(anonymous_48)
FNDA:0,(anonymous_49)
FNDA:0,(anonymous_50)
FNDA:0,(anonymous_51)
FNDA:0,(anonymous_52)
FNDA:0,(anonymous_53)
FNDA:0,(anonymous_54)
FNDA:0,(anonymous_55)
FNDA:0,(anonymous_56)
FNDA:0,(anonymous_57)
FNDA:0,(anonymous_58)
FNDA:0,(anonymous_59)
FNDA:0,(anonymous_60)
FNDA:0,(anonymous_61)
FNDA:0,(anonymous_62)
FNDA:0,(anonymous_63)
FNDA:0,(anonymous_64)
FNDA:0,(anonymous_65)
FNDA:0,(anonymous_66)
FNDA:0,(anonymous_67)
FNDA:0,(anonymous_68)
FNDA:0,(anonymous_69)
FNDA:0,(anonymous_70)
FNDA:0,(anonymous_71)
FNDA:0,(anonymous_72)
FNDA:0,(anonymous_73)
FNDA:0,(anonymous_74)
FNDA:0,(anonymous_75)
FNDA:0,(anonymous_76)
FNDA:0,(anonymous_77)
DA:1,3
DA:2,3
DA:4,3
DA:5,3
DA:10,3
DA:11,25
DA:14,3
DA:15,17
DA:22,3
DA:23,3
DA:25,3
DA:26,3
DA:29,3
DA:30,3
DA:33,3
DA:34,3
DA:37,3
DA:38,3
DA:42,3
DA:43,3
DA:52,3
DA:60,0
DA:61,0
DA:62,0
DA:63,0
DA:64,0
DA:65,0
DA:66,0
DA:67,0
DA:69,0
DA:70,0
DA:72,0
DA:80,0
DA:83,0
DA:84,0
DA:86,0
DA:87,0
DA:90,0
DA:93,0
DA:95,0
DA:96,0
DA:97,0
DA:100,0
DA:103,0
DA:107,0
DA:108,0
DA:109,0
DA:110,0
DA:111,0
DA:112,0
DA:116,0
DA:171,0
DA:174,0
DA:175,0
DA:176,0
DA:177,0
DA:187,0
DA:189,0
DA:190,0
DA:191,0
DA:192,0
DA:193,0
DA:194,0
DA:195,0
DA:196,0
DA:201,0
DA:204,0
DA:205,0
DA:206,0
DA:225,3
DA:227,5
DA:229,5
DA:230,1
DA:231,1
DA:233,4
DA:234,1
DA:235,1
DA:237,3
DA:238,1
DA:239,1
DA:243,2
DA:245,2
DA:246,1
DA:247,1
DA:250,1
DA:258,1
DA:259,1
DA:277,3
DA:279,1
DA:281,1
DA:282,1
DA:283,1
DA:284,1
DA:286,0
DA:303,3
DA:304,2
DA:305,2
DA:308,2
DA:310,2
DA:311,1
DA:312,1
DA:315,1
DA:316,1
DA:317,1
DA:320,0
DA:321,0
DA:322,0
DA:326,0
DA:327,0
DA:328,0
DA:353,3
DA:354,3
DA:355,1
DA:356,1
DA:358,2
DA:359,2
DA:360,1
DA:361,1
DA:363,1
DA:364,1
DA:385,3
DA:388,8
DA:390,8
DA:391,4
DA:392,4
DA:395,4
DA:396,1
DA:397,1
DA:400,3
DA:401,0
DA:402,0
DA:405,3
DA:406,3
DA:421,3
DA:422,3
DA:445,3
DA:446,5
DA:447,5
DA:459,5
DA:460,5
DA:461,1
DA:462,1
DA:465,4
DA:466,2
DA:467,2
DA:470,2
DA:471,1
DA:472,1
DA:475,1
DA:476,0
DA:477,0
DA:480,1
DA:481,1
DA:482,1
DA:497,3
DA:498,2
DA:500,2
DA:501,1
DA:502,1
DA:505,1
DA:506,1
DA:507,1
DA:527,3
DA:531,0
DA:534,0
DA:535,0
DA:537,0
DA:539,0
DA:542,0
DA:544,0
DA:545,0
DA:546,0
DA:549,0
DA:550,0
DA:555,0
DA:560,0
DA:561,0
DA:563,0
DA:570,0
DA:572,0
DA:574,0
DA:576,0
DA:577,0
DA:578,0
DA:579,0
DA:580,0
DA:582,0
DA:583,0
DA:585,0
DA:602,0
DA:605,0
DA:607,0
DA:609,0
DA:610,0
DA:615,0
DA:618,0
DA:621,0
DA:624,3
DA:625,5
DA:626,5
DA:628,5
DA:629,1
DA:630,1
DA:633,4
DA:634,1
DA:635,1
DA:643,3
DA:644,3
DA:645,3
DA:646,3
DA:647,3
DA:649,0
DA:652,0
DA:653,0
DA:654,0
DA:655,0
DA:656,0
DA:658,0
DA:660,0
DA:663,0
DA:664,0
DA:667,0
DA:668,0
DA:670,0
DA:681,3
DA:683,1
DA:684,0
DA:685,0
DA:688,1
DA:691,1
DA:692,1
DA:693,1
DA:694,1
DA:697,1
DA:699,0
DA:701,0
DA:708,1
DA:716,3
DA:717,0
DA:718,0
DA:719,0
DA:728,3
DA:729,0
DA:730,0
DA:731,0
DA:732,0
DA:737,3
DA:738,0
DA:740,0
DA:744,3
DA:745,0
DA:747,0
DA:751,3
DA:752,0
DA:754,0
DA:758,3
DA:759,0
DA:761,0
DA:766,3
DA:767,0
DA:769,0
DA:773,3
DA:774,0
DA:776,0
DA:796,3
DA:797,0
DA:799,0
DA:800,0
DA:801,0
DA:802,0
DA:804,0
DA:805,0
DA:821,3
DA:822,0
DA:823,0
DA:824,0
DA:825,0
DA:826,0
DA:827,0
DA:829,0
DA:836,3
DA:838,0
DA:839,0
DA:840,0
DA:843,0
DA:845,0
DA:846,0
DA:847,0
DA:851,0
DA:858,0
DA:862,0
DA:871,0
DA:873,0
DA:888,3
DA:890,0
DA:892,0
DA:901,0
DA:903,0
DA:907,0
DA:908,0
DA:909,0
DA:910,0
DA:911,0
DA:912,0
DA:914,0
DA:915,0
DA:924,3
DA:927,0
DA:928,0
DA:931,0
DA:932,0
DA:933,0
DA:934,0
DA:944,3
DA:949,0
DA:952,0
DA:953,0
DA:954,0
DA:955,0
LF:319
LH:141
BRDA:23,0,0,0
BRDA:23,0,1,3
BRDA:30,1,0,0
BRDA:30,1,1,3
BRDA:34,2,0,0
BRDA:34,2,1,3
BRDA:38,3,0,0
BRDA:38,3,1,3
BRDA:43,4,0,0
BRDA:43,4,1,3
BRDA:64,5,0,0
BRDA:64,5,1,0
BRDA:103,6,0,0
BRDA:103,6,1,0
BRDA:111,7,0,0
BRDA:111,7,1,0
BRDA:176,8,0,0
BRDA:176,8,1,0
BRDA:190,9,0,0
BRDA:190,9,1,0
BRDA:201,10,0,0
BRDA:201,10,1,0
BRDA:206,11,0,0
BRDA:206,11,1,0
BRDA:229,12,0,1
BRDA:229,12,1,4
BRDA:233,13,0,1
BRDA:233,13,1,3
BRDA:237,14,0,1
BRDA:237,14,1,2
BRDA:237,15,0,3
BRDA:237,15,1,3
BRDA:245,16,0,1
BRDA:245,16,1,1
BRDA:258,17,0,0
BRDA:258,17,1,1
BRDA:282,18,0,1
BRDA:282,18,1,0
BRDA:310,19,0,1
BRDA:310,19,1,1
BRDA:315,20,0,1
BRDA:315,20,1,0
BRDA:320,21,0,0
BRDA:320,21,1,0
BRDA:327,22,0,0
BRDA:327,22,1,0
BRDA:354,23,0,1
BRDA:354,23,1,2
BRDA:359,24,0,1
BRDA:359,24,1,1
BRDA:363,25,0,0
BRDA:363,25,1,1
BRDA:390,26,0,4
BRDA:390,26,1,4
BRDA:395,27,0,1
BRDA:395,27,1,3
BRDA:395,28,0,4
BRDA:395,28,1,4
BRDA:400,29,0,0
BRDA:400,29,1,3
BRDA:421,30,0,0
BRDA:421,30,1,3
BRDA:460,31,0,1
BRDA:460,31,1,4
BRDA:465,32,0,2
BRDA:465,32,1,2
BRDA:470,33,0,1
BRDA:470,33,1,1
BRDA:470,34,0,2
BRDA:470,34,1,2
BRDA:475,35,0,0
BRDA:475,35,1,1
BRDA:481,36,0,0
BRDA:481,36,1,1
BRDA:500,37,0,1
BRDA:500,37,1,1
BRDA:506,38,0,0
BRDA:506,38,1,1
BRDA:535,39,0,0
BRDA:535,39,1,0
BRDA:544,40,0,0
BRDA:544,40,1,0
BRDA:561,41,0,0
BRDA:561,41,1,0
BRDA:578,42,0,0
BRDA:578,42,1,0
BRDA:583,43,0,0
BRDA:583,43,1,0
BRDA:602,44,0,0
BRDA:602,44,1,0
BRDA:628,45,0,1
BRDA:628,45,1,4
BRDA:633,46,0,1
BRDA:633,46,1,3
BRDA:633,47,0,4
BRDA:633,47,1,3
BRDA:644,48,0,0
BRDA:644,48,1,3
BRDA:645,49,0,3
BRDA:645,49,1,0
BRDA:653,50,0,0
BRDA:653,50,1,0
BRDA:654,51,0,0
BRDA:654,51,1,0
BRDA:664,52,0,0
BRDA:664,52,1,0
BRDA:668,53,0,0
BRDA:668,53,1,0
BRDA:683,54,0,0
BRDA:683,54,1,1
BRDA:692,55,0,0
BRDA:692,55,1,1
BRDA:693,56,0,1
BRDA:693,56,1,0
BRDA:699,57,0,0
BRDA:699,57,1,0
BRDA:718,58,0,0
BRDA:718,58,1,0
BRDA:731,59,0,0
BRDA:731,59,1,0
BRDA:731,60,0,0
BRDA:731,60,1,0
BRDA:731,61,0,0
BRDA:731,61,1,0
BRDA:800,62,0,0
BRDA:800,62,1,0
BRDA:804,63,0,0
BRDA:804,63,1,0
BRDA:824,64,0,0
BRDA:824,64,1,0
BRDA:825,65,0,0
BRDA:825,65,1,0
BRDA:838,66,0,0
BRDA:838,66,1,0
BRDA:845,67,0,0
BRDA:845,67,1,0
BRDA:858,68,0,0
BRDA:858,68,1,0
BRDA:871,69,0,0
BRDA:871,69,1,0
BRDA:901,70,0,0
BRDA:901,70,1,0
BRDA:910,71,0,0
BRDA:910,71,1,0
BRDA:914,72,0,0
BRDA:914,72,1,0
BRDA:933,73,0,0
BRDA:933,73,1,0
BRDA:954,74,0,0
BRDA:954,74,1,0
BRF:150
BRH:57
end_of_record
TN:
SF:/Users/adamdixon/cpen321/testing/server.js
FN:10,(anonymous_0)
FNF:1
FNH:1
FNDA:1,(anonymous_0)
DA:2,1
DA:3,1
DA:8,1
DA:10,1
DA:11,1
LF:5
LH:5
BRF:0
BRH:0
end_of_record
